20260215 LOGIN-AUDIT##########Sauravkd
20260215 SMS-LOG###Sauravkd###OTP###108321
20260215 USERID###Sauravkd###JWT###eyJ0eXAiOiJKV1QiLCJhbGciOiJIUzI1NiJ9.eyJTdWIiOiJsb2dpbnRva2VuIiwiVXNlck5hbWUiOiJTYXVyYXZrZCIsIkRpc3RfY29kZSI6IjI5NyIsIkNpcl9jb2RlIjoiMTAwMDAwMDAwMTcyMjEiLCJOYW1lIjoiXHUwOWI4XHUwOWNjXHUwOWYwXHUwOWFkIFx1MDk5NVx1MDljMVx1MDlhZVx1MDliZVx1MDlmMCBcdTA5YTZcdTA5YmVcdTA5YjgiLCJEZXNpZ25hdGlvbiI6IkNPIiwiVXNlckNvZGUiOiJDTzM4IiwiUGFyZW50VXNlckNvZGUiOiJBREMxMyIsIlBhcmVudFVzZXJOYW1lIjoiTkEiLCJVc2VyU3RhdHVzVXBkYXRlZCI6bnVsbCwiQ2xpZW50X0lQIjoiMTQxLjE0OC4yMDkuMjEzIiwiU2Vzc19vdXQiOiJodHRwczpcL1wvZGhhcml0cmVlLmFzc2FtLmdvdi5pblwvIn0.MKFNOAC7PCsx794g-xRv068AJFqhFiL7jVUkhMP6-Hg
20260215 LOGIN-AUDIT##########LRA@13
20260215 SMS-LOG###LRA@13###OTP###224360
20260215 Insert-Failed Data: {"user_id":"LRA@13","mobile_no":"9678300604","otp":"****60","ip":"172.16.24.43"}
20260215 LOGIN-AUDIT##########RanjanLM
20260215 SMS-LOG###RanjanLM###OTP###382277
20260215 Insert-Failed Data: {"user_id":"RanjanLM","mobile_no":"8133879498","otp":"****77","ip":"172.16.24.43"}
20260215 LOGIN-AUDIT##########jrajak
20260215 SMS-LOG###jrajak###OTP###308548
20260215 Insert-Failed Data: {"user_id":"jrajak","mobile_no":"7086442900","otp":"****48","ip":"172.16.24.43"}
20260215 USERID###jrajak###JWT###eyJ0eXAiOiJKV1QiLCJhbGciOiJIUzI1NiJ9.eyJTdWIiOiJsb2dpbnRva2VuIiwiVXNlck5hbWUiOiJqcmFqYWsiLCJEaXN0X2NvZGUiOiIzMDIiLCJDaXJfY29kZSI6IjEwMDAwMDAwMDEyNjc1IiwiTmFtZSI6Ilx1MDliNlx1MDljZFx1MDlmMFx1MDljMCBcdTA5OWNcdTA5YWZcdTA5YmNcdTA5YTZcdTA5YzBcdTA5YWEgXHUwOWYwXHUwOTljXHUwOTk1IiwiRGVzaWduYXRpb24iOiJDTyIsIlVzZXJDb2RlIjoiQ08zNyIsIlBhcmVudFVzZXJDb2RlIjoiQURDMTEiLCJQYXJlbnRVc2VyTmFtZSI6Ik5BIiwiVXNlclN0YXR1c1VwZGF0ZWQiOm51bGwsIkNsaWVudF9JUCI6IjE3Mi4xNi4yNC40MyIsIlNlc3Nfb3V0IjoiaHR0cHM6XC9cL2RoYXJpdHJlZS5hc3NhbS5nb3YuaW5cLyJ9.cj0TD6RjcvwVyNnDTtYr7Oh8qRHPUBO8noOnoVU1_k0
20260215 LOGIN-AUDIT##########adc_kartikdbb
20260215 SMS-LOG###adc_kartikdbb###OTP###392945
20260215 USERID###adc_kartikdbb###JWT###eyJ0eXAiOiJKV1QiLCJhbGciOiJIUzI1NiJ9.eyJTdWIiOiJsb2dpbnRva2VuIiwiVXNlck5hbWUiOiJhZGNfa2FydGlrZGJiIiwiRGlzdF9jb2RlIjoiMjg1IiwiQ2lyX2NvZGUiOiIxMDAwMDAwMDAwMDgxNCIsIk5hbWUiOiJcdTA5OTVcdTA5YmVcdTA5ZjBcdTA5Y2RcdTA5YTRcdTA5YmZcdTA5OTUgXHUwOTk1XHUwOWIyXHUwOWJmXHUwOWE0XHUwOWJlIiwiRGVzaWduYXRpb24iOiJBREMiLCJVc2VyQ29kZSI6IkFEQzE1IiwiUGFyZW50VXNlckNvZGUiOiJEQzYiLCJQYXJlbnRVc2VyTmFtZSI6Ik5BIiwiVXNlclN0YXR1c1VwZGF0ZWQiOm51bGwsIkNsaWVudF9JUCI6IjE3Mi4xNi4yNC40MyIsIlNlc3Nfb3V0IjoiaHR0cHM6XC9cL2RoYXJpdHJlZS5hc3NhbS5nb3YuaW5cLyJ9.E731Ip3EYXHZ2LqXrsPn0uKcI0np34tLdNWy97yNVJY
20260215 LOGIN-AUDIT##########tajuddinlra1
20260215 SMS-LOG###tajuddinlra1###OTP###295599
20260215 LOGIN-AUDIT##########tajuddinlra1
20260215 SMS-LOG###tajuddinlra1###OTP###440275
20260215 LOGIN-AUDIT##########anowarul23
20260215 SMS-LOG###anowarul23###OTP###266115
20260215 LOGIN-AUDIT##########anowarul5
20260215 SMS-LOG###anowarul5###OTP###423833
20260215 LOGIN-AUDIT##########rana22
20260215 SMS-LOG###rana22###OTP###393822
20260215 Insert-Failed Data: {"user_id":"rana22","mobile_no":"7002292429","otp":"****22","ip":"172.16.24.43"}
20260215 LOGIN-AUDIT##########anowarul5
20260215 SMS-LOG###anowarul5###OTP###985010
20260215 LOGIN-AUDIT##########conao_biswajit
20260215 SMS-LOG###conao_biswajit###OTP###942456
20260215 USERID###conao_biswajit###JWT###eyJ0eXAiOiJKV1QiLCJhbGciOiJIUzI1NiJ9.eyJTdWIiOiJsb2dpbnRva2VuIiwiVXNlck5hbWUiOiJjb25hb19iaXN3YWppdCIsIkRpc3RfY29kZSI6IjI5NSIsIkNpcl9jb2RlIjoiMTAwMDAwMDAwMDcwNjQiLCJOYW1lIjoiQmlzd2FqaXQgQm9yYWgiLCJEZXNpZ25hdGlvbiI6IkNPIiwiVXNlckNvZGUiOiJDTzI0IiwiUGFyZW50VXNlckNvZGUiOiJBREMxMSIsIlBhcmVudFVzZXJOYW1lIjoiTkEiLCJVc2VyU3RhdHVzVXBkYXRlZCI6bnVsbCwiQ2xpZW50X0lQIjoiMTcyLjE2LjI0LjQzIiwiU2Vzc19vdXQiOiJodHRwczpcL1wvZGhhcml0cmVlLmFzc2FtLmdvdi5pblwvIn0.a5D5F18jO7MiUpYklw2AykUK9wKPcQ_uRDcYZCBDcWE
20260215 LOGIN-AUDIT##########dinesh@07
20260215 SMS-LOG###dinesh@07###OTP###877491
20260215 Insert-Failed Data: {"user_id":"dinesh@07","mobile_no":"7002936231","otp":"****91","ip":"172.16.24.43"}
20260215 LOGIN-AUDIT##########bikash6
20260215 SMS-LOG###bikash6###OTP###561906
20260215 Insert-Failed Data: {"user_id":"bikash6","mobile_no":"8638949062","otp":"****06","ip":"172.16.24.43"}
20260215 LOGIN-AUDIT##########dinesh@07
20260215 SMS-LOG###dinesh@07###OTP###286202
20260215 Insert-Failed Data: {"user_id":"dinesh@07","mobile_no":"7002936231","otp":"****02","ip":"144.24.115.164"}
20260215 LOGIN-AUDIT##########bikash6
20260215 SMS-LOG###bikash6###OTP###289902
20260215 Insert-Failed Data: {"user_id":"bikash6","mobile_no":"8638949062","otp":"****02","ip":"172.16.24.43"}
20260215 LOGIN-AUDIT##########adc_kartikdbb
20260215 SMS-LOG###adc_kartikdbb###OTP###842898
20260215 USERID###adc_kartikdbb###JWT###eyJ0eXAiOiJKV1QiLCJhbGciOiJIUzI1NiJ9.eyJTdWIiOiJsb2dpbnRva2VuIiwiVXNlck5hbWUiOiJhZGNfa2FydGlrZGJiIiwiRGlzdF9jb2RlIjoiMjg1IiwiQ2lyX2NvZGUiOiIxMDAwMDAwMDAwMDgxNCIsIk5hbWUiOiJcdTA5OTVcdTA5YmVcdTA5ZjBcdTA5Y2RcdTA5YTRcdTA5YmZcdTA5OTUgXHUwOTk1XHUwOWIyXHUwOWJmXHUwOWE0XHUwOWJlIiwiRGVzaWduYXRpb24iOiJBREMiLCJVc2VyQ29kZSI6IkFEQzE1IiwiUGFyZW50VXNlckNvZGUiOiJEQzYiLCJQYXJlbnRVc2VyTmFtZSI6Ik5BIiwiVXNlclN0YXR1c1VwZGF0ZWQiOm51bGwsIkNsaWVudF9JUCI6IjE3Mi4xNi4yNC40MyIsIlNlc3Nfb3V0IjoiaHR0cHM6XC9cL2RoYXJpdHJlZS5hc3NhbS5nb3YuaW5cLyJ9.E731Ip3EYXHZ2LqXrsPn0uKcI0np34tLdNWy97yNVJY
20260215 LOGIN-AUDIT##########priyanka92
20260215 SMS-LOG###priyanka92###OTP###979628
20260215 LOGIN-AUDIT##########Dhan5
20260215 SMS-LOG###Dhan5###OTP###781946
20260215 Insert-Failed Data: {"user_id":"Dhan5","mobile_no":"7002006894","otp":"****46","ip":"141.148.209.213"}
20260215 USERID###priyanka92###JWT###eyJ0eXAiOiJKV1QiLCJhbGciOiJIUzI1NiJ9.eyJTdWIiOiJsb2dpbnRva2VuIiwiVXNlck5hbWUiOiJwcml5YW5rYTkyIiwiRGlzdF9jb2RlIjoiMjk2IiwiQ2lyX2NvZGUiOiIxMDAwMDAwMDAxNjM3OSIsIk5hbWUiOiIgXHUwOWFhXHUwOWNkXHUwOWYwXHUwOWJmXHUwOWFmXHUwOWJjXHUwOTgyXHUwOTk1XHUwOWJlIFx1MDk5N1x1MDk5N1x1MDljOCIsIkRlc2lnbmF0aW9uIjoiQ08iLCJVc2VyQ29kZSI6IkNPMjMiLCJQYXJlbnRVc2VyQ29kZSI6IkFEQzEzIiwiUGFyZW50VXNlck5hbWUiOiJOQSIsIlVzZXJTdGF0dXNVcGRhdGVkIjpudWxsLCJDbGllbnRfSVAiOiIxNzIuMTYuMjQuNDMiLCJTZXNzX291dCI6Imh0dHBzOlwvXC9kaGFyaXRyZWUuYXNzYW0uZ292LmluXC8ifQ.kax-xANnQEA5lIMpbv9CKGlvD35Ee3u2y7Eegm2hulM
20260215 LOGIN-AUDIT##########anthonyt17
20260215 SMS-LOG###anthonyt17###OTP###404557
20260215 LOGIN-AUDIT##########atepari18
20260215 SMS-LOG###atepari18###OTP###631785
20260215 LOGIN-AUDIT##########Nur15
20260215 SMS-LOG###Nur15###OTP###430134
20260215 Insert-Failed Data: {"user_id":"Nur15","mobile_no":"9101741347","otp":"****34","ip":"172.16.24.43"}
20260215 LOGIN-AUDIT##########hafizur
20260215 SMS-LOG###hafizur###OTP###914949
20260215 LOGIN-AUDIT##########Ajim@lot1
20260215 SMS-LOG###Ajim@lot1###OTP###426359
20260215 Insert-Failed Data: {"user_id":"Ajim@lot1","mobile_no":"9678533477","otp":"****59","ip":"141.148.209.213"}
20260215 LOGIN-AUDIT##########jrajak
20260215 SMS-LOG###jrajak###OTP###275259
20260215 Insert-Failed Data: {"user_id":"jrajak","mobile_no":"7086442900","otp":"****59","ip":"172.16.24.43"}
20260215 USERID###jrajak###JWT###eyJ0eXAiOiJKV1QiLCJhbGciOiJIUzI1NiJ9.eyJTdWIiOiJsb2dpbnRva2VuIiwiVXNlck5hbWUiOiJqcmFqYWsiLCJEaXN0X2NvZGUiOiIzMDIiLCJDaXJfY29kZSI6IjEwMDAwMDAwMDEyNjc1IiwiTmFtZSI6Ilx1MDliNlx1MDljZFx1MDlmMFx1MDljMCBcdTA5OWNcdTA5YWZcdTA5YmNcdTA5YTZcdTA5YzBcdTA5YWEgXHUwOWYwXHUwOTljXHUwOTk1IiwiRGVzaWduYXRpb24iOiJDTyIsIlVzZXJDb2RlIjoiQ08zNyIsIlBhcmVudFVzZXJDb2RlIjoiQURDMTEiLCJQYXJlbnRVc2VyTmFtZSI6Ik5BIiwiVXNlclN0YXR1c1VwZGF0ZWQiOm51bGwsIkNsaWVudF9JUCI6IjE3Mi4xNi4yNC40MyIsIlNlc3Nfb3V0IjoiaHR0cHM6XC9cL2RoYXJpdHJlZS5hc3NhbS5nb3YuaW5cLyJ9.cj0TD6RjcvwVyNnDTtYr7Oh8qRHPUBO8noOnoVU1_k0
20260215 LOGIN-AUDIT##########binodlra2
20260215 SMS-LOG###binodlra2###OTP###230084
20260215 LOGIN-AUDIT##########Najib_l1
20260215 SMS-LOG###Najib_l1###OTP###394762
20260215 LOGIN-AUDIT##########Ambika08
20260215 SMS-LOG###Ambika08###OTP###911428
20260215 LOGIN-AUDIT##########Najib_l1
20260215 SMS-LOG###Najib_l1###OTP###201818
20260215 LOGIN-AUDIT##########Ctalukdar1
20260215 SMS-LOG###Ctalukdar1###OTP###317139
20260215 LOGIN-AUDIT##########anowarul3*
20260215 SMS-LOG###anowarul3*###OTP###639981
20260215 LOGIN-AUDIT##########anowarul3*
20260215 SMS-LOG###anowarul3*###OTP###793376
20260215 LOGIN-AUDIT##########Kiling3
20260215 SMS-LOG###Kiling3###OTP###210179
20260215 LOGIN-AUDIT##########dinesh@07
20260215 SMS-LOG###dinesh@07###OTP###625282
20260215 Insert-Failed Data: {"user_id":"dinesh@07","mobile_no":"7002936231","otp":"****82","ip":"172.16.24.43"}
20260215 LOGIN-AUDIT##########kanika@4
20260215 SMS-LOG###kanika@4###OTP###762362
20260215 LOGIN-AUDIT##########cokritika
20260215 SMS-LOG###cokritika###OTP###717434
20260215 Insert-Failed Data: {"user_id":"cokritika","mobile_no":"8473872762","otp":"****34","ip":"172.16.24.43"}
20260215 USERID###cokritika###JWT###eyJ0eXAiOiJKV1QiLCJhbGciOiJIUzI1NiJ9.eyJTdWIiOiJsb2dpbnRva2VuIiwiVXNlck5hbWUiOiJjb2tyaXRpa2EiLCJEaXN0X2NvZGUiOiIzMDIiLCJDaXJfY29kZSI6IjEwMDAwMDAwMDEyNjI3IiwiTmFtZSI6Ilx1MDk5NVx1MDljM1x1MDlhNFx1MDliZlx1MDk5NVx1MDliZSBcdTA5YjZcdTA5ZjBcdTA5Y2RcdTA5YWVcdTA5YmUsIFx1MDk4Zi5cdTA5OGZcdTA5YjIuXHUwOTg2XHUwOWYwLlx1MDk4Zlx1MDk5YSIsIkRlc2lnbmF0aW9uIjoiQ08iLCJVc2VyQ29kZSI6IkNPNDIiLCJQYXJlbnRVc2VyQ29kZSI6IkFEQzExIiwiUGFyZW50VXNlck5hbWUiOiJOQSIsIlVzZXJTdGF0dXNVcGRhdGVkIjpudWxsLCJDbGllbnRfSVAiOiIxNzIuMTYuMjQuNDMiLCJTZXNzX291dCI6Imh0dHBzOlwvXC9kaGFyaXRyZWUuYXNzYW0uZ292LmluXC8ifQ.HH4zx7x-9BkNcJZq2lzSb5l6WvDcx_IJo1NUMuaBNZM
20260215 LOGIN-AUDIT##########dinesh@07
20260215 SMS-LOG###dinesh@07###OTP###693715
20260215 Insert-Failed Data: {"user_id":"dinesh@07","mobile_no":"7002936231","otp":"****15","ip":"172.16.24.43"}
20260215 LOGIN-AUDIT##########jatindra03
20260215 SMS-LOG###jatindra03###OTP###278935
20260215 Insert-Failed Data: {"user_id":"jatindra03","mobile_no":"7002099641","otp":"****35","ip":"172.16.24.43"}
20260215 LOGIN-AUDIT##########dinesh@07
20260215 SMS-LOG###dinesh@07###OTP###371491
20260215 Insert-Failed Data: {"user_id":"dinesh@07","mobile_no":"7002936231","otp":"****91","ip":"172.16.24.43"}
20260215 CHECK-QUERY###SELECT lg.user_code,u.lm_name as name FROM loginuser_table lg
    join lm_code u on u.lm_code=lg.user_code and lg.dist_code=u.dist_code and lg.subdiv_code=u.subdiv_code and lg.cir_code=u.cir_code and lg.mouza_pargona_code=u.mouza_pargona_code and lg.lot_no=u.lot_no where lg.use_name='dinesh@07' and lg.dis_enb_option='E' and lg.dist_code='03' and lg.subdiv_code='01' and lg.cir_code='03' and lg.mouza_pargona_code='01' and lg.lot_no='07' 
20260215 RESULT###["M100","Dinesh Ch. Nath"]
20260215 BHUNAKSHA-USER##########eyJ0eXAiOiJKV1QiLCJhbGciOiJIUzI1NiJ9.eyJ1c2VyX2NvZGUiOiJkaW5lc2gwNyIsIm5hbWUiOiJEaW5lc2ggQ2guIE5hdGgiLCJ1c2VyX2Rlc2lnX2NvZGUiOiJMUkEiLCJ1c2VfbmFtZSI6ImRpbmVzaEAwNyIsImRpc3RfY29kZSI6IjAzIiwic3ViZGl2X2NvZGUiOiIwMSIsImNpcl9jb2RlIjoiMDMiLCJtb3V6YV9wYXJnb25hX2NvZGUiOiIwMSIsImxvdF9ubyI6IjA3IiwibG9nZ2VkX2luIjp0cnVlLCJleHAiOjE3NzExMzQzMzJ9.9yNjI9TFxrpEPymdUngwJFPng3G8MwJ576VYsuwfydE
20260215 LOGIN-AUDIT##########majom11
20260215 SMS-LOG###majom11###OTP###260717
20260215 LOGIN-AUDIT##########chirajul@2
20260215 SMS-LOG###chirajul@2###OTP###352050
20260215 LOGIN-AUDIT##########Hondor@321
20260215 SMS-LOG###Hondor@321###OTP###611041
20260215 Insert-Failed Data: {"user_id":"Hondor@321","mobile_no":"8486717432","otp":"****41","ip":"141.148.209.213"}
20260215 LOGIN-AUDIT##########speguco
20260215 SMS-LOG###speguco###OTP###170408
20260215 Insert-Failed Data: {"user_id":"speguco","mobile_no":"6003733544","otp":"****08","ip":"172.16.24.43"}
20260215 USERID###speguco###JWT###eyJ0eXAiOiJKV1QiLCJhbGciOiJIUzI1NiJ9.eyJTdWIiOiJsb2dpbnRva2VuIiwiVXNlck5hbWUiOiJzcGVndWNvIiwiRGlzdF9jb2RlIjoiMjg3IiwiQ2lyX2NvZGUiOiIxMDAwMDAwMDAwMTA4MCIsIk5hbWUiOiJTb3ZpYSBQZWd1IiwiRGVzaWduYXRpb24iOiJDTyIsIlVzZXJDb2RlIjoiQ08yMiIsIlBhcmVudFVzZXJDb2RlIjoiQURDMTAiLCJQYXJlbnRVc2VyTmFtZSI6Ik5BIiwiVXNlclN0YXR1c1VwZGF0ZWQiOm51bGwsIkNsaWVudF9JUCI6IjE3Mi4xNi4yNC40MyIsIlNlc3Nfb3V0IjoiaHR0cHM6XC9cL2RoYXJpdHJlZS5hc3NhbS5nb3YuaW5cLyJ9.-YTcZ98f0Hwp7XWRnKyU1NqFFbioNUcM21h0DopGJRs
20260215 LOGIN-AUDIT##########Runal
20260215 SMS-LOG###Runal###OTP###611528
20260215 Insert-Failed Data: {"user_id":"Runal","mobile_no":"9864984163","otp":"****28","ip":"172.16.24.43"}
20260215 LOGIN-AUDIT##########Runal
20260215 SMS-LOG###Runal###OTP###368214
20260215 Insert-Failed Data: {"user_id":"Runal","mobile_no":"9864984163","otp":"****14","ip":"172.16.24.43"}
20260215 LOGIN-AUDIT##########jrajak
20260215 SMS-LOG###jrajak###OTP###952001
20260215 Insert-Failed Data: {"user_id":"jrajak","mobile_no":"7086442900","otp":"****01","ip":"172.16.24.43"}
20260215 USERID###jrajak###JWT###eyJ0eXAiOiJKV1QiLCJhbGciOiJIUzI1NiJ9.eyJTdWIiOiJsb2dpbnRva2VuIiwiVXNlck5hbWUiOiJqcmFqYWsiLCJEaXN0X2NvZGUiOiIzMDIiLCJDaXJfY29kZSI6IjEwMDAwMDAwMDEyNjc1IiwiTmFtZSI6Ilx1MDliNlx1MDljZFx1MDlmMFx1MDljMCBcdTA5OWNcdTA5YWZcdTA5YmNcdTA5YTZcdTA5YzBcdTA5YWEgXHUwOWYwXHUwOTljXHUwOTk1IiwiRGVzaWduYXRpb24iOiJDTyIsIlVzZXJDb2RlIjoiQ08zNyIsIlBhcmVudFVzZXJDb2RlIjoiQURDMTEiLCJQYXJlbnRVc2VyTmFtZSI6Ik5BIiwiVXNlclN0YXR1c1VwZGF0ZWQiOm51bGwsIkNsaWVudF9JUCI6IjE3Mi4xNi4yNC40MyIsIlNlc3Nfb3V0IjoiaHR0cHM6XC9cL2RoYXJpdHJlZS5hc3NhbS5nb3YuaW5cLyJ9.cj0TD6RjcvwVyNnDTtYr7Oh8qRHPUBO8noOnoVU1_k0
20260215 LOGIN-AUDIT##########manash@02
20260215 SMS-LOG###manash@02###OTP###346826
20260215 Insert-Failed Data: {"user_id":"manash@02","mobile_no":"7002757595","otp":"****26","ip":"172.16.24.43"}
20260215 LOGIN-AUDIT##########dcnagaon25
20260215 SMS-LOG###dcnagaon25###OTP###767148
20260215 LOGIN-AUDIT##########manash@02
20260215 SMS-LOG###manash@02###OTP###964069
20260215 Insert-Failed Data: {"user_id":"manash@02","mobile_no":"7002757595","otp":"****69","ip":"172.16.24.43"}
20260215 LOGIN-AUDIT##########satya_l8
20260215 SMS-LOG###satya_l8###OTP###133189
20260215 LOGIN-AUDIT##########Ashman10
20260215 SMS-LOG###Ashman10###OTP###375110
20260215 LOGIN-AUDIT##########sanjay@hkd
20260215 SMS-LOG###sanjay@hkd###OTP###713432
20260215 LOGIN-AUDIT##########jrajak
20260215 SMS-LOG###jrajak###OTP###750675
20260215 Insert-Failed Data: {"user_id":"jrajak","mobile_no":"7086442900","otp":"****75","ip":"164.100.146.52"}
20260215 USERID###jrajak###JWT###eyJ0eXAiOiJKV1QiLCJhbGciOiJIUzI1NiJ9.eyJTdWIiOiJsb2dpbnRva2VuIiwiVXNlck5hbWUiOiJqcmFqYWsiLCJEaXN0X2NvZGUiOiIzMDIiLCJDaXJfY29kZSI6IjEwMDAwMDAwMDEyNjc1IiwiTmFtZSI6Ilx1MDliNlx1MDljZFx1MDlmMFx1MDljMCBcdTA5OWNcdTA5YWZcdTA5YmNcdTA5YTZcdTA5YzBcdTA5YWEgXHUwOWYwXHUwOTljXHUwOTk1IiwiRGVzaWduYXRpb24iOiJDTyIsIlVzZXJDb2RlIjoiQ08zNyIsIlBhcmVudFVzZXJDb2RlIjoiQURDMTEiLCJQYXJlbnRVc2VyTmFtZSI6Ik5BIiwiVXNlclN0YXR1c1VwZGF0ZWQiOm51bGwsIkNsaWVudF9JUCI6IjE2NC4xMDAuMTQ2LjUyIiwiU2Vzc19vdXQiOiJodHRwczpcL1wvZGhhcml0cmVlLmFzc2FtLmdvdi5pblwvIn0.XJPXHbaYBoYx4wR_J7JSDo0GrBpcA3YEIsnCcj7ZHc0
20260215 LOGIN-AUDIT##########Pranab@001
20260215 SMS-LOG###Pranab@001###OTP###422125
20260215 LOGIN-AUDIT##########monajsadiya1
20260215 SMS-LOG###monajsadiya1###OTP###478455
20260215 Insert-Failed Data: {"user_id":"monajsadiya1","mobile_no":"8638794406","otp":"****55","ip":"141.148.209.213"}
20260215 LOGIN-AUDIT##########Kalita14
20260215 SMS-LOG###Kalita14###OTP###994496
20260215 Insert-Failed Data: {"user_id":"Kalita14","mobile_no":"9864667381","otp":"****96","ip":"172.16.24.43"}
20260215 LOGIN-AUDIT##########mrinal789
20260215 SMS-LOG###mrinal789###OTP###542015
20260215 Insert-Failed Data: {"user_id":"mrinal789","mobile_no":"8753917760","otp":"****15","ip":"141.148.209.213"}
20260215 LOGIN-AUDIT##########ASH9
20260215 SMS-LOG###ASH9###OTP###641498
20260215 LOGIN-AUDIT##########dcnagaon25
20260215 SMS-LOG###dcnagaon25###OTP###381111
20260215 USERID###dcnagaon25###JWT###eyJ0eXAiOiJKV1QiLCJhbGciOiJIUzI1NiJ9.eyJTdWIiOiJsb2dpbnRva2VuIiwiVXNlck5hbWUiOiJkY25hZ2FvbjI1IiwiRGlzdF9jb2RlIjoiMjk3IiwiQ2lyX2NvZGUiOiIxMDAwMDAwMDAxNzIwMSIsIk5hbWUiOiJEZXZhc2lzaCBTaGFybWEiLCJEZXNpZ25hdGlvbiI6IkRDIiwiVXNlckNvZGUiOiJEQzExIiwiUGFyZW50VXNlckNvZGUiOm51bGwsIlBhcmVudFVzZXJOYW1lIjoiTkEiLCJVc2VyU3RhdHVzVXBkYXRlZCI6bnVsbCwiQ2xpZW50X0lQIjoiMTY0LjEwMC4xNDkuMjM4IiwiU2Vzc19vdXQiOiJodHRwczpcL1wvZGhhcml0cmVlLmFzc2FtLmdvdi5pblwvIn0.fW4ESLZQMRCAJMzUEF66HVEtUtG6nU37DLrTxkVZC30
20260215 LOGIN-AUDIT##########DC-Lakhimpur
20260215 SMS-LOG###DC-Lakhimpur###OTP###359983
20260215 USERID###DC-Lakhimpur###JWT###eyJ0eXAiOiJKV1QiLCJhbGciOiJIUzI1NiJ9.eyJTdWIiOiJsb2dpbnRva2VuIiwiVXNlck5hbWUiOiJEQy1MYWtoaW1wdXIiLCJEaXN0X2NvZGUiOiIyOTUiLCJDaXJfY29kZSI6IjEwMDAwMDAwMDA3MTE4IiwiTmFtZSI6IlByb25hYiBKaXQgS2Frb3R5IiwiRGVzaWduYXRpb24iOiJEQyIsIlVzZXJDb2RlIjoiREMxMSIsIlBhcmVudFVzZXJDb2RlIjpudWxsLCJQYXJlbnRVc2VyTmFtZSI6Ik5BIiwiVXNlclN0YXR1c1VwZGF0ZWQiOm51bGwsIkNsaWVudF9JUCI6IjE3Mi4xNi4yNC40MyIsIlNlc3Nfb3V0IjoiaHR0cHM6XC9cL2RoYXJpdHJlZS5hc3NhbS5nb3YuaW5cLyJ9.QB9WgUjOBYdkXviQAPbPPYIFlaRY7lLVPXp2g0At6Yw
20260215 LOGIN-AUDIT##########nilutpal789
20260215 SMS-LOG###nilutpal789###OTP###388536
20260215 Insert-Failed Data: {"user_id":"nilutpal789","mobile_no":"7002845924","otp":"****36","ip":"141.148.209.213"}
20260215 LOGIN-AUDIT##########manash@01
20260215 LOGIN-AUDIT##########Chandra_n5
20260215 SMS-LOG###Chandra_n5###OTP###398943
20260215 LOGIN-AUDIT##########Ctalukdar1
20260215 SMS-LOG###Ctalukdar1###OTP###703563
20260215 LOGIN-AUDIT##########manash@01
20260215 SMS-LOG###manash@01###OTP###884499
20260215 Insert-Failed Data: {"user_id":"manash@01","mobile_no":"7002757595","otp":"****99","ip":"172.16.24.43"}
20260215 LOGIN-AUDIT##########hitesh05
20260215 SMS-LOG###hitesh05###OTP###131552
20260215 LOGIN-AUDIT##########hitesh05
20260215 SMS-LOG###hitesh05###OTP###364456
20260215 LOGIN-AUDIT##########Bidhyutk4
20260215 SMS-LOG###Bidhyutk4###OTP###652263
20260215 Insert-Failed Data: {"user_id":"Bidhyutk4","mobile_no":"9864616423","otp":"****63","ip":"172.16.24.43"}
20260215 LOGIN-AUDIT##########manashsadiya3
20260215 LOGIN-AUDIT##########manashsadiya3
20260215 SMS-LOG###manashsadiya3###OTP###706154
20260215 Insert-Failed Data: {"user_id":"manashsadiya3","mobile_no":"9864556296","otp":"****54","ip":"141.148.209.213"}
20260215 LOGIN-AUDIT##########Jadav123
20260215 SMS-LOG###Jadav123###OTP###240628
20260215 Insert-Failed Data: {"user_id":"Jadav123","mobile_no":"9954134269","otp":"****28","ip":"172.16.24.43"}
20260215 LOGIN-AUDIT##########manashsadiya3
20260215 SMS-LOG###manashsadiya3###OTP###685756
20260215 Insert-Failed Data: {"user_id":"manashsadiya3","mobile_no":"9864556296","otp":"****56","ip":"141.148.209.213"}
20260215 LOGIN-AUDIT##########mrinal789
20260215 SMS-LOG###mrinal789###OTP###736920
20260215 Insert-Failed Data: {"user_id":"mrinal789","mobile_no":"8753917760","otp":"****20","ip":"141.148.209.213"}
20260215 LOGIN-AUDIT##########nitulg
20260215 SMS-LOG###nitulg###OTP###158393
20260215 Insert-Failed Data: {"user_id":"nitulg","mobile_no":"8638199788","otp":"****93","ip":"172.16.24.43"}
20260215 LOGIN-AUDIT##########Kamakhya2024
20260215 SMS-LOG###Kamakhya2024###OTP###865533
20260215 LOGIN-AUDIT##########Promit_K1
20260215 SMS-LOG###Promit_K1###OTP###556738
20260215 LOGIN-AUDIT##########Mintu11
20260215 SMS-LOG###Mintu11###OTP###927413
20260215 Insert-Failed Data: {"user_id":"Mintu11","mobile_no":"9706229887","otp":"****13","ip":"172.16.24.43"}
20260215 LOGIN-AUDIT##########Kamakhya2024
20260215 SMS-LOG###Kamakhya2024###OTP###370123
20260215 LOGIN-AUDIT##########cokritika
20260215 SMS-LOG###cokritika###OTP###417352
20260215 Insert-Failed Data: {"user_id":"cokritika","mobile_no":"8473872762","otp":"****52","ip":"172.16.24.43"}
20260215 USERID###cokritika###JWT###eyJ0eXAiOiJKV1QiLCJhbGciOiJIUzI1NiJ9.eyJTdWIiOiJsb2dpbnRva2VuIiwiVXNlck5hbWUiOiJjb2tyaXRpa2EiLCJEaXN0X2NvZGUiOiIzMDIiLCJDaXJfY29kZSI6IjEwMDAwMDAwMDEyNjI3IiwiTmFtZSI6Ilx1MDk5NVx1MDljM1x1MDlhNFx1MDliZlx1MDk5NVx1MDliZSBcdTA5YjZcdTA5ZjBcdTA5Y2RcdTA5YWVcdTA5YmUsIFx1MDk4Zi5cdTA5OGZcdTA5YjIuXHUwOTg2XHUwOWYwLlx1MDk4Zlx1MDk5YSIsIkRlc2lnbmF0aW9uIjoiQ08iLCJVc2VyQ29kZSI6IkNPNDIiLCJQYXJlbnRVc2VyQ29kZSI6IkFEQzExIiwiUGFyZW50VXNlck5hbWUiOiJOQSIsIlVzZXJTdGF0dXNVcGRhdGVkIjpudWxsLCJDbGllbnRfSVAiOiIxNzIuMTYuMjQuNDMiLCJTZXNzX291dCI6Imh0dHBzOlwvXC9kaGFyaXRyZWUuYXNzYW0uZ292LmluXC8ifQ.HH4zx7x-9BkNcJZq2lzSb5l6WvDcx_IJo1NUMuaBNZM
20260215 LOGIN-AUDIT##########Sadiya2nirmal
20260215 LOGIN-AUDIT##########Sadiya2nirmal
20260215 LOGIN-AUDIT##########Sadiya2nirmal
20260215 LOGIN-AUDIT##########Sadiya2nirmal
20260215 LOGIN-AUDIT##########HONDOR@LOT1
20260215 LOGIN-AUDIT##########Sadiya2nirmal
20260215 LOGIN-AUDIT##########Sadiya2nirmal
20260215 LOGIN-AUDIT##########Sadiya2nirmal
20260215 LOGIN-AUDIT##########Sadiya2nirmal
20260215 LOGIN-AUDIT##########Sadiya2nirmal
20260215 LOGIN-AUDIT##########HONDOR@LOT1
20260215 LOGIN-AUDIT##########nitulg
20260215 SMS-LOG###nitulg###OTP###233821
20260215 Insert-Failed Data: {"user_id":"nitulg","mobile_no":"8638199788","otp":"****21","ip":"172.16.24.43"}
20260215 LOGIN-AUDIT##########HONDOR@LOT1
20260215 LOGIN-AUDIT##########Sadiya2nirmal
20260215 LOGIN-AUDIT##########HONDOR@LOT1
20260215 LOGIN-AUDIT##########Sadiya2nirmal
20260215 LOGIN-AUDIT##########Sadiya2nirmal
20260215 LOGIN-AUDIT##########HONDOR@LOT1
20260215 LOGIN-AUDIT##########Sadiya2nirmal
20260215 LOGIN-AUDIT##########nitulg3
20260215 SMS-LOG###nitulg3###OTP###786028
20260215 Insert-Failed Data: {"user_id":"nitulg3","mobile_no":"8638199788","otp":"****28","ip":"172.16.24.43"}
20260215 LOGIN-AUDIT##########Sadiya2nirmal
20260215 SMS-LOG###Sadiya2nirmal###OTP###640888
20260215 Insert-Failed Data: {"user_id":"Sadiya2nirmal","mobile_no":"8761014815","otp":"****88","ip":"141.148.209.213"}
20260215 LOGIN-AUDIT##########Hondor@321
20260215 SMS-LOG###Hondor@321###OTP###936061
20260215 Insert-Failed Data: {"user_id":"Hondor@321","mobile_no":"8486717432","otp":"****61","ip":"141.148.209.213"}
20260215 CHECK-QUERY###SELECT lg.user_code,u.lm_name as name FROM loginuser_table lg
    join lm_code u on u.lm_code=lg.user_code and lg.dist_code=u.dist_code and lg.subdiv_code=u.subdiv_code and lg.cir_code=u.cir_code and lg.mouza_pargona_code=u.mouza_pargona_code and lg.lot_no=u.lot_no where lg.use_name='nitulg3' and lg.dis_enb_option='E' and lg.dist_code='18' and lg.subdiv_code='02' and lg.cir_code='01' and lg.mouza_pargona_code='02' and lg.lot_no='04' 
20260215 RESULT###["M6","\u09b6\u09cd\u09f0\u09c0 \u09a8\u09bf\u09a4\u09c1\u09b2 \u0997\u0997\u09c8 "]
20260215 BHUNAKSHA-USER##########eyJ0eXAiOiJKV1QiLCJhbGciOiJIUzI1NiJ9.eyJ1c2VyX2NvZGUiOiJMTTE4MDIwODUxMiIsIm5hbWUiOiJcdTA5YjZcdTA5Y2RcdTA5ZjBcdTA5YzAgXHUwOWE4XHUwOWJmXHUwOWE0XHUwOWMxXHUwOWIyIFx1MDk5N1x1MDk5N1x1MDljOCAiLCJ1c2VyX2Rlc2lnX2NvZGUiOiJMUkEiLCJ1c2VfbmFtZSI6Im5pdHVsZzMiLCJkaXN0X2NvZGUiOiIxOCIsInN1YmRpdl9jb2RlIjoiMDIiLCJjaXJfY29kZSI6IjAxIiwibW91emFfcGFyZ29uYV9jb2RlIjoiMDIiLCJsb3Rfbm8iOiIwNCIsImxvZ2dlZF9pbiI6dHJ1ZSwiZXhwIjoxNzcxMTQxNzExfQ.dDi9_FONGKQvVs0LjR0Kl2jWcsDxN3_qRJTDaREXc10
20260215 LOGIN-AUDIT##########comridulnath
20260215 SMS-LOG###comridulnath###OTP###841308
20260215 USERID###comridulnath###JWT###eyJ0eXAiOiJKV1QiLCJhbGciOiJIUzI1NiJ9.eyJTdWIiOiJsb2dpbnRva2VuIiwiVXNlck5hbWUiOiJjb21yaWR1bG5hdGgiLCJEaXN0X2NvZGUiOiIyOTYiLCJDaXJfY29kZSI6IjEwMDAwMDAwMDE2NDQ1IiwiTmFtZSI6Ik1yaWR1bCBOYXRoIiwiRGVzaWduYXRpb24iOiJDTyIsIlVzZXJDb2RlIjoiQ080MyIsIlBhcmVudFVzZXJDb2RlIjoiQURDMTMiLCJQYXJlbnRVc2VyTmFtZSI6Ik5BIiwiVXNlclN0YXR1c1VwZGF0ZWQiOm51bGwsIkNsaWVudF9JUCI6IjE3Mi4xNi4yNC40MyIsIlNlc3Nfb3V0IjoiaHR0cHM6XC9cL2RoYXJpdHJlZS5hc3NhbS5nb3YuaW5cLyJ9.XfKgwytx1TG2PnKI83N6mnoLbqGqdw7Tm6fiTFIPLVo
20260215 LOGIN-AUDIT##########IAS_Jayant_Chaaran
20260215 SMS-LOG###IAS_Jayant_Chaaran###OTP###363400
20260215 USERID###IAS_Jayant_Chaaran###JWT###eyJ0eXAiOiJKV1QiLCJhbGciOiJIUzI1NiJ9.eyJTdWIiOiJsb2dpbnRva2VuIiwiVXNlck5hbWUiOiJJQVNfSmF5YW50X0NoYWFyYW4iLCJEaXN0X2NvZGUiOiIyODYiLCJDaXJfY29kZSI6IjEwMDAwMDAwMDExMzQ3IiwiTmFtZSI6Ilx1MDliNlx1MDljZFx1MDlmMFx1MDljMCBcdTA5OWNcdTA5YWZcdTA5YmNcdTA5YThcdTA5Y2RcdTA5YTQgXHUwOTlhXHUwOWJlXHUwOWYwXHUwOWE4IiwiRGVzaWduYXRpb24iOiJBREMiLCJVc2VyQ29kZSI6IkFEQzE5IiwiUGFyZW50VXNlckNvZGUiOiJEQzUiLCJQYXJlbnRVc2VyTmFtZSI6ImRjZGlicnVnYXJoMDQiLCJVc2VyU3RhdHVzVXBkYXRlZCI6bnVsbCwiQ2xpZW50X0lQIjoiMTcyLjE2LjI0LjQzIiwiU2Vzc19vdXQiOiJodHRwczpcL1wvZGhhcml0cmVlLmFzc2FtLmdvdi5pblwvIn0.Ixx12y_vxFekKZSW9Wwa0_kH2WqS9PYG-adIcBewStc
20260215 LOGIN-AUDIT##########cokaustubh
20260215 SMS-LOG###cokaustubh###OTP###180859
20260215 Insert-Failed Data: {"user_id":"cokaustubh","mobile_no":"7002707756","otp":"****59","ip":"172.16.24.43"}
20260215 USERID###cokaustubh###JWT###eyJ0eXAiOiJKV1QiLCJhbGciOiJIUzI1NiJ9.eyJTdWIiOiJsb2dpbnRva2VuIiwiVXNlck5hbWUiOiJjb2thdXN0dWJoIiwiRGlzdF9jb2RlIjoiMjk4IiwiQ2lyX2NvZGUiOiIxMDAwMDAwMDAwMzQzOCIsIk5hbWUiOiJLYXVzdHViaCAgUm95IiwiRGVzaWduYXRpb24iOiJDTyIsIlVzZXJDb2RlIjoiQ08zNyIsIlBhcmVudFVzZXJDb2RlIjoiQURDOSIsIlBhcmVudFVzZXJOYW1lIjoiTkEiLCJVc2VyU3RhdHVzVXBkYXRlZCI6bnVsbCwiQ2xpZW50X0lQIjoiMTcyLjE2LjI0LjQzIiwiU2Vzc19vdXQiOiJodHRwczpcL1wvZGhhcml0cmVlLmFzc2FtLmdvdi5pblwvIn0.isqXWAD5_16aJWOKajVXVLxy0puaTaU60MCs8QKz_L0
20260215 LOGIN-AUDIT##########ajim_lot7
20260215 SMS-LOG###ajim_lot7###OTP###123683
20260215 Insert-Failed Data: {"user_id":"ajim_lot7","mobile_no":"9678533477","otp":"****83","ip":"141.148.209.213"}
20260215 LOGIN-AUDIT##########Ajim@lot1
20260215 SMS-LOG###Ajim@lot1###OTP###724221
20260215 Insert-Failed Data: {"user_id":"Ajim@lot1","mobile_no":"9678533477","otp":"****21","ip":"141.148.209.213"}
20260215 LOGIN-AUDIT##########Achyut6
20260215 SMS-LOG###Achyut6###OTP###576291
20260215 Insert-Failed Data: {"user_id":"Achyut6","mobile_no":"7002621845","otp":"****91","ip":"141.148.209.213"}
20260215 LOGIN-AUDIT##########dcdibrugarh04
20260215 SMS-LOG###dcdibrugarh04###OTP###671983
20260215 LOGIN-AUDIT##########Manas@90
20260215 SMS-LOG###Manas@90###OTP###295795
20260215 Insert-Failed Data: {"user_id":"Manas@90","mobile_no":"9101240615","otp":"****95","ip":"172.16.24.43"}
20260215 USERID###dcdibrugarh04###JWT###eyJ0eXAiOiJKV1QiLCJhbGciOiJIUzI1NiJ9.eyJTdWIiOiJsb2dpbnRva2VuIiwiVXNlck5hbWUiOiJkY2RpYnJ1Z2FyaDA0IiwiRGlzdF9jb2RlIjoiMjg2IiwiQ2lyX2NvZGUiOiIxMDAwMDAwMDAxMTM0NyIsIk5hbWUiOiJTaHJpIEJpa3JhbSBLYWlyaSwgSUFTIiwiRGVzaWduYXRpb24iOiJEQyIsIlVzZXJDb2RlIjoiREM1IiwiUGFyZW50VXNlckNvZGUiOm51bGwsIlBhcmVudFVzZXJOYW1lIjoiTkEiLCJVc2VyU3RhdHVzVXBkYXRlZCI6bnVsbCwiQ2xpZW50X0lQIjoiMTcyLjE2LjI0LjQzIiwiU2Vzc19vdXQiOiJodHRwczpcL1wvZGhhcml0cmVlLmFzc2FtLmdvdi5pblwvIn0.H_epEa8HIgqIDCtI2qHHwSPUsM1ze-luWXLYO99NNG4
20260215 USERID###dcdibrugarh04###JWT###eyJ0eXAiOiJKV1QiLCJhbGciOiJIUzI1NiJ9.eyJTdWIiOiJsb2dpbnRva2VuIiwiVXNlck5hbWUiOiJkY2RpYnJ1Z2FyaDA0IiwiRGlzdF9jb2RlIjoiMjg2IiwiQ2lyX2NvZGUiOiIxMDAwMDAwMDAxMTM0NyIsIk5hbWUiOiJTaHJpIEJpa3JhbSBLYWlyaSwgSUFTIiwiRGVzaWduYXRpb24iOiJEQyIsIlVzZXJDb2RlIjoiREM1IiwiUGFyZW50VXNlckNvZGUiOm51bGwsIlBhcmVudFVzZXJOYW1lIjoiTkEiLCJVc2VyU3RhdHVzVXBkYXRlZCI6bnVsbCwiQ2xpZW50X0lQIjoiMTcyLjE2LjI0LjQzIiwiU2Vzc19vdXQiOiJodHRwczpcL1wvZGhhcml0cmVlLmFzc2FtLmdvdi5pblwvIn0.H_epEa8HIgqIDCtI2qHHwSPUsM1ze-luWXLYO99NNG4
20260215 LOGIN-AUDIT##########kutum@123
20260215 SMS-LOG###kutum@123###OTP###524891
20260215 Insert-Failed Data: {"user_id":"kutum@123","mobile_no":"9401595731","otp":"****91","ip":"164.100.146.52"}
20260215 LOGIN-AUDIT##########arundhuti
20260215 LOGIN-AUDIT##########arundhuti
20260215 LOGIN-AUDIT##########arundhuti
20260215 SMS-LOG###arundhuti###OTP###304588
20260215 Insert-Failed Data: {"user_id":"arundhuti","mobile_no":"8638182349","otp":"****88","ip":"172.16.24.43"}
20260215 LOGIN-AUDIT##########kutum@123
20260215 SMS-LOG###kutum@123###OTP###636871
20260215 Insert-Failed Data: {"user_id":"kutum@123","mobile_no":"9401595731","otp":"****71","ip":"164.100.146.52"}
20260215 USERID###arundhuti###JWT###eyJ0eXAiOiJKV1QiLCJhbGciOiJIUzI1NiJ9.eyJTdWIiOiJsb2dpbnRva2VuIiwiVXNlck5hbWUiOiJhcnVuZGh1dGkiLCJEaXN0X2NvZGUiOiI2MTgiLCJDaXJfY29kZSI6IjEwMDAwMDAwMDE1MDA3IiwiTmFtZSI6IkFydW5kaHV0aSBOYXJhaCBNaXB1biIsIkRlc2lnbmF0aW9uIjoiQURDIiwiVXNlckNvZGUiOiJBREMxNiIsIlBhcmVudFVzZXJDb2RlIjoiREM1IiwiUGFyZW50VXNlck5hbWUiOiJOQSIsIlVzZXJTdGF0dXNVcGRhdGVkIjpudWxsLCJDbGllbnRfSVAiOiIxNzIuMTYuMjQuNDMiLCJTZXNzX291dCI6Imh0dHBzOlwvXC9kaGFyaXRyZWUuYXNzYW0uZ292LmluXC8ifQ.gGOJmd10lB9OILoTw9sN7pEEJ-ajmME8wwys0KPhuiY
20260215 LOGIN-AUDIT##########Bharali@1991
20260215 SMS-LOG###Bharali@1991###OTP###597722
20260215 Insert-Failed Data: {"user_id":"Bharali@1991","mobile_no":"7002679112","otp":"****22","ip":"164.100.146.52"}
20260215 LOGIN-AUDIT##########diganta
20260215 SMS-LOG###diganta###OTP###282427
20260215 LOGIN-AUDIT##########tarapd
20260215 SMS-LOG###tarapd###OTP###451854
20260215 Insert-Failed Data: {"user_id":"tarapd","mobile_no":"9101098627","otp":"****54","ip":"141.148.209.213"}
20260215 LOGIN-AUDIT##########cokritika
20260215 SMS-LOG###cokritika###OTP###155257
20260215 Insert-Failed Data: {"user_id":"cokritika","mobile_no":"8473872762","otp":"****57","ip":"172.16.24.43"}
20260215 USERID###cokritika###JWT###eyJ0eXAiOiJKV1QiLCJhbGciOiJIUzI1NiJ9.eyJTdWIiOiJsb2dpbnRva2VuIiwiVXNlck5hbWUiOiJjb2tyaXRpa2EiLCJEaXN0X2NvZGUiOiIzMDIiLCJDaXJfY29kZSI6IjEwMDAwMDAwMDEyNjI3IiwiTmFtZSI6Ilx1MDk5NVx1MDljM1x1MDlhNFx1MDliZlx1MDk5NVx1MDliZSBcdTA5YjZcdTA5ZjBcdTA5Y2RcdTA5YWVcdTA5YmUsIFx1MDk4Zi5cdTA5OGZcdTA5YjIuXHUwOTg2XHUwOWYwLlx1MDk4Zlx1MDk5YSIsIkRlc2lnbmF0aW9uIjoiQ08iLCJVc2VyQ29kZSI6IkNPNDIiLCJQYXJlbnRVc2VyQ29kZSI6IkFEQzExIiwiUGFyZW50VXNlck5hbWUiOiJOQSIsIlVzZXJTdGF0dXNVcGRhdGVkIjpudWxsLCJDbGllbnRfSVAiOiIxNzIuMTYuMjQuNDMiLCJTZXNzX291dCI6Imh0dHBzOlwvXC9kaGFyaXRyZWUuYXNzYW0uZ292LmluXC8ifQ.HH4zx7x-9BkNcJZq2lzSb5l6WvDcx_IJo1NUMuaBNZM
20260215 LOGIN-AUDIT##########Kamakhya2024
20260215 LOGIN-AUDIT##########Kamakhya2024
20260215 SMS-LOG###Kamakhya2024###OTP###476037
20260215 LOGIN-AUDIT##########Kamakhya2024
20260215 LOGIN-AUDIT##########NEWKANDARPA
20260215 SMS-LOG###NEWKANDARPA###OTP###138416
20260215 Insert-Failed Data: {"user_id":"NEWKANDARPA","mobile_no":"9954433436","otp":"****16","ip":"141.148.209.213"}
20260215 LOGIN-AUDIT##########Kamakhya2024
20260215 SMS-LOG###Kamakhya2024###OTP###853737
20260215 LOGIN-AUDIT##########ajim_lot7
20260215 SMS-LOG###ajim_lot7###OTP###357016
20260215 Insert-Failed Data: {"user_id":"ajim_lot7","mobile_no":"9678533477","otp":"****16","ip":"141.148.209.213"}
20260215 LOGIN-AUDIT##########Kamakhya2024
20260215 LOGIN-AUDIT##########Bhaskar5
20260215 SMS-LOG###Bhaskar5###OTP###528895
20260215 LOGIN-AUDIT##########Ajim@lot1
20260215 SMS-LOG###Ajim@lot1###OTP###797576
20260215 Insert-Failed Data: {"user_id":"Ajim@lot1","mobile_no":"9678533477","otp":"****76","ip":"141.148.209.213"}
20260215 LOGIN-AUDIT##########Kamakhya2024
20260215 SMS-LOG###Kamakhya2024###OTP###364133
20260215 LOGIN-AUDIT##########kutum_2
20260215 SMS-LOG###kutum_2###OTP###503452
20260215 Insert-Failed Data: {"user_id":"kutum_2","mobile_no":"9365384137","otp":"****52","ip":"164.100.146.52"}
20260215 LOGIN-AUDIT##########kutum@123
20260215 SMS-LOG###kutum@123###OTP###832394
20260215 Insert-Failed Data: {"user_id":"kutum@123","mobile_no":"9401595731","otp":"****94","ip":"164.100.146.52"}
20260215 LOGIN-AUDIT##########ASH9
20260215 SMS-LOG###ASH9###OTP###966205
20260215 LOGIN-AUDIT##########bijunarzary@01
20260215 SMS-LOG###bijunarzary@01###OTP###215252
20260215 LOGIN-AUDIT##########bijunarzary@01
20260215 SMS-LOG###bijunarzary@01###OTP###839016
20260215 LOGIN-AUDIT##########conao_biswajit
20260215 SMS-LOG###conao_biswajit###OTP###148450
20260215 USERID###conao_biswajit###JWT###eyJ0eXAiOiJKV1QiLCJhbGciOiJIUzI1NiJ9.eyJTdWIiOiJsb2dpbnRva2VuIiwiVXNlck5hbWUiOiJjb25hb19iaXN3YWppdCIsIkRpc3RfY29kZSI6IjI5NSIsIkNpcl9jb2RlIjoiMTAwMDAwMDAwMDcwNjQiLCJOYW1lIjoiQmlzd2FqaXQgQm9yYWgiLCJEZXNpZ25hdGlvbiI6IkNPIiwiVXNlckNvZGUiOiJDTzI0IiwiUGFyZW50VXNlckNvZGUiOiJBREMxMSIsIlBhcmVudFVzZXJOYW1lIjoiTkEiLCJVc2VyU3RhdHVzVXBkYXRlZCI6bnVsbCwiQ2xpZW50X0lQIjoiMTcyLjE2LjI0LjQzIiwiU2Vzc19vdXQiOiJodHRwczpcL1wvZGhhcml0cmVlLmFzc2FtLmdvdi5pblwvIn0.a5D5F18jO7MiUpYklw2AykUK9wKPcQ_uRDcYZCBDcWE
20260215 LOGIN-AUDIT##########rajesh_n4
20260215 LOGIN-AUDIT##########rajesh_n4
20260215 SMS-LOG###rajesh_n4###OTP###219317
20260215 LOGIN-AUDIT##########payal05
20260215 SMS-LOG###payal05###OTP###522424
20260215 Insert-Failed Data: {"user_id":"payal05","mobile_no":"9365445930","otp":"****24","ip":"172.16.24.43"}
20260215 LOGIN-AUDIT##########Kamakhya2024
20260215 SMS-LOG###Kamakhya2024###OTP###490650
20260215 LOGIN-AUDIT##########mrinal789
20260215 SMS-LOG###mrinal789###OTP###489658
20260215 Insert-Failed Data: {"user_id":"mrinal789","mobile_no":"8753917760","otp":"****58","ip":"141.148.209.213"}
20260215 LOGIN-AUDIT##########Jugal_11
20260215 SMS-LOG###Jugal_11###OTP###916283
20260215 Insert-Failed Data: {"user_id":"Jugal_11","mobile_no":"8876683501","otp":"****83","ip":"172.16.24.43"}
20260215 LOGIN-AUDIT##########nray01
20260215 SMS-LOG###nray01###OTP###926902
20260215 Insert-Failed Data: {"user_id":"nray01","mobile_no":"6000255956","otp":"****02","ip":"172.16.24.43"}
20260215 LOGIN-AUDIT##########sourabh789
20260215 SMS-LOG###sourabh789###OTP###511161
20260215 Insert-Failed Data: {"user_id":"sourabh789","mobile_no":"7002040573","otp":"****61","ip":"141.148.209.213"}
20260215 LOGIN-AUDIT##########Kamakhya2024
20260215 SMS-LOG###Kamakhya2024###OTP###800245
20260215 LOGIN-AUDIT##########rajesh_n4
20260215 SMS-LOG###rajesh_n4###OTP###119094
20260215 LOGIN-AUDIT##########krishna_k9
20260215 LOGIN-AUDIT##########krishna_k9
20260215 SMS-LOG###krishna_k9###OTP###491047
20260215 LOGIN-AUDIT##########conao_biswajit
20260215 SMS-LOG###conao_biswajit###OTP###330697
20260215 USERID###conao_biswajit###JWT###eyJ0eXAiOiJKV1QiLCJhbGciOiJIUzI1NiJ9.eyJTdWIiOiJsb2dpbnRva2VuIiwiVXNlck5hbWUiOiJjb25hb19iaXN3YWppdCIsIkRpc3RfY29kZSI6IjI5NSIsIkNpcl9jb2RlIjoiMTAwMDAwMDAwMDcwNjQiLCJOYW1lIjoiQmlzd2FqaXQgQm9yYWgiLCJEZXNpZ25hdGlvbiI6IkNPIiwiVXNlckNvZGUiOiJDTzI0IiwiUGFyZW50VXNlckNvZGUiOiJBREMxMSIsIlBhcmVudFVzZXJOYW1lIjoiTkEiLCJVc2VyU3RhdHVzVXBkYXRlZCI6bnVsbCwiQ2xpZW50X0lQIjoiMTcyLjE2LjI0LjQzIiwiU2Vzc19vdXQiOiJodHRwczpcL1wvZGhhcml0cmVlLmFzc2FtLmdvdi5pblwvIn0.a5D5F18jO7MiUpYklw2AykUK9wKPcQ_uRDcYZCBDcWE
20260215 LOGIN-AUDIT##########Santanu2024
20260215 SMS-LOG###Santanu2024###OTP###758288
20260215 LOGIN-AUDIT##########krishna_k9
20260215 LOGIN-AUDIT##########khuljit_co
20260215 SMS-LOG###khuljit_co###OTP###577793
20260215 LOGIN-AUDIT##########khuljit_co
20260215 SMS-LOG###khuljit_co###OTP###893379
20260215 USERID###khuljit_co###JWT###eyJ0eXAiOiJKV1QiLCJhbGciOiJIUzI1NiJ9.eyJTdWIiOiJsb2dpbnRva2VuIiwiVXNlck5hbWUiOiJraHVsaml0X2NvIiwiRGlzdF9jb2RlIjoiMjk1IiwiQ2lyX2NvZGUiOiIxMDAwMDAwMDAwNzAwNCIsIk5hbWUiOiJcdTA5OTZcdTA5YzFcdTA5YjJcdTA5OWNcdTA5YmZcdTA5YTRcdTA5Y2RcdTIwMGQgXHUwOWFhXHUwOWJlXHUwOWE2XHUwOWMxXHUwOWE4IiwiRGVzaWduYXRpb24iOiJDTyIsIlVzZXJDb2RlIjoiQ08zMiIsIlBhcmVudFVzZXJDb2RlIjoiQURDMTEiLCJQYXJlbnRVc2VyTmFtZSI6Ik5BIiwiVXNlclN0YXR1c1VwZGF0ZWQiOm51bGwsIkNsaWVudF9JUCI6IjE3Mi4xNi4yNC40MyIsIlNlc3Nfb3V0IjoiaHR0cHM6XC9cL2RoYXJpdHJlZS5hc3NhbS5nb3YuaW5cLyJ9.dIKj-_JGOLLih9oWGTUoKasTsKvxLE1nj0xz3z9Khm4
20260215 LOGIN-AUDIT##########conao_biswajit
20260215 SMS-LOG###conao_biswajit###OTP###960874
20260215 USERID###conao_biswajit###JWT###eyJ0eXAiOiJKV1QiLCJhbGciOiJIUzI1NiJ9.eyJTdWIiOiJsb2dpbnRva2VuIiwiVXNlck5hbWUiOiJjb25hb19iaXN3YWppdCIsIkRpc3RfY29kZSI6IjI5NSIsIkNpcl9jb2RlIjoiMTAwMDAwMDAwMDcwNjQiLCJOYW1lIjoiQmlzd2FqaXQgQm9yYWgiLCJEZXNpZ25hdGlvbiI6IkNPIiwiVXNlckNvZGUiOiJDTzI0IiwiUGFyZW50VXNlckNvZGUiOiJBREMxMSIsIlBhcmVudFVzZXJOYW1lIjoiTkEiLCJVc2VyU3RhdHVzVXBkYXRlZCI6bnVsbCwiQ2xpZW50X0lQIjoiMTcyLjE2LjI0LjQzIiwiU2Vzc19vdXQiOiJodHRwczpcL1wvZGhhcml0cmVlLmFzc2FtLmdvdi5pblwvIn0.a5D5F18jO7MiUpYklw2AykUK9wKPcQ_uRDcYZCBDcWE
20260215 LOGIN-AUDIT##########Rnapen@1
20260215 SMS-LOG###Rnapen@1###OTP###524462
20260215 LOGIN-AUDIT##########Jugal_11
20260215 SMS-LOG###Jugal_11###OTP###992467
20260215 Insert-Failed Data: {"user_id":"Jugal_11","mobile_no":"8876683501","otp":"****67","ip":"172.16.24.43"}
20260215 USERID###Rnapen@1###JWT###eyJ0eXAiOiJKV1QiLCJhbGciOiJIUzI1NiJ9.eyJTdWIiOiJsb2dpbnRva2VuIiwiVXNlck5hbWUiOiJSbmFwZW5AMSIsIkRpc3RfY29kZSI6IjI4NCIsIkNpcl9jb2RlIjoiMTAwMDAwMDAwMTUyODEiLCJOYW1lIjoiUmljaGEgTmFwZW4iLCJEZXNpZ25hdGlvbiI6IkNPIiwiVXNlckNvZGUiOiJDTzQ0IiwiUGFyZW50VXNlckNvZGUiOiJBREMxNyIsIlBhcmVudFVzZXJOYW1lIjoiTkEiLCJVc2VyU3RhdHVzVXBkYXRlZCI6bnVsbCwiQ2xpZW50X0lQIjoiMTQxLjE0OC4yMDkuMjEzIiwiU2Vzc19vdXQiOiJodHRwczpcL1wvZGhhcml0cmVlLmFzc2FtLmdvdi5pblwvIn0.mQhZoTwK_C6nUl5PoASs7i4ptpZjN-4Cy8S5CVQP2Uo
20260215 LOGIN-AUDIT##########Kamakhya2024
20260215 LOGIN-AUDIT##########Tapanj4
20260215 SMS-LOG###Tapanj4###OTP###268833
20260215 LOGIN-AUDIT##########Kamakhya2024
20260215 SMS-LOG###Kamakhya2024###OTP###532268
20260215 LOGIN-AUDIT##########bijunarzary@01
20260215 SMS-LOG###bijunarzary@01###OTP###214393
20260215 LOGIN-AUDIT##########bijunarzary@01
20260215 SMS-LOG###bijunarzary@01###OTP###119928
20260215 LOGIN-AUDIT##########pd2en09f
20260215 SMS-LOG###pd2en09f###OTP###499384
20260215 Insert-Failed Data: {"user_id":"pd2en09f","mobile_no":"9365445930","otp":"****84","ip":"172.16.24.43"}
20260215 LOGIN-AUDIT##########Bidhyutk4
20260215 SMS-LOG###Bidhyutk4###OTP###376680
20260215 Insert-Failed Data: {"user_id":"Bidhyutk4","mobile_no":"9864616423","otp":"****80","ip":"172.16.24.43"}
20260215 LOGIN-AUDIT##########Suraj prakash tayegam@123
20260215 SMS-LOG###Suraj prakash tayegam@123###OTP###754728
20260215 LOGIN-AUDIT##########anowarul23
20260215 SMS-LOG###anowarul23###OTP###253071
20260215 LOGIN-AUDIT##########HONDOR@LOT1
20260215 LOGIN-AUDIT##########HONDOR@LOT1
20260215 LOGIN-AUDIT##########rajesh_n4
20260215 SMS-LOG###rajesh_n4###OTP###614522
20260215 LOGIN-AUDIT##########HONDOR@LOT1
20260215 LOGIN-AUDIT##########rajesh_n4
20260215 SMS-LOG###rajesh_n4###OTP###878457
20260215 LOGIN-AUDIT##########HONDOR@LOT1
20260215 LOGIN-AUDIT##########NamitaCO
20260215 SMS-LOG###NamitaCO###OTP###328394
20260215 Insert-Failed Data: {"user_id":"NamitaCO","mobile_no":"9854417817","otp":"****94","ip":"172.16.24.43"}
20260215 LOGIN-AUDIT##########Ambika_1
20260215 SMS-LOG###Ambika_1###OTP###419570
20260215 USERID###NamitaCO###JWT###eyJ0eXAiOiJKV1QiLCJhbGciOiJIUzI1NiJ9.eyJTdWIiOiJsb2dpbnRva2VuIiwiVXNlck5hbWUiOiJOYW1pdGFDTyIsIkRpc3RfY29kZSI6IjcwNSIsIkNpcl9jb2RlIjoiMTAwMDAwMDAwMTkyMTciLCJOYW1lIjoiTmFtaXRhIEJvcmFoIiwiRGVzaWduYXRpb24iOiJDTyIsIlVzZXJDb2RlIjoiQ08zOCIsIlBhcmVudFVzZXJDb2RlIjoiQURDMTAiLCJQYXJlbnRVc2VyTmFtZSI6Ik5BIiwiVXNlclN0YXR1c1VwZGF0ZWQiOm51bGwsIkNsaWVudF9JUCI6IjE3Mi4xNi4yNC40MyIsIlNlc3Nfb3V0IjoiaHR0cHM6XC9cL2RoYXJpdHJlZS5hc3NhbS5nb3YuaW5cLyJ9._yY6MU3Rlg2sNxOUIWpdlqSu5L8yvzOTzL6jkgrh13k
20260215 LOGIN-AUDIT##########Ambika_1
20260215 SMS-LOG###Ambika_1###OTP###449924
20260215 LOGIN-AUDIT##########BBB
20260215 SMS-LOG###BBB###OTP###713666
20260215 LOGIN-AUDIT##########Ajim@lot1
20260215 SMS-LOG###Ajim@lot1###OTP###687631
20260215 Insert-Failed Data: {"user_id":"Ajim@lot1","mobile_no":"9678533477","otp":"****31","ip":"141.148.209.213"}
20260215 LOGIN-AUDIT##########bijunarzary@01
20260215 SMS-LOG###bijunarzary@01###OTP###298689
20260215 LOGIN-AUDIT##########Ambika_1
20260215 SMS-LOG###Ambika_1###OTP###151103
20260215 LOGIN-AUDIT##########biju03
20260215 SMS-LOG###biju03###OTP###833356
20260215 LOGIN-AUDIT##########conao_biswajit
20260215 SMS-LOG###conao_biswajit###OTP###554654
20260215 LOGIN-AUDIT##########Kamakhya2024
20260215 USERID###conao_biswajit###JWT###eyJ0eXAiOiJKV1QiLCJhbGciOiJIUzI1NiJ9.eyJTdWIiOiJsb2dpbnRva2VuIiwiVXNlck5hbWUiOiJjb25hb19iaXN3YWppdCIsIkRpc3RfY29kZSI6IjI5NSIsIkNpcl9jb2RlIjoiMTAwMDAwMDAwMDcwNjQiLCJOYW1lIjoiQmlzd2FqaXQgQm9yYWgiLCJEZXNpZ25hdGlvbiI6IkNPIiwiVXNlckNvZGUiOiJDTzI0IiwiUGFyZW50VXNlckNvZGUiOiJBREMxMSIsIlBhcmVudFVzZXJOYW1lIjoiTkEiLCJVc2VyU3RhdHVzVXBkYXRlZCI6bnVsbCwiQ2xpZW50X0lQIjoiMTcyLjE2LjI0LjQzIiwiU2Vzc19vdXQiOiJodHRwczpcL1wvZGhhcml0cmVlLmFzc2FtLmdvdi5pblwvIn0.a5D5F18jO7MiUpYklw2AykUK9wKPcQ_uRDcYZCBDcWE
20260215 LOGIN-AUDIT##########Suraj prakash tayegam@123
20260215 SMS-LOG###Suraj prakash tayegam@123###OTP###751977
20260215 LOGIN-AUDIT##########Kamakhya2024
20260215 SMS-LOG###Kamakhya2024###OTP###973859
20260215 LOGIN-AUDIT##########mandweep3
20260215 SMS-LOG###mandweep3###OTP###115497
20260215 LOGIN-AUDIT##########bijunarzary@01
20260215 SMS-LOG###bijunarzary@01###OTP###801737
20260215 CHECK-QUERY###SELECT lg.user_code FROM loginuser_table lg
join lm_code u on u.lm_code=lg.user_code and lg.dist_code=u.dist_code and lg.subdiv_code=u.subdiv_code and lg.cir_code=u.cir_code and lg.mouza_pargona_code=u.mouza_pargona_code and lg.lot_no=u.lot_no where lg.use_name='mandweep3' and lg.dis_enb_option='E' and lg.dist_code='11' and lg.subdiv_code='01' and lg.cir_code='08' and lg.mouza_pargona_code='03' and lg.lot_no='03' 
20260215 RESULT###["M16"]
20260215 BHUNAKSHA-USER##########eyJ0eXAiOiJKV1QiLCJhbGciOiJIUzI1NiJ9.eyJzdWIiOiJsb2dpbnRva2VuIiwiVXNlck5hbWUiOiJtYW5kd2VlcDMiLCJVc2VyIEdyb3VwIjoiTTE2IiwibGV2ZWxzIjoiMTEsMDEiLCJDbGllbnQgSVAiOiIxNDEuMTQ4LjIwOS4yMTMiLCJpYXQiOjE3NzExNTE0NjksImV4cCI6MTc3MTE1MTU4OX0.ZU4LTp5w8obdKaoeWAVaDfwbw-vLjNXTFG1y77HLSuc
20260215 CHECK-QUERY###SELECT lg.user_code,u.lm_name as name FROM loginuser_table lg
    join lm_code u on u.lm_code=lg.user_code and lg.dist_code=u.dist_code and lg.subdiv_code=u.subdiv_code and lg.cir_code=u.cir_code and lg.mouza_pargona_code=u.mouza_pargona_code and lg.lot_no=u.lot_no where lg.use_name='mandweep3' and lg.dis_enb_option='E' and lg.dist_code='11' and lg.subdiv_code='01' and lg.cir_code='08' and lg.mouza_pargona_code='03' and lg.lot_no='03' 
20260215 RESULT###["M16","\u09ae\u09a8\u09a6\u09cd\u09ac\u09c0\u09aa \u0995\u09c7\u0993\u0981\u099f "]
20260215 BHUNAKSHA-USER##########eyJ0eXAiOiJKV1QiLCJhbGciOiJIUzI1NiJ9.eyJ1c2VyX2NvZGUiOiJtYW5kd2VlcDMiLCJuYW1lIjoiXHUwOWFlXHUwOWE4XHUwOWE2XHUwOWNkXHUwOWFjXHUwOWMwXHUwOWFhIFx1MDk5NVx1MDljN1x1MDk5M1x1MDk4MVx1MDk5ZiAiLCJ1c2VyX2Rlc2lnX2NvZGUiOiJMUkEiLCJ1c2VfbmFtZSI6Im1hbmR3ZWVwMyIsImRpc3RfY29kZSI6IjExIiwic3ViZGl2X2NvZGUiOiIwMSIsImNpcl9jb2RlIjoiMDgiLCJtb3V6YV9wYXJnb25hX2NvZGUiOiIwMyIsImxvdF9ubyI6IjAzIiwibG9nZ2VkX2luIjp0cnVlLCJleHAiOjE3NzExNTE3Njl9.37onk_3QYuck3kzaeTlTcZe59Qmm6xrnqc9cqVJYGZM
20260215 LOGIN-AUDIT##########Debajit1
20260215 SMS-LOG###Debajit1###OTP###471933
20260215 Insert-Failed Data: {"user_id":"Debajit1","mobile_no":"7002543510","otp":"****33","ip":"141.148.209.213"}
20260215 LOGIN-AUDIT##########Debajit3
20260215 SMS-LOG###Debajit3###OTP###494857
20260215 Insert-Failed Data: {"user_id":"Debajit3","mobile_no":"7002543510","otp":"****57","ip":"141.148.209.213"}
20260215 LOGIN-AUDIT##########pulak01
20260215 SMS-LOG###pulak01###OTP###154225
20260215 Insert-Failed Data: {"user_id":"pulak01","mobile_no":"8638051218","otp":"****25","ip":"172.16.24.43"}
20260215 LOGIN-AUDIT##########jrajak
20260215 SMS-LOG###jrajak###OTP###907492
20260215 Insert-Failed Data: {"user_id":"jrajak","mobile_no":"7086442900","otp":"****92","ip":"172.16.24.43"}
20260215 USERID###jrajak###JWT###eyJ0eXAiOiJKV1QiLCJhbGciOiJIUzI1NiJ9.eyJTdWIiOiJsb2dpbnRva2VuIiwiVXNlck5hbWUiOiJqcmFqYWsiLCJEaXN0X2NvZGUiOiIzMDIiLCJDaXJfY29kZSI6IjEwMDAwMDAwMDEyNjc1IiwiTmFtZSI6Ilx1MDliNlx1MDljZFx1MDlmMFx1MDljMCBcdTA5OWNcdTA5YWZcdTA5YmNcdTA5YTZcdTA5YzBcdTA5YWEgXHUwOWYwXHUwOTljXHUwOTk1IiwiRGVzaWduYXRpb24iOiJDTyIsIlVzZXJDb2RlIjoiQ08zNyIsIlBhcmVudFVzZXJDb2RlIjoiQURDMTEiLCJQYXJlbnRVc2VyTmFtZSI6Ik5BIiwiVXNlclN0YXR1c1VwZGF0ZWQiOm51bGwsIkNsaWVudF9JUCI6IjE3Mi4xNi4yNC40MyIsIlNlc3Nfb3V0IjoiaHR0cHM6XC9cL2RoYXJpdHJlZS5hc3NhbS5nb3YuaW5cLyJ9.cj0TD6RjcvwVyNnDTtYr7Oh8qRHPUBO8noOnoVU1_k0
20260215 LOGIN-AUDIT##########rajesh_n4
20260215 SMS-LOG###rajesh_n4###OTP###715048
20260215 LOGIN-AUDIT##########mandweep3
20260215 SMS-LOG###mandweep3###OTP###759692
20260215 LOGIN-AUDIT##########suresh
20260215 SMS-LOG###suresh###OTP###705155
20260215 Insert-Failed Data: {"user_id":"suresh","mobile_no":"7896244799","otp":"****55","ip":"164.100.146.52"}
20260215 LOGIN-AUDIT##########conao_biswajit
20260215 SMS-LOG###conao_biswajit###OTP###688738
20260215 USERID###conao_biswajit###JWT###eyJ0eXAiOiJKV1QiLCJhbGciOiJIUzI1NiJ9.eyJTdWIiOiJsb2dpbnRva2VuIiwiVXNlck5hbWUiOiJjb25hb19iaXN3YWppdCIsIkRpc3RfY29kZSI6IjI5NSIsIkNpcl9jb2RlIjoiMTAwMDAwMDAwMDcwNjQiLCJOYW1lIjoiQmlzd2FqaXQgQm9yYWgiLCJEZXNpZ25hdGlvbiI6IkNPIiwiVXNlckNvZGUiOiJDTzI0IiwiUGFyZW50VXNlckNvZGUiOiJBREMxMSIsIlBhcmVudFVzZXJOYW1lIjoiTkEiLCJVc2VyU3RhdHVzVXBkYXRlZCI6bnVsbCwiQ2xpZW50X0lQIjoiMTcyLjE2LjI0LjQzIiwiU2Vzc19vdXQiOiJodHRwczpcL1wvZGhhcml0cmVlLmFzc2FtLmdvdi5pblwvIn0.a5D5F18jO7MiUpYklw2AykUK9wKPcQ_uRDcYZCBDcWE
20260215 LOGIN-AUDIT##########nilutpals568
20260215 SMS-LOG###nilutpals568###OTP###901226
20260215 Insert-Failed Data: {"user_id":"nilutpals568","mobile_no":"8134866212","otp":"****26","ip":"164.100.146.52"}
20260215 LOGIN-AUDIT##########Achyut6
20260215 SMS-LOG###Achyut6###OTP###818560
20260215 Insert-Failed Data: {"user_id":"Achyut6","mobile_no":"7002621845","otp":"****60","ip":"141.148.209.213"}
20260215 LOGIN-AUDIT##########biju03
20260215 SMS-LOG###biju03###OTP###137887
20260215 LOGIN-AUDIT##########manashsadiya3
20260215 SMS-LOG###manashsadiya3###OTP###244333
20260215 Insert-Failed Data: {"user_id":"manashsadiya3","mobile_no":"9864556296","otp":"****33","ip":"141.148.209.213"}
20260215 LOGIN-AUDIT##########hrishikesh123
20260215 SMS-LOG###hrishikesh123###OTP###578955
20260215 USERID###hrishikesh123###JWT###eyJ0eXAiOiJKV1QiLCJhbGciOiJIUzI1NiJ9.eyJTdWIiOiJsb2dpbnRva2VuIiwiVXNlck5hbWUiOiJocmlzaGlrZXNoMTIzIiwiRGlzdF9jb2RlIjoiMjk3IiwiQ2lyX2NvZGUiOiIxMDAwMDAwMDAxNzIwMyIsIk5hbWUiOiJcdTA5YjlcdTA5YzNcdTA5YjdcdTA5YmZcdTA5OTVcdTA5YzdcdTA5YjYgXHUwOWFjXHUwOWYwXHUwOWMxXHUwOWYxXHUwOWJlIFx1MDk4ZiBcdTA5OWFcdTA5YmYgXHUwOThmXHUwOTliIiwiRGVzaWduYXRpb24iOiJDTyIsIlVzZXJDb2RlIjoiQ080MCIsIlBhcmVudFVzZXJDb2RlIjoiQURDMTMiLCJQYXJlbnRVc2VyTmFtZSI6Ik5BIiwiVXNlclN0YXR1c1VwZGF0ZWQiOm51bGwsIkNsaWVudF9JUCI6IjE3Mi4xNi4yNC40MyIsIlNlc3Nfb3V0IjoiaHR0cHM6XC9cL2RoYXJpdHJlZS5hc3NhbS5nb3YuaW5cLyJ9.UseEJ2k2qEoGrVE-7BjG2Cw2nhkhP7CmE_cs7a6QyOU
20260215 LOGIN-AUDIT##########jrajak
20260215 SMS-LOG###jrajak###OTP###620200
20260215 Insert-Failed Data: {"user_id":"jrajak","mobile_no":"7086442900","otp":"****00","ip":"172.16.24.43"}
20260215 USERID###jrajak###JWT###eyJ0eXAiOiJKV1QiLCJhbGciOiJIUzI1NiJ9.eyJTdWIiOiJsb2dpbnRva2VuIiwiVXNlck5hbWUiOiJqcmFqYWsiLCJEaXN0X2NvZGUiOiIzMDIiLCJDaXJfY29kZSI6IjEwMDAwMDAwMDEyNjc1IiwiTmFtZSI6Ilx1MDliNlx1MDljZFx1MDlmMFx1MDljMCBcdTA5OWNcdTA5YWZcdTA5YmNcdTA5YTZcdTA5YzBcdTA5YWEgXHUwOWYwXHUwOTljXHUwOTk1IiwiRGVzaWduYXRpb24iOiJDTyIsIlVzZXJDb2RlIjoiQ08zNyIsIlBhcmVudFVzZXJDb2RlIjoiQURDMTEiLCJQYXJlbnRVc2VyTmFtZSI6Ik5BIiwiVXNlclN0YXR1c1VwZGF0ZWQiOm51bGwsIkNsaWVudF9JUCI6IjE3Mi4xNi4yNC40MyIsIlNlc3Nfb3V0IjoiaHR0cHM6XC9cL2RoYXJpdHJlZS5hc3NhbS5nb3YuaW5cLyJ9.cj0TD6RjcvwVyNnDTtYr7Oh8qRHPUBO8noOnoVU1_k0
20260215 LOGIN-AUDIT##########bhijitbali@3
20260215 SMS-LOG###bhijitbali@3###OTP###576738
20260215 LOGIN-AUDIT##########rajeeb1
20260215 SMS-LOG###rajeeb1###OTP###759845
20260215 LOGIN-AUDIT##########biju03
20260215 SMS-LOG###biju03###OTP###588822
20260215 USERID###rajeeb1###JWT###eyJ0eXAiOiJKV1QiLCJhbGciOiJIUzI1NiJ9.eyJTdWIiOiJsb2dpbnRva2VuIiwiVXNlck5hbWUiOiJyYWplZWIxIiwiRGlzdF9jb2RlIjoiMjg0IiwiQ2lyX2NvZGUiOiIxMDAwMDAwMDAxNTI4MSIsIk5hbWUiOiJSYWplZWIgU29ub3dhbCIsIkRlc2lnbmF0aW9uIjoiQ08iLCJVc2VyQ29kZSI6IkNPMjQiLCJQYXJlbnRVc2VyQ29kZSI6IkFEQzE0IiwiUGFyZW50VXNlck5hbWUiOiJOQSIsIlVzZXJTdGF0dXNVcGRhdGVkIjpudWxsLCJDbGllbnRfSVAiOiIxNDEuMTQ4LjIwOS4yMTMiLCJTZXNzX291dCI6Imh0dHBzOlwvXC9kaGFyaXRyZWUuYXNzYW0uZ292LmluXC8ifQ.8hBu7eC1-LKjIUcVg7vYNviKKi0UC9ZUkb_jqT_BsQQ
20260215 LOGIN-AUDIT##########dibakarlm
20260215 SMS-LOG###dibakarlm###OTP###733749
20260215 Insert-Failed Data: {"user_id":"dibakarlm","mobile_no":"8472939604","otp":"****49","ip":"141.148.209.213"}
20260215 LOGIN-AUDIT##########biju03
20260215 SMS-LOG###biju03###OTP###783604
20260215 LOGIN-AUDIT##########giteshlra10
20260215 SMS-LOG###giteshlra10###OTP###988135
20260215 LOGIN-AUDIT##########Suraj prakash tayegam@123
20260215 SMS-LOG###Suraj prakash tayegam@123###OTP###982871
20260215 LOGIN-AUDIT##########himanshugoroi4
20260215 SMS-LOG###himanshugoroi4###OTP###633748
20260215 LOGIN-AUDIT##########Suraj prakash tayegam@123
20260215 SMS-LOG###Suraj prakash tayegam@123###OTP###200318
20260215 LOGIN-AUDIT##########bijunarzary@01
20260215 SMS-LOG###bijunarzary@01###OTP###460053
20260215 LOGIN-AUDIT##########bijunarzary@01
20260215 SMS-LOG###bijunarzary@01###OTP###782001
20260215 LOGIN-AUDIT##########Gautam@6
20260215 SMS-LOG###Gautam@6###OTP###410336
20260215 LOGIN-AUDIT##########Suraj prakash tayegam@123
20260215 SMS-LOG###Suraj prakash tayegam@123###OTP###928207
20260215 LOGIN-AUDIT##########bhijitbali@3
20260215 SMS-LOG###bhijitbali@3###OTP###758055
20260215 LOGIN-AUDIT##########Suraj prakash tayegam@123
20260215 SMS-LOG###Suraj prakash tayegam@123###OTP###532668
20260215 LOGIN-AUDIT##########manojdoley
20260215 SMS-LOG###manojdoley###OTP###494900
20260215 Insert-Failed Data: {"user_id":"manojdoley","mobile_no":"7002564272","otp":"****00","ip":"141.148.209.213"}
20260215 LOGIN-AUDIT##########dcnalbari25
20260215 SMS-LOG###dcnalbari25###OTP###991246
20260215 Insert-Failed Data: {"user_id":"dcnalbari25","mobile_no":"9435186322","otp":"****46","ip":"164.100.149.254"}
20260215 USERID###dcnalbari25###JWT###eyJ0eXAiOiJKV1QiLCJhbGciOiJIUzI1NiJ9.eyJTdWIiOiJsb2dpbnRva2VuIiwiVXNlck5hbWUiOiJkY25hbGJhcmkyNSIsIkRpc3RfY29kZSI6IjI5OCIsIkNpcl9jb2RlIjoiMTAwMDAwMDAwMDM0OTgiLCJOYW1lIjoiTmliZWRhbiBEYXMiLCJEZXNpZ25hdGlvbiI6IkRDIiwiVXNlckNvZGUiOiJEQzYiLCJQYXJlbnRVc2VyQ29kZSI6bnVsbCwiUGFyZW50VXNlck5hbWUiOiJOQSIsIlVzZXJTdGF0dXNVcGRhdGVkIjpudWxsLCJDbGllbnRfSVAiOiIxNjQuMTAwLjE0OS4yNTQiLCJTZXNzX291dCI6Imh0dHBzOlwvXC9kaGFyaXRyZWUuYXNzYW0uZ292LmluXC8ifQ.uYA2K5Id1ibNuXGaWNr4rrtV9M78yCxNyEWKLtipL70
20260215 LOGIN-AUDIT##########conao_biswajit
20260215 SMS-LOG###conao_biswajit###OTP###648049
20260215 USERID###conao_biswajit###JWT###eyJ0eXAiOiJKV1QiLCJhbGciOiJIUzI1NiJ9.eyJTdWIiOiJsb2dpbnRva2VuIiwiVXNlck5hbWUiOiJjb25hb19iaXN3YWppdCIsIkRpc3RfY29kZSI6IjI5NSIsIkNpcl9jb2RlIjoiMTAwMDAwMDAwMDcwNjQiLCJOYW1lIjoiQmlzd2FqaXQgQm9yYWgiLCJEZXNpZ25hdGlvbiI6IkNPIiwiVXNlckNvZGUiOiJDTzI0IiwiUGFyZW50VXNlckNvZGUiOiJBREMxMSIsIlBhcmVudFVzZXJOYW1lIjoiTkEiLCJVc2VyU3RhdHVzVXBkYXRlZCI6bnVsbCwiQ2xpZW50X0lQIjoiMTcyLjE2LjI0LjQzIiwiU2Vzc19vdXQiOiJodHRwczpcL1wvZGhhcml0cmVlLmFzc2FtLmdvdi5pblwvIn0.a5D5F18jO7MiUpYklw2AykUK9wKPcQ_uRDcYZCBDcWE
20260215 LOGIN-AUDIT##########manojdoley
20260215 SMS-LOG###manojdoley###OTP###119719
20260215 Insert-Failed Data: {"user_id":"manojdoley","mobile_no":"7002564272","otp":"****19","ip":"141.148.209.213"}
20260215 USERID###manojdoley###JWT###eyJ0eXAiOiJKV1QiLCJhbGciOiJIUzI1NiJ9.eyJTdWIiOiJsb2dpbnRva2VuIiwiVXNlck5hbWUiOiJtYW5vamRvbGV5IiwiRGlzdF9jb2RlIjoiMjg4IiwiQ2lyX2NvZGUiOiIxMDAwMDAwMDAwODc4MyIsIk5hbWUiOiJNYW5vaiBLdW1hciBEb2xleSwgQUxSUyIsIkRlc2lnbmF0aW9uIjoiQ08iLCJVc2VyQ29kZSI6IkNPMjMiLCJQYXJlbnRVc2VyQ29kZSI6IkFEQzEwIiwiUGFyZW50VXNlck5hbWUiOiJOQSIsIlVzZXJTdGF0dXNVcGRhdGVkIjpudWxsLCJDbGllbnRfSVAiOiIxNDEuMTQ4LjIwOS4yMTMiLCJTZXNzX291dCI6Imh0dHBzOlwvXC9kaGFyaXRyZWUuYXNzYW0uZ292LmluXC8ifQ.9r1unvtcbHSzUANUSqtLlyaIc7yg017PtLMhRMTbpZU
20260215 LOGIN-AUDIT##########utpalco
20260215 SMS-LOG###utpalco###OTP###239452
20260215 LOGIN-AUDIT##########roysuprava121
20260215 SMS-LOG###roysuprava121###OTP###287865
20260215 USERID###roysuprava121###JWT###eyJ0eXAiOiJKV1QiLCJhbGciOiJIUzI1NiJ9.eyJTdWIiOiJsb2dpbnRva2VuIiwiVXNlck5hbWUiOiJyb3lzdXByYXZhMTIxIiwiRGlzdF9jb2RlIjoiMjk3IiwiQ2lyX2NvZGUiOiIxMDAwMDAwMDAxNzMyOSIsIk5hbWUiOiJcdTA5YjhcdTA5YzFcdTA5YWFcdTA5Y2RcdTA5ZjBcdTA5YWRcdTA5YmUgXHUwOWYwXHUwOWRmIiwiRGVzaWduYXRpb24iOiJDTyIsIlVzZXJDb2RlIjoiQ08yNiIsIlBhcmVudFVzZXJDb2RlIjoiQURDMTMiLCJQYXJlbnRVc2VyTmFtZSI6Ik5BIiwiVXNlclN0YXR1c1VwZGF0ZWQiOm51bGwsIkNsaWVudF9JUCI6IjE3Mi4xNi4yNC40MyIsIlNlc3Nfb3V0IjoiaHR0cHM6XC9cL2RoYXJpdHJlZS5hc3NhbS5nb3YuaW5cLyJ9.AWgDPAypX3806mwldHThX1K8hWgbCfeHnHQifquj0zM
20260215 USERID###utpalco###JWT###eyJ0eXAiOiJKV1QiLCJhbGciOiJIUzI1NiJ9.eyJTdWIiOiJsb2dpbnRva2VuIiwiVXNlck5hbWUiOiJ1dHBhbGNvIiwiRGlzdF9jb2RlIjoiMjkxIiwiQ2lyX2NvZGUiOiIxMDAwMDAwMDAwMzg1OCIsIk5hbWUiOiJcdTA5ODlcdTA5Y2VcdTA5YWFcdTA5YjIgXHUwOTk1XHUwOWMxXHUwOWFlXHUwOWJlXHUwOWYwIFx1MDlhMVx1MDljN1x1MDk5NVx1MDliZSAgIiwiRGVzaWduYXRpb24iOiJDTyIsIlVzZXJDb2RlIjoiQ080OSIsIlBhcmVudFVzZXJDb2RlIjoiQURDMjIiLCJQYXJlbnRVc2VyTmFtZSI6Ik5BIiwiVXNlclN0YXR1c1VwZGF0ZWQiOm51bGwsIkNsaWVudF9JUCI6IjE0MS4xNDguMjA5LjIxMyIsIlNlc3Nfb3V0IjoiaHR0cHM6XC9cL2RoYXJpdHJlZS5hc3NhbS5nb3YuaW5cLyJ9.yrgGlerpyprtmjc5DsTyhv7CZsZ8G8oaCmEOe0gfaNc
20260215 LOGIN-AUDIT##########giteshlra10
20260215 SMS-LOG###giteshlra10###OTP###632989
20260215 LOGIN-AUDIT##########giteshlra10
20260215 SMS-LOG###giteshlra10###OTP###803239
20260215 LOGIN-AUDIT##########rabindra03
20260215 SMS-LOG###rabindra03###OTP###499708
20260215 Insert-Failed Data: {"user_id":"rabindra03","mobile_no":"9435930263","otp":"****08","ip":"172.16.24.43"}
20260215 LOGIN-AUDIT##########nice789
20260215 SMS-LOG###nice789###OTP###161496
20260215 Insert-Failed Data: {"user_id":"nice789","mobile_no":"9706457324","otp":"****96","ip":"141.148.209.213"}
20260215 LOGIN-AUDIT##########Manas@90
20260215 LOGIN-AUDIT##########smpg01
20260215 SMS-LOG###smpg01###OTP###665497
20260215 Insert-Failed Data: {"user_id":"smpg01","mobile_no":"8638564619","otp":"****97","ip":"172.16.24.43"}
20260215 LOGIN-AUDIT##########Manas@90
20260215 SMS-LOG###Manas@90###OTP###765833
20260215 Insert-Failed Data: {"user_id":"Manas@90","mobile_no":"9101240615","otp":"****33","ip":"172.16.24.43"}
20260215 LOGIN-AUDIT##########gyanjyotid
20260215 SMS-LOG###gyanjyotid###OTP###359507
20260215 Insert-Failed Data: {"user_id":"gyanjyotid","mobile_no":"9954334953","otp":"****07","ip":"172.16.24.43"}
20260215 USERID###gyanjyotid###JWT###eyJ0eXAiOiJKV1QiLCJhbGciOiJIUzI1NiJ9.eyJTdWIiOiJsb2dpbnRva2VuIiwiVXNlck5hbWUiOiJneWFuanlvdGlkIiwiRGlzdF9jb2RlIjoiMzAyIiwiQ2lyX2NvZGUiOiIxMDAwMDAwMDAxMjY2OSIsIk5hbWUiOiIgXHUwOWI2XHUwOWNkXHUwOWYwXHUwOWMwIFx1MDk5Y1x1MDljZFx1MDk5ZVx1MDliZVx1MDlhOFx1MDk5Y1x1MDljZFx1MDlhZlx1MDljYlx1MDlhNFx1MDliZiBcdTA5YTZcdTA5YTRcdTA5Y2RcdTA5YTQiLCJEZXNpZ25hdGlvbiI6IkNPIiwiVXNlckNvZGUiOiJDTzM4IiwiUGFyZW50VXNlckNvZGUiOiJBREMxMSIsIlBhcmVudFVzZXJOYW1lIjoiTkEiLCJVc2VyU3RhdHVzVXBkYXRlZCI6bnVsbCwiQ2xpZW50X0lQIjoiMTcyLjE2LjI0LjQzIiwiU2Vzc19vdXQiOiJodHRwczpcL1wvZGhhcml0cmVlLmFzc2FtLmdvdi5pblwvIn0.Y25Q6aWArz8ulhNa8BgQ1cyUHlbBLy9uSFSOfoGoH9g
20260215 LOGIN-AUDIT##########Anirudha
20260215 SMS-LOG###Anirudha###OTP###134982
20260215 Insert-Failed Data: {"user_id":"Anirudha","mobile_no":"7086441098","otp":"****82","ip":"164.100.146.52"}
20260215 USERID###Anirudha###JWT###eyJ0eXAiOiJKV1QiLCJhbGciOiJIUzI1NiJ9.eyJTdWIiOiJsb2dpbnRva2VuIiwiVXNlck5hbWUiOiJBbmlydWRoYSIsIkRpc3RfY29kZSI6IjMwMiIsIkNpcl9jb2RlIjoiMTAwMDAwMDAwMTI2NzUiLCJOYW1lIjoiXHUwOTg1XHUwOWE4XHUwOWJmXHUwOWYwXHUwOWMxXHUwOWE2XHUwOWNkXHUwOWE3IFx1MDlhZFx1MDk5Zlx1MDljZFx1MDk5Zlx1MDliZVx1MDk5YVx1MDliZVx1MDlmMFx1MDljZFx1MDlhZlx1MDljZFx1MDlhZiIsIkRlc2lnbmF0aW9uIjoiQVNUIiwiVXNlckNvZGUiOiJBUzQiLCJQYXJlbnRVc2VyQ29kZSI6IkNPMzciLCJQYXJlbnRVc2VyTmFtZSI6ImpyYWphayIsIlVzZXJTdGF0dXNVcGRhdGVkIjpudWxsLCJDbGllbnRfSVAiOiIxNjQuMTAwLjE0Ni41MiIsIlNlc3Nfb3V0IjoiaHR0cHM6XC9cL2RoYXJpdHJlZS5hc3NhbS5nb3YuaW5cLyJ9.XqVZStCeSqZzjG9KJ2nx_8qV9qpawVGBZbCoYWnI1aM
20260215 LOGIN-AUDIT##########rajeeb1
20260215 SMS-LOG###rajeeb1###OTP###440696
20260215 USERID###rajeeb1###JWT###eyJ0eXAiOiJKV1QiLCJhbGciOiJIUzI1NiJ9.eyJTdWIiOiJsb2dpbnRva2VuIiwiVXNlck5hbWUiOiJyYWplZWIxIiwiRGlzdF9jb2RlIjoiMjg0IiwiQ2lyX2NvZGUiOiIxMDAwMDAwMDAxNTI4MSIsIk5hbWUiOiJSYWplZWIgU29ub3dhbCIsIkRlc2lnbmF0aW9uIjoiQ08iLCJVc2VyQ29kZSI6IkNPMjQiLCJQYXJlbnRVc2VyQ29kZSI6IkFEQzE0IiwiUGFyZW50VXNlck5hbWUiOiJOQSIsIlVzZXJTdGF0dXNVcGRhdGVkIjpudWxsLCJDbGllbnRfSVAiOiIxNDEuMTQ4LjIwOS4yMTMiLCJTZXNzX291dCI6Imh0dHBzOlwvXC9kaGFyaXRyZWUuYXNzYW0uZ292LmluXC8ifQ.8hBu7eC1-LKjIUcVg7vYNviKKi0UC9ZUkb_jqT_BsQQ
20260215 LOGIN-AUDIT##########co_navanita
20260215 SMS-LOG###co_navanita###OTP###537722
20260215 USERID###co_navanita###JWT###eyJ0eXAiOiJKV1QiLCJhbGciOiJIUzI1NiJ9.eyJTdWIiOiJsb2dpbnRva2VuIiwiVXNlck5hbWUiOiJjb19uYXZhbml0YSIsIkRpc3RfY29kZSI6IjI5NSIsIkNpcl9jb2RlIjoiMTAwMDAwMDAwMDcwMTMiLCJOYW1lIjoiXHUwOWE4XHUwOWYxXHUwOWE4XHUwOWMwXHUwOWE0XHUwOWJlIFx1MDliOVx1MDliZVx1MDk5Y1x1MDlmMFx1MDliZlx1MDk5NVx1MDliZSIsIkRlc2lnbmF0aW9uIjoiQ08iLCJVc2VyQ29kZSI6IkNPMzEiLCJQYXJlbnRVc2VyQ29kZSI6IkFEQzExIiwiUGFyZW50VXNlck5hbWUiOiJOQSIsIlVzZXJTdGF0dXNVcGRhdGVkIjpudWxsLCJDbGllbnRfSVAiOiIxNzIuMTYuMjQuNDMiLCJTZXNzX291dCI6Imh0dHBzOlwvXC9kaGFyaXRyZWUuYXNzYW0uZ292LmluXC8ifQ.neaL8EAo260-Tsf-kNvzVqTVJ7vI-2_NJfMYTJpbLEs
20260215 LOGIN-AUDIT##########hitesh05
20260215 SMS-LOG###hitesh05###OTP###243844
20260215 LOGIN-AUDIT##########amalhotra
20260215 SMS-LOG###amalhotra###OTP###181331
20260215 LOGIN-AUDIT##########Moneswar13
20260215 SMS-LOG###Moneswar13###OTP###965269
20260215 USERID###amalhotra###JWT###eyJ0eXAiOiJKV1QiLCJhbGciOiJIUzI1NiJ9.eyJTdWIiOiJsb2dpbnRva2VuIiwiVXNlck5hbWUiOiJhbWFsaG90cmEiLCJEaXN0X2NvZGUiOiIyODQiLCJDaXJfY29kZSI6IjEwMDAwMDAwMDE1MTY1IiwiTmFtZSI6IkFuYW5kIE1hbGhvdHJhIiwiRGVzaWduYXRpb24iOiJBREMiLCJVc2VyQ29kZSI6IkFEQzE1IiwiUGFyZW50VXNlckNvZGUiOiJEQzEwIiwiUGFyZW50VXNlck5hbWUiOiJEaGVtYWppLWRjIiwiVXNlclN0YXR1c1VwZGF0ZWQiOm51bGwsIkNsaWVudF9JUCI6IjE0MS4xNDguMjA5LjIxMyIsIlNlc3Nfb3V0IjoiaHR0cHM6XC9cL2RoYXJpdHJlZS5hc3NhbS5nb3YuaW5cLyJ9.tiwHIffiZgPI3EoP-6xno-7LzXDnjbYziLrfKwsXFJs
20260215 LOGIN-AUDIT##########chandra222
20260215 SMS-LOG###chandra222###OTP###477192
20260215 LOGIN-AUDIT##########rinkub3
20260215 SMS-LOG###rinkub3###OTP###438903
20260215 LOGIN-AUDIT##########saikia@11
20260215 SMS-LOG###saikia@11###OTP###953949
20260215 LOGIN-AUDIT##########arundhuti
20260215 SMS-LOG###arundhuti###OTP###823456
20260215 Insert-Failed Data: {"user_id":"arundhuti","mobile_no":"8638182349","otp":"****56","ip":"172.16.24.43"}
20260215 USERID###arundhuti###JWT###eyJ0eXAiOiJKV1QiLCJhbGciOiJIUzI1NiJ9.eyJTdWIiOiJsb2dpbnRva2VuIiwiVXNlck5hbWUiOiJhcnVuZGh1dGkiLCJEaXN0X2NvZGUiOiI2MTgiLCJDaXJfY29kZSI6IjEwMDAwMDAwMDE1MDA3IiwiTmFtZSI6IkFydW5kaHV0aSBOYXJhaCBNaXB1biIsIkRlc2lnbmF0aW9uIjoiQURDIiwiVXNlckNvZGUiOiJBREMxNiIsIlBhcmVudFVzZXJDb2RlIjoiREM1IiwiUGFyZW50VXNlck5hbWUiOiJOQSIsIlVzZXJTdGF0dXNVcGRhdGVkIjpudWxsLCJDbGllbnRfSVAiOiIxNzIuMTYuMjQuNDMiLCJTZXNzX291dCI6Imh0dHBzOlwvXC9kaGFyaXRyZWUuYXNzYW0uZ292LmluXC8ifQ.gGOJmd10lB9OILoTw9sN7pEEJ-ajmME8wwys0KPhuiY
20260215 LOGIN-AUDIT##########hitesh05
20260215 SMS-LOG###hitesh05###OTP###917440
20260215 LOGIN-AUDIT##########hitesh05
20260215 SMS-LOG###hitesh05###OTP###260800
20260215 LOGIN-AUDIT##########bhijitbali@3
20260215 SMS-LOG###bhijitbali@3###OTP###460497
20260215 LOGIN-AUDIT##########speguco
20260215 SMS-LOG###speguco###OTP###391604
20260215 Insert-Failed Data: {"user_id":"speguco","mobile_no":"6003733544","otp":"****04","ip":"172.16.24.43"}
20260215 USERID###speguco###JWT###eyJ0eXAiOiJKV1QiLCJhbGciOiJIUzI1NiJ9.eyJTdWIiOiJsb2dpbnRva2VuIiwiVXNlck5hbWUiOiJzcGVndWNvIiwiRGlzdF9jb2RlIjoiMjg3IiwiQ2lyX2NvZGUiOiIxMDAwMDAwMDAwMTA4MCIsIk5hbWUiOiJTb3ZpYSBQZWd1IiwiRGVzaWduYXRpb24iOiJDTyIsIlVzZXJDb2RlIjoiQ08yMiIsIlBhcmVudFVzZXJDb2RlIjoiQURDMTAiLCJQYXJlbnRVc2VyTmFtZSI6Ik5BIiwiVXNlclN0YXR1c1VwZGF0ZWQiOm51bGwsIkNsaWVudF9JUCI6IjE3Mi4xNi4yNC40MyIsIlNlc3Nfb3V0IjoiaHR0cHM6XC9cL2RoYXJpdHJlZS5hc3NhbS5nb3YuaW5cLyJ9.-YTcZ98f0Hwp7XWRnKyU1NqFFbioNUcM21h0DopGJRs
20260215 LOGIN-AUDIT##########Sanowar05
20260215 SMS-LOG###Sanowar05###OTP###192089
20260215 LOGIN-AUDIT##########Tapanj4
20260215 SMS-LOG###Tapanj4###OTP###875610
20260215 LOGIN-AUDIT##########MSenapoti5
20260215 SMS-LOG###MSenapoti5###OTP###964922
20260215 Insert-Failed Data: {"user_id":"MSenapoti5","mobile_no":"7002694862","otp":"****22","ip":"144.24.115.164"}
20260215 LOGIN-AUDIT##########nayak1
20260215 SMS-LOG###nayak1###OTP###103691
20260215 LOGIN-AUDIT##########cokhirodk
20260215 SMS-LOG###cokhirodk###OTP###130802
20260215 USERID###cokhirodk###JWT###eyJ0eXAiOiJKV1QiLCJhbGciOiJIUzI1NiJ9.eyJTdWIiOiJsb2dpbnRva2VuIiwiVXNlck5hbWUiOiJjb2toaXJvZGsiLCJEaXN0X2NvZGUiOiIzMDEiLCJDaXJfY29kZSI6IjEwMDAwMDAwMDA2MjQwIiwiTmFtZSI6Ilx1MDlhMVx1MDliZVx1MDk4MyBcdTA5OTVcdTA5Y2RcdTA5YjdcdTA5YzBcdTA5ZjBcdTA5Y2JcdTA5YTYgXHUwOTk1XHUwOWFlXHUwOWIyIFx1MDliOVx1MDliZVx1MDk5Y1x1MDlmMFx1MDljMFx1MDk5NVx1MDliZSIsIkRlc2lnbmF0aW9uIjoiQ08iLCJVc2VyQ29kZSI6IkNPMzAiLCJQYXJlbnRVc2VyQ29kZSI6IkFEQzEyIiwiUGFyZW50VXNlck5hbWUiOiJOQSIsIlVzZXJTdGF0dXNVcGRhdGVkIjpudWxsLCJDbGllbnRfSVAiOiIxNzIuMTYuMjQuNDMiLCJTZXNzX291dCI6Imh0dHBzOlwvXC9kaGFyaXRyZWUuYXNzYW0uZ292LmluXC8ifQ.uNzmkcS8REYV3CxMnsIDB9NQVXAIaXdledfnnbbbzj0
20260215 LOGIN-AUDIT##########sanjay@hkd
20260215 SMS-LOG###sanjay@hkd###OTP###208634
20260215 LOGIN-AUDIT##########tonmoy009
20260215 SMS-LOG###tonmoy009###OTP###759184
20260215 LOGIN-AUDIT##########bhijitbali@3
20260215 SMS-LOG###bhijitbali@3###OTP###734274
20260215 LOGIN-AUDIT##########Manoj11
20260215 SMS-LOG###Manoj11###OTP###599276
20260215 Insert-Failed Data: {"user_id":"Manoj11","mobile_no":"8638676496","otp":"****76","ip":"172.16.24.43"}
20260215 LOGIN-AUDIT##########matiur06
20260215 SMS-LOG###matiur06###OTP###744294
20260215 LOGIN-AUDIT##########AjayTeron4
20260215 SMS-LOG###AjayTeron4###OTP###726814
20260215 Insert-Failed Data: {"user_id":"AjayTeron4","mobile_no":"9706370704","otp":"****14","ip":"172.16.24.43"}
20260215 LOGIN-AUDIT##########MSenapoti5
20260215 SMS-LOG###MSenapoti5###OTP###199666
20260215 Insert-Failed Data: {"user_id":"MSenapoti5","mobile_no":"7002694862","otp":"****66","ip":"144.24.115.164"}
20260215 LOGIN-AUDIT##########hitesh05
20260215 SMS-LOG###hitesh05###OTP###516470
20260215 LOGIN-AUDIT##########Manas@90
20260215 SMS-LOG###Manas@90###OTP###358944
20260215 Insert-Failed Data: {"user_id":"Manas@90","mobile_no":"9101240615","otp":"****44","ip":"172.16.24.43"}
20260215 LOGIN-AUDIT##########LMDasrup5
20260215 SMS-LOG###LMDasrup5###OTP###278047
20260215 Insert-Failed Data: {"user_id":"LMDasrup5","mobile_no":"7002452945","otp":"****47","ip":"172.16.24.43"}
20260215 LOGIN-AUDIT##########kayeesahmed
20260215 SMS-LOG###kayeesahmed###OTP###855851
20260215 LOGIN-AUDIT##########cohkd
20260215 SMS-LOG###cohkd###OTP###230340
20260215 USERID###cohkd###JWT###eyJ0eXAiOiJKV1QiLCJhbGciOiJIUzI1NiJ9.eyJTdWIiOiJsb2dpbnRva2VuIiwiVXNlck5hbWUiOiJjb2hrZCIsIkRpc3RfY29kZSI6IjI4OSIsIkNpcl9jb2RlIjoiMTAwMDAwMDAwMjYxMzkiLCJOYW1lIjoiS2lsdW50ZXVsZSBKZW1lIiwiRGVzaWduYXRpb24iOiJDTyIsIlVzZXJDb2RlIjoiQ08yIiwiUGFyZW50VXNlckNvZGUiOiJBREMxIiwiUGFyZW50VXNlck5hbWUiOiJOQSIsIlVzZXJTdGF0dXNVcGRhdGVkIjpudWxsLCJDbGllbnRfSVAiOiIxNzIuMTYuMjQuNDMiLCJTZXNzX291dCI6Imh0dHBzOlwvXC9kaGFyaXRyZWUuYXNzYW0uZ292LmluXC8ifQ.tMRsFjNuQxxY2oYNAP-kwxnSE223CCq0hkCwQHitJx4
20260215 LOGIN-AUDIT##########Nalini02
20260215 SMS-LOG###Nalini02###OTP###128258
20260215 LOGIN-AUDIT##########as03eg
20260215 SMS-LOG###as03eg###OTP###407962
20260215 Insert-Failed Data: {"user_id":"as03eg","mobile_no":"9127362293","otp":"****62","ip":"172.16.24.43"}
20260215 LOGIN-AUDIT##########kayeesahmed
20260215 SMS-LOG###kayeesahmed###OTP###236583
20260215 LOGIN-AUDIT##########ranjit_2026
20260215 SMS-LOG###ranjit_2026###OTP###522060
20260215 USERID###kayeesahmed###JWT###eyJ0eXAiOiJKV1QiLCJhbGciOiJIUzI1NiJ9.eyJTdWIiOiJsb2dpbnRva2VuIiwiVXNlck5hbWUiOiJrYXllZXNhaG1lZCIsIkRpc3RfY29kZSI6IjI4OSIsIkNpcl9jb2RlIjoiMTAwMDAwMDAwMjYxMzkiLCJOYW1lIjoiS2F5ZWVzIEFobWVkIEJhcmJodWl5YSIsIkRlc2lnbmF0aW9uIjoiQVNUIiwiVXNlckNvZGUiOiJBUzEiLCJQYXJlbnRVc2VyQ29kZSI6IkNPNiIsIlBhcmVudFVzZXJOYW1lIjoiTkEiLCJVc2VyU3RhdHVzVXBkYXRlZCI6bnVsbCwiQ2xpZW50X0lQIjoiMTcyLjE2LjI0LjQzIiwiU2Vzc19vdXQiOiJodHRwczpcL1wvZGhhcml0cmVlLmFzc2FtLmdvdi5pblwvIn0._Ov5-rf81y8oeWrDDscxbg3Gy_CMsScUAjNvbQ5JVYg
20260215 LOGIN-AUDIT##########monoj@1234
20260215 SMS-LOG###monoj@1234###OTP###200923
20260215 Insert-Failed Data: {"user_id":"monoj@1234","mobile_no":"8638676496","otp":"****23","ip":"172.16.24.43"}
20260215 LOGIN-AUDIT##########Manoj11
20260215 SMS-LOG###Manoj11###OTP###803841
20260215 Insert-Failed Data: {"user_id":"Manoj11","mobile_no":"8638676496","otp":"****41","ip":"172.16.24.43"}
20260215 LOGIN-AUDIT##########CO_Queen
20260215 SMS-LOG###CO_Queen###OTP###272375
20260215 USERID###CO_Queen###JWT###eyJ0eXAiOiJKV1QiLCJhbGciOiJIUzI1NiJ9.eyJTdWIiOiJsb2dpbnRva2VuIiwiVXNlck5hbWUiOiJDT19RdWVlbiIsIkRpc3RfY29kZSI6IjI4NiIsIkNpcl9jb2RlIjoiMTAwMDAwMDAwMTEyNTAiLCJOYW1lIjoiXHUwOTk1XHUwOWMxXHUwOTg3XHUwOWE4IFx1MDk5N1x1MDk5N1x1MDljOCIsIkRlc2lnbmF0aW9uIjoiQ08iLCJVc2VyQ29kZSI6IkNPMjkiLCJQYXJlbnRVc2VyQ29kZSI6IkFEQzEwIiwiUGFyZW50VXNlck5hbWUiOiJOQSIsIlVzZXJTdGF0dXNVcGRhdGVkIjpudWxsLCJDbGllbnRfSVAiOiIxNDQuMjQuMTE1LjE2NCIsIlNlc3Nfb3V0IjoiaHR0cHM6XC9cL2RoYXJpdHJlZS5hc3NhbS5nb3YuaW5cLyJ9.Ot-V6Z8slOo_FBiFvZQIjVF8fl0rSvvMKGJ6fqb0UZg
20260215 LOGIN-AUDIT##########lraapurba@
20260215 SMS-LOG###lraapurba@###OTP###986363
20260215 LOGIN-AUDIT##########mandweep3
20260215 SMS-LOG###mandweep3###OTP###525787
20260215 CHECK-QUERY###SELECT lg.user_code FROM loginuser_table lg
join lm_code u on u.lm_code=lg.user_code and lg.dist_code=u.dist_code and lg.subdiv_code=u.subdiv_code and lg.cir_code=u.cir_code and lg.mouza_pargona_code=u.mouza_pargona_code and lg.lot_no=u.lot_no where lg.use_name='mandweep3' and lg.dis_enb_option='E' and lg.dist_code='11' and lg.subdiv_code='01' and lg.cir_code='08' and lg.mouza_pargona_code='03' and lg.lot_no='03' 
20260215 RESULT###["M16"]
20260215 BHUNAKSHA-USER##########eyJ0eXAiOiJKV1QiLCJhbGciOiJIUzI1NiJ9.eyJzdWIiOiJsb2dpbnRva2VuIiwiVXNlck5hbWUiOiJtYW5kd2VlcDMiLCJVc2VyIEdyb3VwIjoiTTE2IiwibGV2ZWxzIjoiMTEsMDEiLCJDbGllbnQgSVAiOiIxNDEuMTQ4LjIwOS4yMTMiLCJpYXQiOjE3NzExNzE1NjYsImV4cCI6MTc3MTE3MTY4Nn0.Ocpn2KNVXIaAaa6X5cQk26_WhrF9lKvQBW4kPAMWcGo
20260215 CHECK-QUERY###SELECT lg.user_code,u.lm_name as name FROM loginuser_table lg
    join lm_code u on u.lm_code=lg.user_code and lg.dist_code=u.dist_code and lg.subdiv_code=u.subdiv_code and lg.cir_code=u.cir_code and lg.mouza_pargona_code=u.mouza_pargona_code and lg.lot_no=u.lot_no where lg.use_name='mandweep3' and lg.dis_enb_option='E' and lg.dist_code='11' and lg.subdiv_code='01' and lg.cir_code='08' and lg.mouza_pargona_code='03' and lg.lot_no='03' 
20260215 RESULT###["M16","\u09ae\u09a8\u09a6\u09cd\u09ac\u09c0\u09aa \u0995\u09c7\u0993\u0981\u099f "]
20260215 BHUNAKSHA-USER##########eyJ0eXAiOiJKV1QiLCJhbGciOiJIUzI1NiJ9.eyJ1c2VyX2NvZGUiOiJtYW5kd2VlcDMiLCJuYW1lIjoiXHUwOWFlXHUwOWE4XHUwOWE2XHUwOWNkXHUwOWFjXHUwOWMwXHUwOWFhIFx1MDk5NVx1MDljN1x1MDk5M1x1MDk4MVx1MDk5ZiAiLCJ1c2VyX2Rlc2lnX2NvZGUiOiJMUkEiLCJ1c2VfbmFtZSI6Im1hbmR3ZWVwMyIsImRpc3RfY29kZSI6IjExIiwic3ViZGl2X2NvZGUiOiIwMSIsImNpcl9jb2RlIjoiMDgiLCJtb3V6YV9wYXJnb25hX2NvZGUiOiIwMyIsImxvdF9ubyI6IjAzIiwibG9nZ2VkX2luIjp0cnVlLCJleHAiOjE3NzExNzE4NjZ9.wZhTD8GSExKiIDx1T2-Rjp5sYyB23xnoPJqJx-PQOHA
20260215 LOGIN-AUDIT##########cdc-sipajhar
20260215 SMS-LOG###cdc-sipajhar###OTP###184953
20260215 USERID###cdc-sipajhar###JWT###eyJ0eXAiOiJKV1QiLCJhbGciOiJIUzI1NiJ9.eyJTdWIiOiJsb2dpbnRva2VuIiwiVXNlck5hbWUiOiJjZGMtc2lwYWpoYXIiLCJEaXN0X2NvZGUiOiIyODMiLCJDaXJfY29kZSI6IjEwMDAwMDAwMDA1MTg1IiwiTmFtZSI6IlBhcGFyaSBEYXMiLCJEZXNpZ25hdGlvbiI6IkFEQyIsIlVzZXJDb2RlIjoiQURDMTYiLCJQYXJlbnRVc2VyQ29kZSI6IkRDMTIiLCJQYXJlbnRVc2VyTmFtZSI6InB1YmFsaS1kYy1kYXJyYW5nIiwiVXNlclN0YXR1c1VwZGF0ZWQiOm51bGwsIkNsaWVudF9JUCI6IjE3Mi4xNi4yNC40MyIsIlNlc3Nfb3V0IjoiaHR0cHM6XC9cL2RoYXJpdHJlZS5hc3NhbS5nb3YuaW5cLyJ9.EXam3li0pUH3pGYmXAKKy4LlW4m4iSUQ7ECHtMzEuUY
20260215 LOGIN-AUDIT##########Ashman10
20260215 SMS-LOG###Ashman10###OTP###144319
20260215 LOGIN-AUDIT##########dulal786
20260215 SMS-LOG###dulal786###OTP###510776
20260215 LOGIN-AUDIT##########ar2cg07f
20260215 SMS-LOG###ar2cg07f###OTP###138646
20260215 Insert-Failed Data: {"user_id":"ar2cg07f","mobile_no":"7399531201","otp":"****46","ip":"172.16.24.43"}
20260215 LOGIN-AUDIT##########hailakandidc_217
20260215 SMS-LOG###hailakandidc_217###OTP###523485
20260215 USERID###hailakandidc_217###JWT###eyJ0eXAiOiJKV1QiLCJhbGciOiJIUzI1NiJ9.eyJTdWIiOiJsb2dpbnRva2VuIiwiVXNlck5hbWUiOiJoYWlsYWthbmRpZGNfMjE3IiwiRGlzdF9jb2RlIjoiMjg5IiwiQ2lyX2NvZGUiOiIxMDAwMDAwMDAyNTkzNyIsIk5hbWUiOiJBYmhpc2hlayBKYWluIiwiRGVzaWduYXRpb24iOiJEQyIsIlVzZXJDb2RlIjoiREMzIiwiUGFyZW50VXNlckNvZGUiOm51bGwsIlBhcmVudFVzZXJOYW1lIjoiTkEiLCJVc2VyU3RhdHVzVXBkYXRlZCI6bnVsbCwiQ2xpZW50X0lQIjoiMTcyLjE2LjI0LjQzIiwiU2Vzc19vdXQiOiJodHRwczpcL1wvZGhhcml0cmVlLmFzc2FtLmdvdi5pblwvIn0.9v8xsSxk4x1W-dsKwJ2Y72rashBpEoZqYRKSV3WxBgU
20260215 LOGIN-AUDIT##########Tapanj4
20260215 SMS-LOG###Tapanj4###OTP###666399
20260215 LOGIN-AUDIT##########senga
20260215 SMS-LOG###senga###OTP###858385
20260215 USERID###senga###JWT###eyJ0eXAiOiJKV1QiLCJhbGciOiJIUzI1NiJ9.eyJTdWIiOiJsb2dpbnRva2VuIiwiVXNlck5hbWUiOiJzZW5nYSIsIkRpc3RfY29kZSI6IjI5NyIsIkNpcl9jb2RlIjoiMTAwMDAwMDAwMTcyMjEiLCJOYW1lIjoiXHUwOTg1XHUwOTllXHUwOWNkXHUwOTljXHUwOWE4IFx1MDk5NVx1MDljMVx1MDlhZVx1MDliZVx1MDlmMCBcdTA5OWFcdTA5YzdcdTA5OTlcdTA5YmUiLCJEZXNpZ25hdGlvbiI6IkFTVCIsIlVzZXJDb2RlIjoiQVM3IiwiUGFyZW50VXNlckNvZGUiOiJDTzM4IiwiUGFyZW50VXNlck5hbWUiOiJTYXVyYXZrZCIsIlVzZXJTdGF0dXNVcGRhdGVkIjpudWxsLCJDbGllbnRfSVAiOiIxNzIuMTYuMjQuNDMiLCJTZXNzX291dCI6Imh0dHBzOlwvXC9kaGFyaXRyZWUuYXNzYW0uZ292LmluXC8ifQ.yavCavhSgRxAIpwTRAivWvJdDuIGs16eFsF02D4Z5qQ
20260215 LOGIN-AUDIT##########rajeeb1
20260215 SMS-LOG###rajeeb1###OTP###723338
20260215 USERID###rajeeb1###JWT###eyJ0eXAiOiJKV1QiLCJhbGciOiJIUzI1NiJ9.eyJTdWIiOiJsb2dpbnRva2VuIiwiVXNlck5hbWUiOiJyYWplZWIxIiwiRGlzdF9jb2RlIjoiMjg0IiwiQ2lyX2NvZGUiOiIxMDAwMDAwMDAxNTI4MSIsIk5hbWUiOiJSYWplZWIgU29ub3dhbCIsIkRlc2lnbmF0aW9uIjoiQ08iLCJVc2VyQ29kZSI6IkNPMjQiLCJQYXJlbnRVc2VyQ29kZSI6IkFEQzE0IiwiUGFyZW50VXNlck5hbWUiOiJOQSIsIlVzZXJTdGF0dXNVcGRhdGVkIjpudWxsLCJDbGllbnRfSVAiOiIxNDEuMTQ4LjIwOS4yMTMiLCJTZXNzX291dCI6Imh0dHBzOlwvXC9kaGFyaXRyZWUuYXNzYW0uZ292LmluXC8ifQ.8hBu7eC1-LKjIUcVg7vYNviKKi0UC9ZUkb_jqT_BsQQ
20260215 LOGIN-AUDIT##########anowarul3*
20260215 SMS-LOG###anowarul3*###OTP###671786
20260215 LOGIN-AUDIT##########MSenapoti5
20260215 SMS-LOG###MSenapoti5###OTP###929747
20260215 Insert-Failed Data: {"user_id":"MSenapoti5","mobile_no":"7002694862","otp":"****47","ip":"144.24.115.164"}
20260215 LOGIN-AUDIT##########hailakandidc_217
20260215 SMS-LOG###hailakandidc_217###OTP###358513
20260215 USERID###hailakandidc_217###JWT###eyJ0eXAiOiJKV1QiLCJhbGciOiJIUzI1NiJ9.eyJTdWIiOiJsb2dpbnRva2VuIiwiVXNlck5hbWUiOiJoYWlsYWthbmRpZGNfMjE3IiwiRGlzdF9jb2RlIjoiMjg5IiwiQ2lyX2NvZGUiOiIxMDAwMDAwMDAyNTkzNyIsIk5hbWUiOiJBYmhpc2hlayBKYWluIiwiRGVzaWduYXRpb24iOiJEQyIsIlVzZXJDb2RlIjoiREMzIiwiUGFyZW50VXNlckNvZGUiOm51bGwsIlBhcmVudFVzZXJOYW1lIjoiTkEiLCJVc2VyU3RhdHVzVXBkYXRlZCI6bnVsbCwiQ2xpZW50X0lQIjoiMTcyLjE2LjI0LjQzIiwiU2Vzc19vdXQiOiJodHRwczpcL1wvZGhhcml0cmVlLmFzc2FtLmdvdi5pblwvIn0.9v8xsSxk4x1W-dsKwJ2Y72rashBpEoZqYRKSV3WxBgU
20260215 LOGIN-AUDIT##########chiranjitd
20260215 LOGIN-AUDIT##########chiranjitd
20260215 SMS-LOG###chiranjitd###OTP###980631
20260215 USERID###chiranjitd###JWT###eyJ0eXAiOiJKV1QiLCJhbGciOiJIUzI1NiJ9.eyJTdWIiOiJsb2dpbnRva2VuIiwiVXNlck5hbWUiOiJjaGlyYW5qaXRkIiwiRGlzdF9jb2RlIjoiMjkxIiwiQ2lyX2NvZGUiOiIxMDAwMDAwMDAwNDA5NSIsIk5hbWUiOiJcdTA5OWFcdTA5YmZcdTA5ZjBcdTA5OWVcdTA5Y2RcdTA5OWNcdTA5YzBcdTA5YTQgXHUwOWE2XHUwOWJlXHUwOWI4ICAiLCJEZXNpZ25hdGlvbiI6IkNPIiwiVXNlckNvZGUiOiJDTzQ3IiwiUGFyZW50VXNlckNvZGUiOiJBREMyMiIsIlBhcmVudFVzZXJOYW1lIjoiTkEiLCJVc2VyU3RhdHVzVXBkYXRlZCI6bnVsbCwiQ2xpZW50X0lQIjoiMTcyLjE2LjI0LjQzIiwiU2Vzc19vdXQiOiJodHRwczpcL1wvZGhhcml0cmVlLmFzc2FtLmdvdi5pblwvIn0.1E4aZMyaoJ3Vvuh33YzOH_c8Z_4qUCQmbtJJ--cUXfo
20260215 LOGIN-AUDIT##########jrajak
20260215 SMS-LOG###jrajak###OTP###813876
20260215 Insert-Failed Data: {"user_id":"jrajak","mobile_no":"7086442900","otp":"****76","ip":"172.16.24.43"}
20260215 USERID###jrajak###JWT###eyJ0eXAiOiJKV1QiLCJhbGciOiJIUzI1NiJ9.eyJTdWIiOiJsb2dpbnRva2VuIiwiVXNlck5hbWUiOiJqcmFqYWsiLCJEaXN0X2NvZGUiOiIzMDIiLCJDaXJfY29kZSI6IjEwMDAwMDAwMDEyNjc1IiwiTmFtZSI6Ilx1MDliNlx1MDljZFx1MDlmMFx1MDljMCBcdTA5OWNcdTA5YWZcdTA5YmNcdTA5YTZcdTA5YzBcdTA5YWEgXHUwOWYwXHUwOTljXHUwOTk1IiwiRGVzaWduYXRpb24iOiJDTyIsIlVzZXJDb2RlIjoiQ08zNyIsIlBhcmVudFVzZXJDb2RlIjoiQURDMTEiLCJQYXJlbnRVc2VyTmFtZSI6Ik5BIiwiVXNlclN0YXR1c1VwZGF0ZWQiOm51bGwsIkNsaWVudF9JUCI6IjE3Mi4xNi4yNC40MyIsIlNlc3Nfb3V0IjoiaHR0cHM6XC9cL2RoYXJpdHJlZS5hc3NhbS5nb3YuaW5cLyJ9.cj0TD6RjcvwVyNnDTtYr7Oh8qRHPUBO8noOnoVU1_k0
20260215 LOGIN-AUDIT##########hailakandidc_217
20260215 SMS-LOG###hailakandidc_217###OTP###222572
20260215 LOGIN-AUDIT##########aminul123
20260215 SMS-LOG###aminul123###OTP###284774
20260215 LOGIN-AUDIT##########dulal786
20260215 SMS-LOG###dulal786###OTP###579360
20260215 LOGIN-AUDIT##########cojaideep
20260215 SMS-LOG###cojaideep###OTP###155222
20260215 Insert-Failed Data: {"user_id":"cojaideep","mobile_no":"7086442900","otp":"****22","ip":"172.16.24.43"}
20260215 USERID###cojaideep###JWT###eyJ0eXAiOiJKV1QiLCJhbGciOiJIUzI1NiJ9.eyJTdWIiOiJsb2dpbnRva2VuIiwiVXNlck5hbWUiOiJjb2phaWRlZXAiLCJEaXN0X2NvZGUiOiIzMDIiLCJDaXJfY29kZSI6IjEwMDAwMDAwMDEyNjI3IiwiTmFtZSI6Ilx1MDliNlx1MDljZFx1MDlmMFx1MDljMCBcdTA5OWNcdTA5YWZcdTA5YmNcdTA5YTZcdTA5YzBcdTA5YWEgXHUwOWYwXHUwOTljXHUwOTk1IiwiRGVzaWduYXRpb24iOiJDTyIsIlVzZXJDb2RlIjoiQ080NCIsIlBhcmVudFVzZXJDb2RlIjoiQURDMTEiLCJQYXJlbnRVc2VyTmFtZSI6Ik5BIiwiVXNlclN0YXR1c1VwZGF0ZWQiOm51bGwsIkNsaWVudF9JUCI6IjE3Mi4xNi4yNC40MyIsIlNlc3Nfb3V0IjoiaHR0cHM6XC9cL2RoYXJpdHJlZS5hc3NhbS5nb3YuaW5cLyJ9.0Ds5_ZYcDWmUB0cXKGeAlNZyk-wS3IsAgYCq8OBN0FM
20260215 LOGIN-AUDIT##########nilutpalakhi
20260215 SMS-LOG###nilutpalakhi###OTP###844942
20260215 LOGIN-AUDIT##########nilutpalakhi
20260215 SMS-LOG###nilutpalakhi###OTP###120454
20260215 LOGIN-AUDIT##########CO_Samujjwal
20260215 SMS-LOG###CO_Samujjwal###OTP###239657
20260215 USERID###CO_Samujjwal###JWT###eyJ0eXAiOiJKV1QiLCJhbGciOiJIUzI1NiJ9.eyJTdWIiOiJsb2dpbnRva2VuIiwiVXNlck5hbWUiOiJDT19TYW11amp3YWwiLCJEaXN0X2NvZGUiOiIyODYiLCJDaXJfY29kZSI6IjEwMDAwMDAwMDExMjkxIiwiTmFtZSI6Ilx1MDliOFx1MDlhZVx1MDljMVx1MDk5Y1x1MDljZFx1MDk5Y1x1MDljZFx1MDlhY1x1MDliMiBcdTA5YWNcdTA5YTFcdTA5YmNcdTA5YmUiLCJEZXNpZ25hdGlvbiI6IkNPIiwiVXNlckNvZGUiOiJDTzI0IiwiUGFyZW50VXNlckNvZGUiOiJBREMxMCIsIlBhcmVudFVzZXJOYW1lIjoiTkEiLCJVc2VyU3RhdHVzVXBkYXRlZCI6bnVsbCwiQ2xpZW50X0lQIjoiMTcyLjE2LjI0LjQzIiwiU2Vzc19vdXQiOiJodHRwczpcL1wvZGhhcml0cmVlLmFzc2FtLmdvdi5pblwvIn0.qLtEPL7h-45SpAQYjeZXe66CW2bFQAzWXAqB8w7S2JM
20260215 LOGIN-AUDIT##########CO_Samujjwal
20260215 SMS-LOG###CO_Samujjwal###OTP###135299
20260215 LOGIN-AUDIT##########CO_Samujjwal
20260215 SMS-LOG###CO_Samujjwal###OTP###259588
20260215 USERID###CO_Samujjwal###JWT###eyJ0eXAiOiJKV1QiLCJhbGciOiJIUzI1NiJ9.eyJTdWIiOiJsb2dpbnRva2VuIiwiVXNlck5hbWUiOiJDT19TYW11amp3YWwiLCJEaXN0X2NvZGUiOiIyODYiLCJDaXJfY29kZSI6IjEwMDAwMDAwMDExMjkxIiwiTmFtZSI6Ilx1MDliOFx1MDlhZVx1MDljMVx1MDk5Y1x1MDljZFx1MDk5Y1x1MDljZFx1MDlhY1x1MDliMiBcdTA5YWNcdTA5YTFcdTA5YmNcdTA5YmUiLCJEZXNpZ25hdGlvbiI6IkNPIiwiVXNlckNvZGUiOiJDTzI0IiwiUGFyZW50VXNlckNvZGUiOiJBREMxMCIsIlBhcmVudFVzZXJOYW1lIjoiTkEiLCJVc2VyU3RhdHVzVXBkYXRlZCI6bnVsbCwiQ2xpZW50X0lQIjoiMTcyLjE2LjI0LjQzIiwiU2Vzc19vdXQiOiJodHRwczpcL1wvZGhhcml0cmVlLmFzc2FtLmdvdi5pblwvIn0.qLtEPL7h-45SpAQYjeZXe66CW2bFQAzWXAqB8w7S2JM
20260215 LOGIN-AUDIT##########nilutpalakhi
20260215 SMS-LOG###nilutpalakhi###OTP###768507
20260215 LOGIN-AUDIT##########MSenapoti5
20260215 SMS-LOG###MSenapoti5###OTP###241578
20260215 Insert-Failed Data: {"user_id":"MSenapoti5","mobile_no":"7002694862","otp":"****78","ip":"144.24.115.164"}
20260215 LOGIN-AUDIT##########MSenapoti6
20260215 SMS-LOG###MSenapoti6###OTP###239348
20260215 Insert-Failed Data: {"user_id":"MSenapoti6","mobile_no":"7002694862","otp":"****48","ip":"144.24.115.164"}
20260215 LOGIN-AUDIT##########MSenapoti6
20260215 SMS-LOG###MSenapoti6###OTP###700762
20260215 Insert-Failed Data: {"user_id":"MSenapoti6","mobile_no":"7002694862","otp":"****62","ip":"144.24.115.164"}
20260215 LOGIN-AUDIT##########MSenapoti6
20260215 SMS-LOG###MSenapoti6###OTP###902454
20260215 Insert-Failed Data: {"user_id":"MSenapoti6","mobile_no":"7002694862","otp":"****54","ip":"144.24.115.164"}
20260215 LOGIN-AUDIT##########as03eg
20260215 SMS-LOG###as03eg###OTP###369514
20260215 Insert-Failed Data: {"user_id":"as03eg","mobile_no":"9127362293","otp":"****14","ip":"172.16.24.43"}
20260215 LOGIN-AUDIT##########ziaulhaquemazumderlra11
20260215 LOGIN-AUDIT##########ziaulhaquemazumderlra11
20260215 SMS-LOG###ziaulhaquemazumderlra11###OTP###356502
20260215 LOGIN-AUDIT##########asitranjandas1
20260215 SMS-LOG###asitranjandas1###OTP###841331
20260215 Insert-Failed Data: {"user_id":"asitranjandas1","mobile_no":"9127362293","otp":"****31","ip":"172.16.24.43"}
20260215 LOGIN-AUDIT##########ziaulhaquemazumderlra11
20260215 LOGIN-AUDIT##########ziaulhaquemazumderlra11
20260215 SMS-LOG###ziaulhaquemazumderlra11###OTP###231373
20260215 LOGIN-AUDIT##########Manas@90
20260215 SMS-LOG###Manas@90###OTP###620800
20260215 Insert-Failed Data: {"user_id":"Manas@90","mobile_no":"9101240615","otp":"****00","ip":"172.16.24.43"}
20260215 LOGIN-AUDIT##########Manas@90
20260215 SMS-LOG###Manas@90###OTP###619670
20260215 Insert-Failed Data: {"user_id":"Manas@90","mobile_no":"9101240615","otp":"****70","ip":"172.16.24.43"}
20260215 LOGIN-AUDIT##########Manas@90
20260215 SMS-LOG###Manas@90###OTP###356062
20260215 Insert-Failed Data: {"user_id":"Manas@90","mobile_no":"9101240615","otp":"****62","ip":"172.16.24.43"}
20260215 LOGIN-AUDIT##########Manas@90
20260215 SMS-LOG###Manas@90###OTP###274187
20260215 Insert-Failed Data: {"user_id":"Manas@90","mobile_no":"9101240615","otp":"****87","ip":"172.16.24.43"}
20260215 LOGIN-AUDIT##########Manas@90
20260215 SMS-LOG###Manas@90###OTP###166855
20260215 Insert-Failed Data: {"user_id":"Manas@90","mobile_no":"9101240615","otp":"****55","ip":"172.16.24.43"}
20260215 LOGIN-AUDIT##########asitranjandas1
20260215 SMS-LOG###asitranjandas1###OTP###784046
20260215 Insert-Failed Data: {"user_id":"asitranjandas1","mobile_no":"9127362293","otp":"****46","ip":"172.16.24.43"}
20260215 LOGIN-AUDIT##########asitranjandas1
20260215 SMS-LOG###asitranjandas1###OTP###879868
20260215 Insert-Failed Data: {"user_id":"asitranjandas1","mobile_no":"9127362293","otp":"****68","ip":"172.16.24.43"}
