20260126 USERID###cohkd###JWT###eyJ0eXAiOiJKV1QiLCJhbGciOiJIUzI1NiJ9.eyJTdWIiOiJsb2dpbnRva2VuIiwiVXNlck5hbWUiOiJjb2hrZCIsIkRpc3RfY29kZSI6IjI4OSIsIkNpcl9jb2RlIjoiMTAwMDAwMDAwMjYxMzkiLCJOYW1lIjoiS2lsdW50ZXVsZSBKZW1lIiwiRGVzaWduYXRpb24iOiJDTyIsIlVzZXJDb2RlIjoiQ08yIiwiUGFyZW50VXNlckNvZGUiOiJBREMxIiwiUGFyZW50VXNlck5hbWUiOiJOQSIsIlVzZXJTdGF0dXNVcGRhdGVkIjpudWxsLCJDbGllbnRfSVAiOiIxNzIuMTYuMjQuNDMiLCJTZXNzX291dCI6Imh0dHBzOlwvXC9kaGFyaXRyZWUuYXNzYW0uZ292LmluXC8ifQ.tMRsFjNuQxxY2oYNAP-kwxnSE223CCq0hkCwQHitJx4
20260126 USERID###co_bhuragaon###JWT###eyJ0eXAiOiJKV1QiLCJhbGciOiJIUzI1NiJ9.eyJTdWIiOiJsb2dpbnRva2VuIiwiVXNlck5hbWUiOiJjb19iaHVyYWdhb24iLCJEaXN0X2NvZGUiOiIyOTYiLCJDaXJfY29kZSI6IjEwMDAwMDAwMDE2MzIwIiwiTmFtZSI6IlByYW5qYWwgQmFydWFoIiwiRGVzaWduYXRpb24iOiJDTyIsIlVzZXJDb2RlIjoiQ08zOSIsIlBhcmVudFVzZXJDb2RlIjoiQURDMTMiLCJQYXJlbnRVc2VyTmFtZSI6Ik5BIiwiVXNlclN0YXR1c1VwZGF0ZWQiOm51bGwsIkNsaWVudF9JUCI6IjE0MS4xNDguMjA5LjIxMyIsIlNlc3Nfb3V0IjoiaHR0cHM6XC9cL2RoYXJpdHJlZS5hc3NhbS5nb3YuaW5cLyJ9.CilbO3dznlAxrxvlFM3CLHlWkfmT1e_eCPWEGBf3mw4
20260126 USERID###cohkd###JWT###eyJ0eXAiOiJKV1QiLCJhbGciOiJIUzI1NiJ9.eyJTdWIiOiJsb2dpbnRva2VuIiwiVXNlck5hbWUiOiJjb2hrZCIsIkRpc3RfY29kZSI6IjI4OSIsIkNpcl9jb2RlIjoiMTAwMDAwMDAwMjYxMzkiLCJOYW1lIjoiS2lsdW50ZXVsZSBKZW1lIiwiRGVzaWduYXRpb24iOiJDTyIsIlVzZXJDb2RlIjoiQ08yIiwiUGFyZW50VXNlckNvZGUiOiJBREMxIiwiUGFyZW50VXNlck5hbWUiOiJOQSIsIlVzZXJTdGF0dXNVcGRhdGVkIjpudWxsLCJDbGllbnRfSVAiOiIxNzIuMTYuMjQuNDMiLCJTZXNzX291dCI6Imh0dHBzOlwvXC9kaGFyaXRyZWUuYXNzYW0uZ292LmluXC8ifQ.tMRsFjNuQxxY2oYNAP-kwxnSE223CCq0hkCwQHitJx4
20260126 USERID###jrajak###JWT###eyJ0eXAiOiJKV1QiLCJhbGciOiJIUzI1NiJ9.eyJTdWIiOiJsb2dpbnRva2VuIiwiVXNlck5hbWUiOiJqcmFqYWsiLCJEaXN0X2NvZGUiOiIzMDIiLCJDaXJfY29kZSI6IjEwMDAwMDAwMDEyNjc1IiwiTmFtZSI6Ilx1MDliNlx1MDljZFx1MDlmMFx1MDljMCBcdTA5OWNcdTA5YWZcdTA5YmNcdTA5YTZcdTA5YzBcdTA5YWEgXHUwOWYwXHUwOTljXHUwOTk1IiwiRGVzaWduYXRpb24iOiJDTyIsIlVzZXJDb2RlIjoiQ08zNyIsIlBhcmVudFVzZXJDb2RlIjoiQURDMTEiLCJQYXJlbnRVc2VyTmFtZSI6Ik5BIiwiVXNlclN0YXR1c1VwZGF0ZWQiOm51bGwsIkNsaWVudF9JUCI6IjE2NC4xMDAuMTQ2LjUyIiwiU2Vzc19vdXQiOiJodHRwczpcL1wvZGhhcml0cmVlLmFzc2FtLmdvdi5pblwvIn0.XJPXHbaYBoYx4wR_J7JSDo0GrBpcA3YEIsnCcj7ZHc0
20260126 USERID###parthacomld###JWT###eyJ0eXAiOiJKV1QiLCJhbGciOiJIUzI1NiJ9.eyJTdWIiOiJsb2dpbnRva2VuIiwiVXNlck5hbWUiOiJwYXJ0aGFjb21sZCIsIkRpc3RfY29kZSI6IjI4MyIsIkNpcl9jb2RlIjoiMTAwMDAwMDAwMDUxMTEiLCJOYW1lIjoiUGFydGhhIFByYXRpbSBCYXJ1YWgiLCJEZXNpZ25hdGlvbiI6IkNPIiwiVXNlckNvZGUiOiJDTzM2IiwiUGFyZW50VXNlckNvZGUiOiJBREMxMiIsIlBhcmVudFVzZXJOYW1lIjoiTkEiLCJVc2VyU3RhdHVzVXBkYXRlZCI6bnVsbCwiQ2xpZW50X0lQIjoiMTY0LjEwMC4xNDYuNTIiLCJTZXNzX291dCI6Imh0dHBzOlwvXC9kaGFyaXRyZWUuYXNzYW0uZ292LmluXC8ifQ.AjyrJRfpXfZS3gLRmuPHLei0ApJx9iJEZgWtMfiO8uM
20260126 USERID###Sunbar@1###JWT###eyJ0eXAiOiJKV1QiLCJhbGciOiJIUzI1NiJ9.eyJTdWIiOiJsb2dpbnRva2VuIiwiVXNlck5hbWUiOiJTdW5iYXJAMSIsIkRpc3RfY29kZSI6IjI4NCIsIkNpcl9jb2RlIjoiMTAwMDAwMDAwMTUzNTciLCJOYW1lIjoiU3VuYmFyIENodXRpYSIsIkRlc2lnbmF0aW9uIjoiQ08iLCJVc2VyQ29kZSI6IkNPNDUiLCJQYXJlbnRVc2VyQ29kZSI6IkFEQzE4IiwiUGFyZW50VXNlck5hbWUiOiJOQSIsIlVzZXJTdGF0dXNVcGRhdGVkIjpudWxsLCJDbGllbnRfSVAiOiIxNDEuMTQ4LjIwOS4yMTMiLCJTZXNzX291dCI6Imh0dHBzOlwvXC9kaGFyaXRyZWUuYXNzYW0uZ292LmluXC8ifQ.tEY0RWX8vVKU_tjirdfIES9mpc-hSIusHaS_sZRh8Fs
20260126 USERID###LRS01###JWT###eyJ0eXAiOiJKV1QiLCJhbGciOiJIUzI1NiJ9.eyJTdWIiOiJsb2dpbnRva2VuIiwiVXNlck5hbWUiOiJMUlMwMSIsIkRpc3RfY29kZSI6IjI4NyIsIkNpcl9jb2RlIjoiMTAwMDAwMDAwMDEwODAiLCJOYW1lIjoiSmF5YW50YSBOYXRoIiwiRGVzaWduYXRpb24iOiJTSyIsIlVzZXJDb2RlIjoiU0s0MiIsIlBhcmVudFVzZXJDb2RlIjoiQ08yMiIsIlBhcmVudFVzZXJOYW1lIjoiTkEiLCJVc2VyU3RhdHVzVXBkYXRlZCI6bnVsbCwiQ2xpZW50X0lQIjoiMTcyLjE2LjI0LjQzIiwiU2Vzc19vdXQiOiJodHRwczpcL1wvZGhhcml0cmVlLmFzc2FtLmdvdi5pblwvIn0._e0BPK6krqz-Wu9vpqu5XXf2JfN5Psj04mZXFvh60B4
20260126 USERID###BibhashCO###JWT###eyJ0eXAiOiJKV1QiLCJhbGciOiJIUzI1NiJ9.eyJTdWIiOiJsb2dpbnRva2VuIiwiVXNlck5hbWUiOiJCaWJoYXNoQ08iLCJEaXN0X2NvZGUiOiIyODciLCJDaXJfY29kZSI6IjEwMDAwMDAwMDAxMDg0IiwiTmFtZSI6IkJpYmhhc2ggTWVkaGkiLCJEZXNpZ25hdGlvbiI6IkNPIiwiVXNlckNvZGUiOiJDTzQyIiwiUGFyZW50VXNlckNvZGUiOiJBREMxMCIsIlBhcmVudFVzZXJOYW1lIjoiTkEiLCJVc2VyU3RhdHVzVXBkYXRlZCI6bnVsbCwiQ2xpZW50X0lQIjoiMTQxLjE0OC4yMDkuMjEzIiwiU2Vzc19vdXQiOiJodHRwczpcL1wvZGhhcml0cmVlLmFzc2FtLmdvdi5pblwvIn0.IsUojyTqUxeWhJeQqk23VT-Wo1Xlb--bqBHTxIGfh7M
20260126 CHECK-QUERY###SELECT lg.user_code FROM loginuser_table lg
join lm_code u on u.lm_code=lg.user_code and lg.dist_code=u.dist_code and lg.subdiv_code=u.subdiv_code and lg.cir_code=u.cir_code and lg.mouza_pargona_code=u.mouza_pargona_code and lg.lot_no=u.lot_no where lg.use_name='Pronojit09kk' and lg.dis_enb_option='E' and lg.dist_code='21' and lg.subdiv_code='01' and lg.cir_code='01' and lg.mouza_pargona_code='01' and lg.lot_no='09' 
20260126 RESULT###["M35"]
20260126 BHUNAKSHA-USER##########eyJ0eXAiOiJKV1QiLCJhbGciOiJIUzI1NiJ9.eyJzdWIiOiJsb2dpbnRva2VuIiwiVXNlck5hbWUiOiJQcm9ub2ppdDA5a2siLCJVc2VyIEdyb3VwIjoiTTM1IiwibGV2ZWxzIjoiMjEsMDEiLCJDbGllbnQgSVAiOiIxNzIuMTYuMjQuNDMiLCJpYXQiOjE3Njk0MDAxOTUsImV4cCI6MTc2OTQwMDMxNX0.g-yuI9i9714yr4NhhTg52ZarZmil2sz4Ld91jzIphxM
20260126 CHECK-QUERY###SELECT lg.user_code,u.lm_name as name FROM loginuser_table lg
    join lm_code u on u.lm_code=lg.user_code and lg.dist_code=u.dist_code and lg.subdiv_code=u.subdiv_code and lg.cir_code=u.cir_code and lg.mouza_pargona_code=u.mouza_pargona_code and lg.lot_no=u.lot_no where lg.use_name='Pronojit09kk' and lg.dis_enb_option='E' and lg.dist_code='21' and lg.subdiv_code='01' and lg.cir_code='01' and lg.mouza_pargona_code='01' and lg.lot_no='09' 
20260126 RESULT###["M35","PRONOJIT NOMOSUDRA"]
20260126 BHUNAKSHA-USER##########eyJ0eXAiOiJKV1QiLCJhbGciOiJIUzI1NiJ9.eyJ1c2VyX2NvZGUiOiJQcm9ub2ppdDA5a2siLCJuYW1lIjoiUFJPTk9KSVQgTk9NT1NVRFJBIiwidXNlcl9kZXNpZ19jb2RlIjoiTFJBIiwidXNlX25hbWUiOiJQcm9ub2ppdDA5a2siLCJkaXN0X2NvZGUiOiIyMSIsInN1YmRpdl9jb2RlIjoiMDEiLCJjaXJfY29kZSI6IjAxIiwibW91emFfcGFyZ29uYV9jb2RlIjoiMDEiLCJsb3Rfbm8iOiIwOSIsImxvZ2dlZF9pbiI6dHJ1ZSwiZXhwIjoxNzY5NDAwNDk1fQ.hieTB4skBIxoyBZJIEjd2DMFBcbJW7hT29zvvFHiPpI
20260126 CHECK-QUERY###SELECT lg.user_code FROM loginuser_table lg
join lm_code u on u.lm_code=lg.user_code and lg.dist_code=u.dist_code and lg.subdiv_code=u.subdiv_code and lg.cir_code=u.cir_code and lg.mouza_pargona_code=u.mouza_pargona_code and lg.lot_no=u.lot_no where lg.use_name='kar2025' and lg.dis_enb_option='E' and lg.dist_code='08' and lg.subdiv_code='01' and lg.cir_code='02' and lg.mouza_pargona_code='01' and lg.lot_no='07' 
20260126 RESULT###["M79"]
20260126 BHUNAKSHA-USER##########eyJ0eXAiOiJKV1QiLCJhbGciOiJIUzI1NiJ9.eyJzdWIiOiJsb2dpbnRva2VuIiwiVXNlck5hbWUiOiJrYXIyMDI1IiwiVXNlciBHcm91cCI6Ik03OSIsImxldmVscyI6IjA4LDAxIiwiQ2xpZW50IElQIjoiMTY0LjEwMC4xNDYuNTIiLCJpYXQiOjE3Njk0MDAyOTYsImV4cCI6MTc2OTQwMDQxNn0.FP7cKjujoXuUpP1bMnM--MACAUOoxhPPR5UD0vBB7aM
20260126 CHECK-QUERY###SELECT lg.user_code,u.lm_name as name FROM loginuser_table lg
    join lm_code u on u.lm_code=lg.user_code and lg.dist_code=u.dist_code and lg.subdiv_code=u.subdiv_code and lg.cir_code=u.cir_code and lg.mouza_pargona_code=u.mouza_pargona_code and lg.lot_no=u.lot_no where lg.use_name='kar2025' and lg.dis_enb_option='E' and lg.dist_code='08' and lg.subdiv_code='01' and lg.cir_code='02' and lg.mouza_pargona_code='01' and lg.lot_no='07' 
20260126 RESULT###["M79","\u0995\u09f0\u09c1\u09a8\u09be \u09a1\u09c7\u0995\u09be"]
20260126 BHUNAKSHA-USER##########eyJ0eXAiOiJKV1QiLCJhbGciOiJIUzI1NiJ9.eyJ1c2VyX2NvZGUiOiJMTTA4MDEwMjc5NiIsIm5hbWUiOiJcdTA5OTVcdTA5ZjBcdTA5YzFcdTA5YThcdTA5YmUgXHUwOWExXHUwOWM3XHUwOTk1XHUwOWJlIiwidXNlcl9kZXNpZ19jb2RlIjoiTFJBIiwidXNlX25hbWUiOiJrYXIyMDI1IiwiZGlzdF9jb2RlIjoiMDgiLCJzdWJkaXZfY29kZSI6IjAxIiwiY2lyX2NvZGUiOiIwMiIsIm1vdXphX3BhcmdvbmFfY29kZSI6IjAxIiwibG90X25vIjoiMDciLCJsb2dnZWRfaW4iOnRydWUsImV4cCI6MTc2OTQwMDU5Nn0.JPTmEu_Djgv_6jAgxkK-r9TnT8csOHZHkbgDTrLKCw0
20260126 USERID###cohkd###JWT###eyJ0eXAiOiJKV1QiLCJhbGciOiJIUzI1NiJ9.eyJTdWIiOiJsb2dpbnRva2VuIiwiVXNlck5hbWUiOiJjb2hrZCIsIkRpc3RfY29kZSI6IjI4OSIsIkNpcl9jb2RlIjoiMTAwMDAwMDAwMjYxMzkiLCJOYW1lIjoiS2lsdW50ZXVsZSBKZW1lIiwiRGVzaWduYXRpb24iOiJDTyIsIlVzZXJDb2RlIjoiQ08yIiwiUGFyZW50VXNlckNvZGUiOiJBREMxIiwiUGFyZW50VXNlck5hbWUiOiJOQSIsIlVzZXJTdGF0dXNVcGRhdGVkIjpudWxsLCJDbGllbnRfSVAiOiIxNzIuMTYuMjQuNDMiLCJTZXNzX291dCI6Imh0dHBzOlwvXC9kaGFyaXRyZWUuYXNzYW0uZ292LmluXC8ifQ.tMRsFjNuQxxY2oYNAP-kwxnSE223CCq0hkCwQHitJx4
20260126 USERID###colala1###JWT###eyJ0eXAiOiJKV1QiLCJhbGciOiJIUzI1NiJ9.eyJTdWIiOiJsb2dpbnRva2VuIiwiVXNlck5hbWUiOiJjb2xhbGExIiwiRGlzdF9jb2RlIjoiMjg5IiwiQ2lyX2NvZGUiOiIxMDAwMDAwMDAyNTkzOSIsIk5hbWUiOiJCaGFza2FyIEp5b3RpIFRhbHVrZGFyICIsIkRlc2lnbmF0aW9uIjoiQ08iLCJVc2VyQ29kZSI6IkNPMSIsIlBhcmVudFVzZXJDb2RlIjoiQURDMSIsIlBhcmVudFVzZXJOYW1lIjoiTkEiLCJVc2VyU3RhdHVzVXBkYXRlZCI6bnVsbCwiQ2xpZW50X0lQIjoiMTcyLjE2LjI0LjQzIiwiU2Vzc19vdXQiOiJodHRwczpcL1wvZGhhcml0cmVlLmFzc2FtLmdvdi5pblwvIn0.BxJbniy9z9xlGmrqfbkp66J_pIt6SwNsNOnYYgErcw0
20260126 CHECK-QUERY###SELECT lg.user_code FROM loginuser_table lg
join lm_code u on u.lm_code=lg.user_code and lg.dist_code=u.dist_code and lg.subdiv_code=u.subdiv_code and lg.cir_code=u.cir_code and lg.mouza_pargona_code=u.mouza_pargona_code and lg.lot_no=u.lot_no where lg.use_name='champa01' and lg.dis_enb_option='E' and lg.dist_code='08' and lg.subdiv_code='01' and lg.cir_code='02' and lg.mouza_pargona_code='01' and lg.lot_no='03' 
20260126 RESULT###["M65"]
20260126 BHUNAKSHA-USER##########eyJ0eXAiOiJKV1QiLCJhbGciOiJIUzI1NiJ9.eyJzdWIiOiJsb2dpbnRva2VuIiwiVXNlck5hbWUiOiJjaGFtcGEwMSIsIlVzZXIgR3JvdXAiOiJNNjUiLCJsZXZlbHMiOiIwOCwwMSIsIkNsaWVudCBJUCI6IjE2NC4xMDAuMTQ2LjUyIiwiaWF0IjoxNzY5NDAyNTMwLCJleHAiOjE3Njk0MDI2NTB9.kmAdE2cbQ7ZLviEU-q9_vDmhsObaPeooea8aJy6GW3U
20260126 CHECK-QUERY###SELECT lg.user_code,u.lm_name as name FROM loginuser_table lg
    join lm_code u on u.lm_code=lg.user_code and lg.dist_code=u.dist_code and lg.subdiv_code=u.subdiv_code and lg.cir_code=u.cir_code and lg.mouza_pargona_code=u.mouza_pargona_code and lg.lot_no=u.lot_no where lg.use_name='champa01' and lg.dis_enb_option='E' and lg.dist_code='08' and lg.subdiv_code='01' and lg.cir_code='02' and lg.mouza_pargona_code='01' and lg.lot_no='03' 
20260126 RESULT###["M65","\u099a\u09ae\u09cd\u09aa\u09be\u09f0\u09be\u09ae \u0995\u09c7\u0993\u0981\u099f"]
20260126 BHUNAKSHA-USER##########eyJ0eXAiOiJKV1QiLCJhbGciOiJIUzI1NiJ9.eyJ1c2VyX2NvZGUiOiJMTTA4MDEwMjc3NCIsIm5hbWUiOiJcdTA5OWFcdTA5YWVcdTA5Y2RcdTA5YWFcdTA5YmVcdTA5ZjBcdTA5YmVcdTA5YWUgXHUwOTk1XHUwOWM3XHUwOTkzXHUwOTgxXHUwOTlmIiwidXNlcl9kZXNpZ19jb2RlIjoiTFJBIiwidXNlX25hbWUiOiJjaGFtcGEwMSIsImRpc3RfY29kZSI6IjA4Iiwic3ViZGl2X2NvZGUiOiIwMSIsImNpcl9jb2RlIjoiMDIiLCJtb3V6YV9wYXJnb25hX2NvZGUiOiIwMSIsImxvdF9ubyI6IjAzIiwibG9nZ2VkX2luIjp0cnVlLCJleHAiOjE3Njk0MDI4MzB9.O82o-vShG3IPZntvf72SBBdrPlOAnrAjEOgNm8kufcs
20260126 USERID###co_navanita###JWT###eyJ0eXAiOiJKV1QiLCJhbGciOiJIUzI1NiJ9.eyJTdWIiOiJsb2dpbnRva2VuIiwiVXNlck5hbWUiOiJjb19uYXZhbml0YSIsIkRpc3RfY29kZSI6IjI5NSIsIkNpcl9jb2RlIjoiMTAwMDAwMDAwMDcwMTMiLCJOYW1lIjoiXHUwOWE4XHUwOWYxXHUwOWE4XHUwOWMwXHUwOWE0XHUwOWJlIFx1MDliOVx1MDliZVx1MDk5Y1x1MDlmMFx1MDliZlx1MDk5NVx1MDliZSIsIkRlc2lnbmF0aW9uIjoiQ08iLCJVc2VyQ29kZSI6IkNPMzEiLCJQYXJlbnRVc2VyQ29kZSI6IkFEQzExIiwiUGFyZW50VXNlck5hbWUiOiJOQSIsIlVzZXJTdGF0dXNVcGRhdGVkIjpudWxsLCJDbGllbnRfSVAiOiIxNDEuMTQ4LjIwOS4yMTMiLCJTZXNzX291dCI6Imh0dHBzOlwvXC9kaGFyaXRyZWUuYXNzYW0uZ292LmluXC8ifQ._KBx4Nw6w0-AWh32ZGrA-1eRmZJpjZ7wEAt9xnkwqwo
20260126 CHECK-QUERY###SELECT lg.user_code,u.lm_name as name FROM loginuser_table lg
    join lm_code u on u.lm_code=lg.user_code and lg.dist_code=u.dist_code and lg.subdiv_code=u.subdiv_code and lg.cir_code=u.cir_code and lg.mouza_pargona_code=u.mouza_pargona_code and lg.lot_no=u.lot_no where lg.use_name='dhurbajyoti_k1' and lg.dis_enb_option='E' and lg.dist_code='12' and lg.subdiv_code='01' and lg.cir_code='02' and lg.mouza_pargona_code='01' and lg.lot_no='01' 
20260126 RESULT###["M34","\u09a7\u09cd\u09f0\u09c1\u09ac\u099c\u09cd\u09af\u09cb\u09a4\u09bf \u09ac\u09f0\u09be"]
20260126 BHUNAKSHA-USER##########eyJ0eXAiOiJKV1QiLCJhbGciOiJIUzI1NiJ9.eyJ1c2VyX2NvZGUiOiJMTTEyMDEwMjgwMDAiLCJuYW1lIjoiXHUwOWE3XHUwOWNkXHUwOWYwXHUwOWMxXHUwOWFjXHUwOTljXHUwOWNkXHUwOWFmXHUwOWNiXHUwOWE0XHUwOWJmIFx1MDlhY1x1MDlmMFx1MDliZSIsInVzZXJfZGVzaWdfY29kZSI6IkxSQSIsInVzZV9uYW1lIjoiZGh1cmJhanlvdGlfazEiLCJkaXN0X2NvZGUiOiIxMiIsInN1YmRpdl9jb2RlIjoiMDEiLCJjaXJfY29kZSI6IjAyIiwibW91emFfcGFyZ29uYV9jb2RlIjoiMDEiLCJsb3Rfbm8iOiIwMSIsImxvZ2dlZF9pbiI6dHJ1ZSwiZXhwIjoxNzY5NDAzMjg4fQ.J1oCrIDWzGSMw7VFzPfgWbd4Ck-MxUTCeQtusrN358w
20260126 USERID###khuljit_co###JWT###eyJ0eXAiOiJKV1QiLCJhbGciOiJIUzI1NiJ9.eyJTdWIiOiJsb2dpbnRva2VuIiwiVXNlck5hbWUiOiJraHVsaml0X2NvIiwiRGlzdF9jb2RlIjoiMjk1IiwiQ2lyX2NvZGUiOiIxMDAwMDAwMDAwNzAwNCIsIk5hbWUiOiJcdTA5OTZcdTA5YzFcdTA5YjJcdTA5OWNcdTA5YmZcdTA5YTRcdTA5Y2RcdTIwMGQgXHUwOWFhXHUwOWJlXHUwOWE2XHUwOWMxXHUwOWE4IiwiRGVzaWduYXRpb24iOiJDTyIsIlVzZXJDb2RlIjoiQ08zMiIsIlBhcmVudFVzZXJDb2RlIjoiQURDMTEiLCJQYXJlbnRVc2VyTmFtZSI6Ik5BIiwiVXNlclN0YXR1c1VwZGF0ZWQiOm51bGwsIkNsaWVudF9JUCI6IjE3Mi4xNi4yNC40MyIsIlNlc3Nfb3V0IjoiaHR0cHM6XC9cL2RoYXJpdHJlZS5hc3NhbS5nb3YuaW5cLyJ9.dIKj-_JGOLLih9oWGTUoKasTsKvxLE1nj0xz3z9Khm4
20260126 USERID###co_joyprakash###JWT###eyJ0eXAiOiJKV1QiLCJhbGciOiJIUzI1NiJ9.eyJTdWIiOiJsb2dpbnRva2VuIiwiVXNlck5hbWUiOiJjb19qb3lwcmFrYXNoIiwiRGlzdF9jb2RlIjoiMjk1IiwiQ2lyX2NvZGUiOiIxMDAwMDAwMDAwNzAwNiIsIk5hbWUiOiJcdTA5YjZcdTA5Y2RcdTA5ZjBcdTA5YzAgXHUwOTljXHUwOWRmXHUwOWFhXHUwOWNkXHUwOWYwXHUwOTk1XHUwOWJlXHUwOWI2IFx1MDlhZVx1MDliOVx1MDlhOFx1MDljZFx1MDlhNCIsIkRlc2lnbmF0aW9uIjoiQ08iLCJVc2VyQ29kZSI6IkNPMTMiLCJQYXJlbnRVc2VyQ29kZSI6IkFEQzExIiwiUGFyZW50VXNlck5hbWUiOiJOQSIsIlVzZXJTdGF0dXNVcGRhdGVkIjpudWxsLCJDbGllbnRfSVAiOiIxNjQuMTAwLjE0Ni41MiIsIlNlc3Nfb3V0IjoiaHR0cHM6XC9cL2RoYXJpdHJlZS5hc3NhbS5nb3YuaW5cLyJ9.jhLpFWPGwaXT6tuC608DiZ3KK9pjxq4xJeiofCShGj0
20260126 USERID###co_joyprakash###JWT###eyJ0eXAiOiJKV1QiLCJhbGciOiJIUzI1NiJ9.eyJTdWIiOiJsb2dpbnRva2VuIiwiVXNlck5hbWUiOiJjb19qb3lwcmFrYXNoIiwiRGlzdF9jb2RlIjoiMjk1IiwiQ2lyX2NvZGUiOiIxMDAwMDAwMDAwNzAwNiIsIk5hbWUiOiJcdTA5YjZcdTA5Y2RcdTA5ZjBcdTA5YzAgXHUwOTljXHUwOWRmXHUwOWFhXHUwOWNkXHUwOWYwXHUwOTk1XHUwOWJlXHUwOWI2IFx1MDlhZVx1MDliOVx1MDlhOFx1MDljZFx1MDlhNCIsIkRlc2lnbmF0aW9uIjoiQ08iLCJVc2VyQ29kZSI6IkNPMTMiLCJQYXJlbnRVc2VyQ29kZSI6IkFEQzExIiwiUGFyZW50VXNlck5hbWUiOiJOQSIsIlVzZXJTdGF0dXNVcGRhdGVkIjpudWxsLCJDbGllbnRfSVAiOiIxNjQuMTAwLjE0Ni41MiIsIlNlc3Nfb3V0IjoiaHR0cHM6XC9cL2RoYXJpdHJlZS5hc3NhbS5nb3YuaW5cLyJ9.jhLpFWPGwaXT6tuC608DiZ3KK9pjxq4xJeiofCShGj0
20260126 CHECK-QUERY###SELECT lg.user_code,u.lm_name as name FROM loginuser_table lg
    join lm_code u on u.lm_code=lg.user_code and lg.dist_code=u.dist_code and lg.subdiv_code=u.subdiv_code and lg.cir_code=u.cir_code and lg.mouza_pargona_code=u.mouza_pargona_code and lg.lot_no=u.lot_no where lg.use_name='Naba003' and lg.dis_enb_option='E' and lg.dist_code='32' and lg.subdiv_code='01' and lg.cir_code='06' and lg.mouza_pargona_code='01' and lg.lot_no='03' 
20260126 RESULT###["M43","Nabajyoti Nath"]
20260126 BHUNAKSHA-USER##########eyJ0eXAiOiJKV1QiLCJhbGciOiJIUzI1NiJ9.eyJ1c2VyX2NvZGUiOiJOYWJhMDAzIiwibmFtZSI6Ik5hYmFqeW90aSBOYXRoIiwidXNlcl9kZXNpZ19jb2RlIjoiTFJBIiwidXNlX25hbWUiOiJOYWJhMDAzIiwiZGlzdF9jb2RlIjoiMzIiLCJzdWJkaXZfY29kZSI6IjAxIiwiY2lyX2NvZGUiOiIwNiIsIm1vdXphX3BhcmdvbmFfY29kZSI6IjAxIiwibG90X25vIjoiMDMiLCJsb2dnZWRfaW4iOnRydWUsImV4cCI6MTc2OTQwNTQ0Nn0.f44BJ9-Ynsn6KzROwAJhd7K2M-x2BSA1jMr1BTpfhx4
20260126 USERID###biswajitsonapur###JWT###eyJ0eXAiOiJKV1QiLCJhbGciOiJIUzI1NiJ9.eyJTdWIiOiJsb2dpbnRva2VuIiwiVXNlck5hbWUiOiJiaXN3YWppdHNvbmFwdXIiLCJEaXN0X2NvZGUiOiI2MTgiLCJDaXJfY29kZSI6IjEwMDAwMDAwMDE1MDA3IiwiTmFtZSI6IkJJU1dBSklUIFNBSUtJQSwgQUNTIiwiRGVzaWduYXRpb24iOiJBREMiLCJVc2VyQ29kZSI6IkFEQzE0IiwiUGFyZW50VXNlckNvZGUiOiJEQzUiLCJQYXJlbnRVc2VyTmFtZSI6Ik5BIiwiVXNlclN0YXR1c1VwZGF0ZWQiOm51bGwsIkNsaWVudF9JUCI6IjE2NC4xMDAuMTQ2LjUyIiwiU2Vzc19vdXQiOiJodHRwczpcL1wvZGhhcml0cmVlLmFzc2FtLmdvdi5pblwvIn0.ui9CXHCHRxncnCeJGRHgW33mSGDKXe0fSzIXNVMN8EM
20260126 CHECK-QUERY###SELECT lg.user_code FROM loginuser_table lg
join lm_code u on u.lm_code=lg.user_code and lg.dist_code=u.dist_code and lg.subdiv_code=u.subdiv_code and lg.cir_code=u.cir_code and lg.mouza_pargona_code=u.mouza_pargona_code and lg.lot_no=u.lot_no where lg.use_name='Diganta4' and lg.dis_enb_option='E' and lg.dist_code='14' and lg.subdiv_code='01' and lg.cir_code='04' and lg.mouza_pargona_code='01' and lg.lot_no='01' 
20260126 RESULT###["M13"]
20260126 BHUNAKSHA-USER##########eyJ0eXAiOiJKV1QiLCJhbGciOiJIUzI1NiJ9.eyJzdWIiOiJsb2dpbnRva2VuIiwiVXNlck5hbWUiOiJEaWdhbnRhNCIsIlVzZXIgR3JvdXAiOiJNMTMiLCJsZXZlbHMiOiIxNCwwMSIsIkNsaWVudCBJUCI6IjE2NC4xMDAuMTQ2LjUyIiwiaWF0IjoxNzY5NDA1ODU1LCJleHAiOjE3Njk0MDU5NzV9.vxfQYzaXb_8fBBnuMJJTkQUr38agRA_BmiWTjh7uTxQ
20260126 CHECK-QUERY###SELECT lg.user_code,u.lm_name as name FROM loginuser_table lg
    join lm_code u on u.lm_code=lg.user_code and lg.dist_code=u.dist_code and lg.subdiv_code=u.subdiv_code and lg.cir_code=u.cir_code and lg.mouza_pargona_code=u.mouza_pargona_code and lg.lot_no=u.lot_no where lg.use_name='Diganta4' and lg.dis_enb_option='E' and lg.dist_code='14' and lg.subdiv_code='01' and lg.cir_code='04' and lg.mouza_pargona_code='01' and lg.lot_no='01' 
20260126 RESULT###["M13","Diganta Bora"]
20260126 BHUNAKSHA-USER##########eyJ0eXAiOiJKV1QiLCJhbGciOiJIUzI1NiJ9.eyJ1c2VyX2NvZGUiOiJMTTE0MDEwNDEwMDAzMzAiLCJuYW1lIjoiRGlnYW50YSBCb3JhIiwidXNlcl9kZXNpZ19jb2RlIjoiTFJBIiwidXNlX25hbWUiOiJEaWdhbnRhNCIsImRpc3RfY29kZSI6IjE0Iiwic3ViZGl2X2NvZGUiOiIwMSIsImNpcl9jb2RlIjoiMDQiLCJtb3V6YV9wYXJnb25hX2NvZGUiOiIwMSIsImxvdF9ubyI6IjAxIiwibG9nZ2VkX2luIjp0cnVlLCJleHAiOjE3Njk0MDYxNTV9.DwVd-01f1_IlP0df36_7EWXLmoeYzZMCqoOd58QgtNU
20260126 CHECK-QUERY###SELECT lg.user_code FROM loginuser_table lg
join lm_code u on u.lm_code=lg.user_code and lg.dist_code=u.dist_code and lg.subdiv_code=u.subdiv_code and lg.cir_code=u.cir_code and lg.mouza_pargona_code=u.mouza_pargona_code and lg.lot_no=u.lot_no where lg.use_name='kar2025' and lg.dis_enb_option='E' and lg.dist_code='08' and lg.subdiv_code='01' and lg.cir_code='02' and lg.mouza_pargona_code='01' and lg.lot_no='07' 
20260126 RESULT###["M79"]
20260126 BHUNAKSHA-USER##########eyJ0eXAiOiJKV1QiLCJhbGciOiJIUzI1NiJ9.eyJzdWIiOiJsb2dpbnRva2VuIiwiVXNlck5hbWUiOiJrYXIyMDI1IiwiVXNlciBHcm91cCI6Ik03OSIsImxldmVscyI6IjA4LDAxIiwiQ2xpZW50IElQIjoiMTY0LjEwMC4xNDYuNTIiLCJpYXQiOjE3Njk0MDYxODQsImV4cCI6MTc2OTQwNjMwNH0.V2IciOVF4wUadIvzwTsxPjzxko3-4Y2F5UhGxDwi1-o
20260126 CHECK-QUERY###SELECT lg.user_code,u.lm_name as name FROM loginuser_table lg
    join lm_code u on u.lm_code=lg.user_code and lg.dist_code=u.dist_code and lg.subdiv_code=u.subdiv_code and lg.cir_code=u.cir_code and lg.mouza_pargona_code=u.mouza_pargona_code and lg.lot_no=u.lot_no where lg.use_name='kar2025' and lg.dis_enb_option='E' and lg.dist_code='08' and lg.subdiv_code='01' and lg.cir_code='02' and lg.mouza_pargona_code='01' and lg.lot_no='07' 
20260126 RESULT###["M79","\u0995\u09f0\u09c1\u09a8\u09be \u09a1\u09c7\u0995\u09be"]
20260126 BHUNAKSHA-USER##########eyJ0eXAiOiJKV1QiLCJhbGciOiJIUzI1NiJ9.eyJ1c2VyX2NvZGUiOiJMTTA4MDEwMjc5NiIsIm5hbWUiOiJcdTA5OTVcdTA5ZjBcdTA5YzFcdTA5YThcdTA5YmUgXHUwOWExXHUwOWM3XHUwOTk1XHUwOWJlIiwidXNlcl9kZXNpZ19jb2RlIjoiTFJBIiwidXNlX25hbWUiOiJrYXIyMDI1IiwiZGlzdF9jb2RlIjoiMDgiLCJzdWJkaXZfY29kZSI6IjAxIiwiY2lyX2NvZGUiOiIwMiIsIm1vdXphX3BhcmdvbmFfY29kZSI6IjAxIiwibG90X25vIjoiMDciLCJsb2dnZWRfaW4iOnRydWUsImV4cCI6MTc2OTQwNjQ4NH0._N9RAs20YlAujlJpOgCcIVIyrYEOIyHwDSAzetmZrKc
20260126 USERID###conao_biswajit###JWT###eyJ0eXAiOiJKV1QiLCJhbGciOiJIUzI1NiJ9.eyJTdWIiOiJsb2dpbnRva2VuIiwiVXNlck5hbWUiOiJjb25hb19iaXN3YWppdCIsIkRpc3RfY29kZSI6IjI5NSIsIkNpcl9jb2RlIjoiMTAwMDAwMDAwMDcwNjQiLCJOYW1lIjoiQmlzd2FqaXQgQm9yYWgiLCJEZXNpZ25hdGlvbiI6IkNPIiwiVXNlckNvZGUiOiJDTzI0IiwiUGFyZW50VXNlckNvZGUiOiJBREMxMSIsIlBhcmVudFVzZXJOYW1lIjoiTkEiLCJVc2VyU3RhdHVzVXBkYXRlZCI6bnVsbCwiQ2xpZW50X0lQIjoiMTcyLjE2LjI0LjQzIiwiU2Vzc19vdXQiOiJodHRwczpcL1wvZGhhcml0cmVlLmFzc2FtLmdvdi5pblwvIn0.a5D5F18jO7MiUpYklw2AykUK9wKPcQ_uRDcYZCBDcWE
20260126 USERID###rajeeb1###JWT###eyJ0eXAiOiJKV1QiLCJhbGciOiJIUzI1NiJ9.eyJTdWIiOiJsb2dpbnRva2VuIiwiVXNlck5hbWUiOiJyYWplZWIxIiwiRGlzdF9jb2RlIjoiMjg0IiwiQ2lyX2NvZGUiOiIxMDAwMDAwMDAxNTI4MSIsIk5hbWUiOiJSYWplZWIgU29ub3dhbCIsIkRlc2lnbmF0aW9uIjoiQ08iLCJVc2VyQ29kZSI6IkNPMjQiLCJQYXJlbnRVc2VyQ29kZSI6IkFEQzE0IiwiUGFyZW50VXNlck5hbWUiOiJOQSIsIlVzZXJTdGF0dXNVcGRhdGVkIjpudWxsLCJDbGllbnRfSVAiOiIxNDEuMTQ4LjIwOS4yMTMiLCJTZXNzX291dCI6Imh0dHBzOlwvXC9kaGFyaXRyZWUuYXNzYW0uZ292LmluXC8ifQ.8hBu7eC1-LKjIUcVg7vYNviKKi0UC9ZUkb_jqT_BsQQ
20260126 USERID###conao_biswajit###JWT###eyJ0eXAiOiJKV1QiLCJhbGciOiJIUzI1NiJ9.eyJTdWIiOiJsb2dpbnRva2VuIiwiVXNlck5hbWUiOiJjb25hb19iaXN3YWppdCIsIkRpc3RfY29kZSI6IjI5NSIsIkNpcl9jb2RlIjoiMTAwMDAwMDAwMDcwNjQiLCJOYW1lIjoiQmlzd2FqaXQgQm9yYWgiLCJEZXNpZ25hdGlvbiI6IkNPIiwiVXNlckNvZGUiOiJDTzI0IiwiUGFyZW50VXNlckNvZGUiOiJBREMxMSIsIlBhcmVudFVzZXJOYW1lIjoiTkEiLCJVc2VyU3RhdHVzVXBkYXRlZCI6bnVsbCwiQ2xpZW50X0lQIjoiMTcyLjE2LjI0LjQzIiwiU2Vzc19vdXQiOiJodHRwczpcL1wvZGhhcml0cmVlLmFzc2FtLmdvdi5pblwvIn0.a5D5F18jO7MiUpYklw2AykUK9wKPcQ_uRDcYZCBDcWE
20260126 CHECK-QUERY###SELECT lg.user_code,u.username as name FROM loginuser_table lg
    join users u on u.user_code=lg.user_code and lg.dist_code=u.dist_code and lg.subdiv_code=u.subdiv_code and lg.cir_code=u.cir_code where lg.use_name='Pranjal@1' and lg.dis_enb_option='E' and lg.dist_code='32' and lg.subdiv_code='01' and lg.cir_code='06' 
20260126 RESULT###["SK29","Pranjal Nath"]
20260126 BHUNAKSHA-USER##########eyJ0eXAiOiJKV1QiLCJhbGciOiJIUzI1NiJ9.eyJ1c2VyX2NvZGUiOm51bGwsIm5hbWUiOiJQcmFuamFsIE5hdGgiLCJ1c2VyX2Rlc2lnX2NvZGUiOiJMUlMiLCJ1c2VfbmFtZSI6IlByYW5qYWxAMSIsImRpc3RfY29kZSI6IjMyIiwic3ViZGl2X2NvZGUiOiIwMSIsImNpcl9jb2RlIjoiMDYiLCJtb3V6YV9wYXJnb25hX2NvZGUiOiIwMCIsImxvdF9ubyI6IjAwIiwibG9nZ2VkX2luIjp0cnVlLCJleHAiOjE3Njk0MDcyODF9.1yZoiqpGWRy8-_n5bT97PH1AXKRYa3UuLQAiwUJ_1y8
20260126 USERID###co_bhuragaon###JWT###eyJ0eXAiOiJKV1QiLCJhbGciOiJIUzI1NiJ9.eyJTdWIiOiJsb2dpbnRva2VuIiwiVXNlck5hbWUiOiJjb19iaHVyYWdhb24iLCJEaXN0X2NvZGUiOiIyOTYiLCJDaXJfY29kZSI6IjEwMDAwMDAwMDE2MzIwIiwiTmFtZSI6IlByYW5qYWwgQmFydWFoIiwiRGVzaWduYXRpb24iOiJDTyIsIlVzZXJDb2RlIjoiQ08zOSIsIlBhcmVudFVzZXJDb2RlIjoiQURDMTMiLCJQYXJlbnRVc2VyTmFtZSI6Ik5BIiwiVXNlclN0YXR1c1VwZGF0ZWQiOm51bGwsIkNsaWVudF9JUCI6IjE0MS4xNDguMjA5LjIxMyIsIlNlc3Nfb3V0IjoiaHR0cHM6XC9cL2RoYXJpdHJlZS5hc3NhbS5nb3YuaW5cLyJ9.CilbO3dznlAxrxvlFM3CLHlWkfmT1e_eCPWEGBf3mw4
20260126 CHECK-QUERY###SELECT lg.user_code,u.username as name FROM loginuser_table lg
    join users u on u.user_code=lg.user_code and lg.dist_code=u.dist_code and lg.subdiv_code=u.subdiv_code and lg.cir_code=u.cir_code where lg.use_name='co_bhuragaon' and lg.dis_enb_option='E' and lg.dist_code='32' and lg.subdiv_code='01' and lg.cir_code='06' 
20260126 RESULT###["CO39","Pranjal Baruah"]
20260126 BHUNAKSHA-USER##########eyJ0eXAiOiJKV1QiLCJhbGciOiJIUzI1NiJ9.eyJ1c2VyX2NvZGUiOiJDTzMyMDEwNjE1MiIsIm5hbWUiOiJQcmFuamFsIEJhcnVhaCIsInVzZXJfZGVzaWdfY29kZSI6IkNPIiwidXNlX25hbWUiOiJjb19iaHVyYWdhb24iLCJkaXN0X2NvZGUiOiIzMiIsInN1YmRpdl9jb2RlIjoiMDEiLCJjaXJfY29kZSI6IjA2IiwibW91emFfcGFyZ29uYV9jb2RlIjoiMDAiLCJsb3Rfbm8iOiIwMCIsImxvZ2dlZF9pbiI6dHJ1ZSwiZXhwIjoxNzY5NDA3NDI2fQ.ueR-pP8SkRH7Z0mi74ElautNpSx5PnWDE6Rrxv2gSCg
20260126 CHECK-QUERY###SELECT lg.user_code FROM loginuser_table lg
join lm_code u on u.lm_code=lg.user_code and lg.dist_code=u.dist_code and lg.subdiv_code=u.subdiv_code and lg.cir_code=u.cir_code and lg.mouza_pargona_code=u.mouza_pargona_code and lg.lot_no=u.lot_no where lg.use_name='champa01' and lg.dis_enb_option='E' and lg.dist_code='08' and lg.subdiv_code='01' and lg.cir_code='02' and lg.mouza_pargona_code='01' and lg.lot_no='03' 
20260126 RESULT###["M65"]
20260126 BHUNAKSHA-USER##########eyJ0eXAiOiJKV1QiLCJhbGciOiJIUzI1NiJ9.eyJzdWIiOiJsb2dpbnRva2VuIiwiVXNlck5hbWUiOiJjaGFtcGEwMSIsIlVzZXIgR3JvdXAiOiJNNjUiLCJsZXZlbHMiOiIwOCwwMSIsIkNsaWVudCBJUCI6IjE2NC4xMDAuMTQ2LjUyIiwiaWF0IjoxNzY5NDA3MTc5LCJleHAiOjE3Njk0MDcyOTl9.TOcyqOtddbcMC-H4vOt1xqXZMIDW1gzt3QiVxnRUonw
20260126 CHECK-QUERY###SELECT lg.user_code,u.lm_name as name FROM loginuser_table lg
    join lm_code u on u.lm_code=lg.user_code and lg.dist_code=u.dist_code and lg.subdiv_code=u.subdiv_code and lg.cir_code=u.cir_code and lg.mouza_pargona_code=u.mouza_pargona_code and lg.lot_no=u.lot_no where lg.use_name='champa01' and lg.dis_enb_option='E' and lg.dist_code='08' and lg.subdiv_code='01' and lg.cir_code='02' and lg.mouza_pargona_code='01' and lg.lot_no='03' 
20260126 RESULT###["M65","\u099a\u09ae\u09cd\u09aa\u09be\u09f0\u09be\u09ae \u0995\u09c7\u0993\u0981\u099f"]
20260126 BHUNAKSHA-USER##########eyJ0eXAiOiJKV1QiLCJhbGciOiJIUzI1NiJ9.eyJ1c2VyX2NvZGUiOiJMTTA4MDEwMjc3NCIsIm5hbWUiOiJcdTA5OWFcdTA5YWVcdTA5Y2RcdTA5YWFcdTA5YmVcdTA5ZjBcdTA5YmVcdTA5YWUgXHUwOTk1XHUwOWM3XHUwOTkzXHUwOTgxXHUwOTlmIiwidXNlcl9kZXNpZ19jb2RlIjoiTFJBIiwidXNlX25hbWUiOiJjaGFtcGEwMSIsImRpc3RfY29kZSI6IjA4Iiwic3ViZGl2X2NvZGUiOiIwMSIsImNpcl9jb2RlIjoiMDIiLCJtb3V6YV9wYXJnb25hX2NvZGUiOiIwMSIsImxvdF9ubyI6IjAzIiwibG9nZ2VkX2luIjp0cnVlLCJleHAiOjE3Njk0MDc0Nzl9.Z1uVSrogFnN7Yt8EdPbptsG2DBLwVAWkZVYB0U528ZU
20260126 AUTH###host = 172.16.2.160###HOST###dbname = lakhimpur####DBNAME###port = 5432#####PORT####
20260126 AUTH###host = 172.16.2.160###HOST###dbname = nocmaster####DBNAME###port = 5432#####PORT####
20260126 AUTH###host = 172.16.2.160###HOST###dbname = central_auth####DBNAME###port = 5432#####PORT####
20260126 AUTH###host = 172.16.2.160###HOST###dbname = lakhimpur####DBNAME###port = 5432#####PORT####
20260126 AUTH###host = 172.16.2.160###HOST###dbname = nocmaster####DBNAME###port = 5432#####PORT####
20260126 USERID###debashisb###JWT###eyJ0eXAiOiJKV1QiLCJhbGciOiJIUzI1NiJ9.eyJTdWIiOiJsb2dpbnRva2VuIiwiVXNlck5hbWUiOiJkZWJhc2hpc2IiLCJEaXN0X2NvZGUiOiIyOTEiLCJDaXJfY29kZSI6IjEwMDAwMDAwMDAzOTcyIiwiTmFtZSI6Ilx1MDlhNlx1MDljN1x1MDlmMVx1MDliZVx1MDliNlx1MDljMFx1MDliNyBcdTA5YWNcdTA5ZjBcdTA5YTBcdTA5YmVcdTA5OTVcdTA5YzFcdTA5ZjAiLCJEZXNpZ25hdGlvbiI6IkNPIiwiVXNlckNvZGUiOiJDTzU2IiwiUGFyZW50VXNlckNvZGUiOiJBREMyMiIsIlBhcmVudFVzZXJOYW1lIjoiTkEiLCJVc2VyU3RhdHVzVXBkYXRlZCI6bnVsbCwiQ2xpZW50X0lQIjoiMTY0LjEwMC4xNDYuNTIiLCJTZXNzX291dCI6Imh0dHBzOlwvXC9kaGFyaXRyZWUuYXNzYW0uZ292LmluXC8ifQ.z4yYsmX3WDGNM0fe1tfGhHa0t2JmZNx87qpxc0RWUAQ
20260126 CHECK-QUERY###SELECT lg.user_code FROM loginuser_table lg
join users u on u.user_code=lg.user_code and lg.dist_code=u.dist_code and lg.subdiv_code=u.subdiv_code and lg.cir_code=u.cir_code where lg.use_name='Pranjal@1' and lg.dis_enb_option='E' and lg.dist_code='32' and lg.subdiv_code='01' and lg.cir_code='06'
20260126 RESULT###["SK29"]
20260126 BHUNAKSHA-USER##########eyJ0eXAiOiJKV1QiLCJhbGciOiJIUzI1NiJ9.eyJzdWIiOiJsb2dpbnRva2VuIiwiVXNlck5hbWUiOiJQcmFuamFsQDEiLCJVc2VyIEdyb3VwIjoiU0syOSIsImxldmVscyI6IjMyLDAxIiwiQ2xpZW50IElQIjoiMTQxLjE0OC4yMDkuMjEzIiwiaWF0IjoxNzY5NDA3NTM5LCJleHAiOjE3Njk0MDc2NTl9.DsD771JQLGQmPoAOfzIJS9z-cC5oHvmKsK_7yk-GnwE
20260126 CHECK-QUERY###SELECT lg.user_code,u.username as name FROM loginuser_table lg
    join users u on u.user_code=lg.user_code and lg.dist_code=u.dist_code and lg.subdiv_code=u.subdiv_code and lg.cir_code=u.cir_code where lg.use_name='Pranjal@1' and lg.dis_enb_option='E' and lg.dist_code='32' and lg.subdiv_code='01' and lg.cir_code='06' 
20260126 RESULT###["SK29","Pranjal Nath"]
20260126 BHUNAKSHA-USER##########eyJ0eXAiOiJKV1QiLCJhbGciOiJIUzI1NiJ9.eyJ1c2VyX2NvZGUiOm51bGwsIm5hbWUiOiJQcmFuamFsIE5hdGgiLCJ1c2VyX2Rlc2lnX2NvZGUiOiJMUlMiLCJ1c2VfbmFtZSI6IlByYW5qYWxAMSIsImRpc3RfY29kZSI6IjMyIiwic3ViZGl2X2NvZGUiOiIwMSIsImNpcl9jb2RlIjoiMDYiLCJtb3V6YV9wYXJnb25hX2NvZGUiOiIwMCIsImxvdF9ubyI6IjAwIiwibG9nZ2VkX2luIjp0cnVlLCJleHAiOjE3Njk0MDc4Mzl9.TvNgxs_WfJNNzcH-xK4EyxEIv6X6INqDKt4CItpaDAU
20260126 USERID###co_navanita###JWT###eyJ0eXAiOiJKV1QiLCJhbGciOiJIUzI1NiJ9.eyJTdWIiOiJsb2dpbnRva2VuIiwiVXNlck5hbWUiOiJjb19uYXZhbml0YSIsIkRpc3RfY29kZSI6IjI5NSIsIkNpcl9jb2RlIjoiMTAwMDAwMDAwMDcwMTMiLCJOYW1lIjoiXHUwOWE4XHUwOWYxXHUwOWE4XHUwOWMwXHUwOWE0XHUwOWJlIFx1MDliOVx1MDliZVx1MDk5Y1x1MDlmMFx1MDliZlx1MDk5NVx1MDliZSIsIkRlc2lnbmF0aW9uIjoiQ08iLCJVc2VyQ29kZSI6IkNPMzEiLCJQYXJlbnRVc2VyQ29kZSI6IkFEQzExIiwiUGFyZW50VXNlck5hbWUiOiJOQSIsIlVzZXJTdGF0dXNVcGRhdGVkIjpudWxsLCJDbGllbnRfSVAiOiIxNDEuMTQ4LjIwOS4yMTMiLCJTZXNzX291dCI6Imh0dHBzOlwvXC9kaGFyaXRyZWUuYXNzYW0uZ292LmluXC8ifQ._KBx4Nw6w0-AWh32ZGrA-1eRmZJpjZ7wEAt9xnkwqwo
20260126 USERID###conao_biswajit###JWT###eyJ0eXAiOiJKV1QiLCJhbGciOiJIUzI1NiJ9.eyJTdWIiOiJsb2dpbnRva2VuIiwiVXNlck5hbWUiOiJjb25hb19iaXN3YWppdCIsIkRpc3RfY29kZSI6IjI5NSIsIkNpcl9jb2RlIjoiMTAwMDAwMDAwMDcwNjQiLCJOYW1lIjoiQmlzd2FqaXQgQm9yYWgiLCJEZXNpZ25hdGlvbiI6IkNPIiwiVXNlckNvZGUiOiJDTzI0IiwiUGFyZW50VXNlckNvZGUiOiJBREMxMSIsIlBhcmVudFVzZXJOYW1lIjoiTkEiLCJVc2VyU3RhdHVzVXBkYXRlZCI6bnVsbCwiQ2xpZW50X0lQIjoiMTcyLjE2LjI0LjQzIiwiU2Vzc19vdXQiOiJodHRwczpcL1wvZGhhcml0cmVlLmFzc2FtLmdvdi5pblwvIn0.a5D5F18jO7MiUpYklw2AykUK9wKPcQ_uRDcYZCBDcWE
20260126 CHECK-QUERY###SELECT lg.user_code,u.lm_name as name FROM loginuser_table lg
    join lm_code u on u.lm_code=lg.user_code and lg.dist_code=u.dist_code and lg.subdiv_code=u.subdiv_code and lg.cir_code=u.cir_code and lg.mouza_pargona_code=u.mouza_pargona_code and lg.lot_no=u.lot_no where lg.use_name='Diganta4' and lg.dis_enb_option='E' and lg.dist_code='14' and lg.subdiv_code='01' and lg.cir_code='04' and lg.mouza_pargona_code='01' and lg.lot_no='01' 
20260126 RESULT###["M13","Diganta Bora"]
20260126 BHUNAKSHA-USER##########eyJ0eXAiOiJKV1QiLCJhbGciOiJIUzI1NiJ9.eyJ1c2VyX2NvZGUiOiJMTTE0MDEwNDEwMDAzMzAiLCJuYW1lIjoiRGlnYW50YSBCb3JhIiwidXNlcl9kZXNpZ19jb2RlIjoiTFJBIiwidXNlX25hbWUiOiJEaWdhbnRhNCIsImRpc3RfY29kZSI6IjE0Iiwic3ViZGl2X2NvZGUiOiIwMSIsImNpcl9jb2RlIjoiMDQiLCJtb3V6YV9wYXJnb25hX2NvZGUiOiIwMSIsImxvdF9ubyI6IjAxIiwibG9nZ2VkX2luIjp0cnVlLCJleHAiOjE3Njk0MDg2NTJ9.8g9mgk-Zcw8IcLG1OZezUYa29J8zU7Vil9F9RqzSGVo
20260126 CHECK-QUERY###SELECT lg.user_code FROM loginuser_table lg
join lm_code u on u.lm_code=lg.user_code and lg.dist_code=u.dist_code and lg.subdiv_code=u.subdiv_code and lg.cir_code=u.cir_code and lg.mouza_pargona_code=u.mouza_pargona_code and lg.lot_no=u.lot_no where lg.use_name='Diganta4' and lg.dis_enb_option='E' and lg.dist_code='14' and lg.subdiv_code='01' and lg.cir_code='04' and lg.mouza_pargona_code='01' and lg.lot_no='01' 
20260126 RESULT###["M13"]
20260126 BHUNAKSHA-USER##########eyJ0eXAiOiJKV1QiLCJhbGciOiJIUzI1NiJ9.eyJzdWIiOiJsb2dpbnRva2VuIiwiVXNlck5hbWUiOiJEaWdhbnRhNCIsIlVzZXIgR3JvdXAiOiJNMTMiLCJsZXZlbHMiOiIxNCwwMSIsIkNsaWVudCBJUCI6IjE2NC4xMDAuMTQ2LjUyIiwiaWF0IjoxNzY5NDA4MzUyLCJleHAiOjE3Njk0MDg0NzJ9.xkflyX0xmv5RjqcLsLZ0PiKd928GuR8tGlpZYO3SnKk
20260126 CHECK-QUERY###SELECT lg.user_code FROM loginuser_table lg
join lm_code u on u.lm_code=lg.user_code and lg.dist_code=u.dist_code and lg.subdiv_code=u.subdiv_code and lg.cir_code=u.cir_code and lg.mouza_pargona_code=u.mouza_pargona_code and lg.lot_no=u.lot_no where lg.use_name='Kbora2' and lg.dis_enb_option='E' and lg.dist_code='32' and lg.subdiv_code='01' and lg.cir_code='01' and lg.mouza_pargona_code='02' and lg.lot_no='02' 
20260126 RESULT###["M8"]
20260126 BHUNAKSHA-USER##########eyJ0eXAiOiJKV1QiLCJhbGciOiJIUzI1NiJ9.eyJzdWIiOiJsb2dpbnRva2VuIiwiVXNlck5hbWUiOiJLYm9yYTIiLCJVc2VyIEdyb3VwIjoiTTgiLCJsZXZlbHMiOiIzMiwwMSIsIkNsaWVudCBJUCI6IjE0MS4xNDguMjA5LjIxMyIsImlhdCI6MTc2OTQwOTI1OSwiZXhwIjoxNzY5NDA5Mzc5fQ.LsMSIQkm93Gssa4Gtrg-ZS5rAkMrOIlAFOqup89cJA8
20260126 CHECK-QUERY###SELECT lg.user_code,u.lm_name as name FROM loginuser_table lg
    join lm_code u on u.lm_code=lg.user_code and lg.dist_code=u.dist_code and lg.subdiv_code=u.subdiv_code and lg.cir_code=u.cir_code and lg.mouza_pargona_code=u.mouza_pargona_code and lg.lot_no=u.lot_no where lg.use_name='Kbora2' and lg.dis_enb_option='E' and lg.dist_code='32' and lg.subdiv_code='01' and lg.cir_code='01' and lg.mouza_pargona_code='02' and lg.lot_no='02' 
20260126 RESULT###["M8","Kushal Chandra Bora"]
20260126 BHUNAKSHA-USER##########eyJ0eXAiOiJKV1QiLCJhbGciOiJIUzI1NiJ9.eyJ1c2VyX2NvZGUiOiJMTTMyMDEwMTUwNyIsIm5hbWUiOiJLdXNoYWwgQ2hhbmRyYSBCb3JhIiwidXNlcl9kZXNpZ19jb2RlIjoiTFJBIiwidXNlX25hbWUiOiJLYm9yYTIiLCJkaXN0X2NvZGUiOiIzMiIsInN1YmRpdl9jb2RlIjoiMDEiLCJjaXJfY29kZSI6IjAxIiwibW91emFfcGFyZ29uYV9jb2RlIjoiMDIiLCJsb3Rfbm8iOiIwMiIsImxvZ2dlZF9pbiI6dHJ1ZSwiZXhwIjoxNzY5NDA5NTU5fQ.xLYeXYNG9yaR7DXpkQoR1oWSoH-fM4pIZmcsveWT_PA
20260126 USERID###co_joyprakash###JWT###eyJ0eXAiOiJKV1QiLCJhbGciOiJIUzI1NiJ9.eyJTdWIiOiJsb2dpbnRva2VuIiwiVXNlck5hbWUiOiJjb19qb3lwcmFrYXNoIiwiRGlzdF9jb2RlIjoiMjk1IiwiQ2lyX2NvZGUiOiIxMDAwMDAwMDAwNzAwNiIsIk5hbWUiOiJcdTA5YjZcdTA5Y2RcdTA5ZjBcdTA5YzAgXHUwOTljXHUwOWRmXHUwOWFhXHUwOWNkXHUwOWYwXHUwOTk1XHUwOWJlXHUwOWI2IFx1MDlhZVx1MDliOVx1MDlhOFx1MDljZFx1MDlhNCIsIkRlc2lnbmF0aW9uIjoiQ08iLCJVc2VyQ29kZSI6IkNPMTMiLCJQYXJlbnRVc2VyQ29kZSI6IkFEQzExIiwiUGFyZW50VXNlck5hbWUiOiJOQSIsIlVzZXJTdGF0dXNVcGRhdGVkIjpudWxsLCJDbGllbnRfSVAiOiIxNzIuMTYuMjQuNDMiLCJTZXNzX291dCI6Imh0dHBzOlwvXC9kaGFyaXRyZWUuYXNzYW0uZ292LmluXC8ifQ.e3SerFS15yGRqAil8rjNhh2BMbeyHjXo9_vfddY06Ds
20260126 CHECK-QUERY###SELECT lg.user_code FROM loginuser_table lg
join lm_code u on u.lm_code=lg.user_code and lg.dist_code=u.dist_code and lg.subdiv_code=u.subdiv_code and lg.cir_code=u.cir_code and lg.mouza_pargona_code=u.mouza_pargona_code and lg.lot_no=u.lot_no where lg.use_name='champa01' and lg.dis_enb_option='E' and lg.dist_code='08' and lg.subdiv_code='01' and lg.cir_code='02' and lg.mouza_pargona_code='01' and lg.lot_no='03' 
20260126 RESULT###["M65"]
20260126 BHUNAKSHA-USER##########eyJ0eXAiOiJKV1QiLCJhbGciOiJIUzI1NiJ9.eyJzdWIiOiJsb2dpbnRva2VuIiwiVXNlck5hbWUiOiJjaGFtcGEwMSIsIlVzZXIgR3JvdXAiOiJNNjUiLCJsZXZlbHMiOiIwOCwwMSIsIkNsaWVudCBJUCI6IjE2NC4xMDAuMTQ2LjUyIiwiaWF0IjoxNzY5NDExMDU2LCJleHAiOjE3Njk0MTExNzZ9.Q3GQxtNUv2FBOa7Mz5Bnq4WCM6vdFWJqbpWtmAj1pIs
20260126 CHECK-QUERY###SELECT lg.user_code,u.lm_name as name FROM loginuser_table lg
    join lm_code u on u.lm_code=lg.user_code and lg.dist_code=u.dist_code and lg.subdiv_code=u.subdiv_code and lg.cir_code=u.cir_code and lg.mouza_pargona_code=u.mouza_pargona_code and lg.lot_no=u.lot_no where lg.use_name='champa01' and lg.dis_enb_option='E' and lg.dist_code='08' and lg.subdiv_code='01' and lg.cir_code='02' and lg.mouza_pargona_code='01' and lg.lot_no='03' 
20260126 RESULT###["M65","\u099a\u09ae\u09cd\u09aa\u09be\u09f0\u09be\u09ae \u0995\u09c7\u0993\u0981\u099f"]
20260126 BHUNAKSHA-USER##########eyJ0eXAiOiJKV1QiLCJhbGciOiJIUzI1NiJ9.eyJ1c2VyX2NvZGUiOiJMTTA4MDEwMjc3NCIsIm5hbWUiOiJcdTA5OWFcdTA5YWVcdTA5Y2RcdTA5YWFcdTA5YmVcdTA5ZjBcdTA5YmVcdTA5YWUgXHUwOTk1XHUwOWM3XHUwOTkzXHUwOTgxXHUwOTlmIiwidXNlcl9kZXNpZ19jb2RlIjoiTFJBIiwidXNlX25hbWUiOiJjaGFtcGEwMSIsImRpc3RfY29kZSI6IjA4Iiwic3ViZGl2X2NvZGUiOiIwMSIsImNpcl9jb2RlIjoiMDIiLCJtb3V6YV9wYXJnb25hX2NvZGUiOiIwMSIsImxvdF9ubyI6IjAzIiwibG9nZ2VkX2luIjp0cnVlLCJleHAiOjE3Njk0MTEzNTZ9.fJUj-HkQ0KRlTwDjMSk__z4l6a2SSqU9kXJ3g5tUop0
20260126 CHECK-QUERY###SELECT lg.user_code FROM loginuser_table lg
join lm_code u on u.lm_code=lg.user_code and lg.dist_code=u.dist_code and lg.subdiv_code=u.subdiv_code and lg.cir_code=u.cir_code and lg.mouza_pargona_code=u.mouza_pargona_code and lg.lot_no=u.lot_no where lg.use_name='Kbora2' and lg.dis_enb_option='E' and lg.dist_code='32' and lg.subdiv_code='01' and lg.cir_code='01' and lg.mouza_pargona_code='02' and lg.lot_no='02' 
20260126 RESULT###["M8"]
20260126 BHUNAKSHA-USER##########eyJ0eXAiOiJKV1QiLCJhbGciOiJIUzI1NiJ9.eyJzdWIiOiJsb2dpbnRva2VuIiwiVXNlck5hbWUiOiJLYm9yYTIiLCJVc2VyIEdyb3VwIjoiTTgiLCJsZXZlbHMiOiIzMiwwMSIsIkNsaWVudCBJUCI6IjE0MS4xNDguMjA5LjIxMyIsImlhdCI6MTc2OTQxMTA4NSwiZXhwIjoxNzY5NDExMjA1fQ.yue91gl-gqr8JRlTzY9CC2Rjq_04SI_JtDEdBAC3HIw
20260126 CHECK-QUERY###SELECT lg.user_code,u.lm_name as name FROM loginuser_table lg
    join lm_code u on u.lm_code=lg.user_code and lg.dist_code=u.dist_code and lg.subdiv_code=u.subdiv_code and lg.cir_code=u.cir_code and lg.mouza_pargona_code=u.mouza_pargona_code and lg.lot_no=u.lot_no where lg.use_name='Kbora2' and lg.dis_enb_option='E' and lg.dist_code='32' and lg.subdiv_code='01' and lg.cir_code='01' and lg.mouza_pargona_code='02' and lg.lot_no='02' 
20260126 RESULT###["M8","Kushal Chandra Bora"]
20260126 BHUNAKSHA-USER##########eyJ0eXAiOiJKV1QiLCJhbGciOiJIUzI1NiJ9.eyJ1c2VyX2NvZGUiOiJMTTMyMDEwMTUwNyIsIm5hbWUiOiJLdXNoYWwgQ2hhbmRyYSBCb3JhIiwidXNlcl9kZXNpZ19jb2RlIjoiTFJBIiwidXNlX25hbWUiOiJLYm9yYTIiLCJkaXN0X2NvZGUiOiIzMiIsInN1YmRpdl9jb2RlIjoiMDEiLCJjaXJfY29kZSI6IjAxIiwibW91emFfcGFyZ29uYV9jb2RlIjoiMDIiLCJsb3Rfbm8iOiIwMiIsImxvZ2dlZF9pbiI6dHJ1ZSwiZXhwIjoxNzY5NDExMzg1fQ.oPfYOH4EkxnmaY_24oMvcnTg1j9gks1OBIt3onY5fhc
20260126 CHECK-QUERY###SELECT lg.user_code FROM loginuser_table lg
join lm_code u on u.lm_code=lg.user_code and lg.dist_code=u.dist_code and lg.subdiv_code=u.subdiv_code and lg.cir_code=u.cir_code and lg.mouza_pargona_code=u.mouza_pargona_code and lg.lot_no=u.lot_no where lg.use_name='Kbora2' and lg.dis_enb_option='E' and lg.dist_code='32' and lg.subdiv_code='01' and lg.cir_code='01' and lg.mouza_pargona_code='02' and lg.lot_no='02' 
20260126 RESULT###["M8"]
20260126 BHUNAKSHA-USER##########eyJ0eXAiOiJKV1QiLCJhbGciOiJIUzI1NiJ9.eyJzdWIiOiJsb2dpbnRva2VuIiwiVXNlck5hbWUiOiJLYm9yYTIiLCJVc2VyIEdyb3VwIjoiTTgiLCJsZXZlbHMiOiIzMiwwMSIsIkNsaWVudCBJUCI6IjE0MS4xNDguMjA5LjIxMyIsImlhdCI6MTc2OTQxMTY1NiwiZXhwIjoxNzY5NDExNzc2fQ.U06S5mRdt-iRiB0xSyaxOjpQHx1s_mDMjvT7-sHd05U
20260126 CHECK-QUERY###SELECT lg.user_code,u.lm_name as name FROM loginuser_table lg
    join lm_code u on u.lm_code=lg.user_code and lg.dist_code=u.dist_code and lg.subdiv_code=u.subdiv_code and lg.cir_code=u.cir_code and lg.mouza_pargona_code=u.mouza_pargona_code and lg.lot_no=u.lot_no where lg.use_name='Kbora2' and lg.dis_enb_option='E' and lg.dist_code='32' and lg.subdiv_code='01' and lg.cir_code='01' and lg.mouza_pargona_code='02' and lg.lot_no='02' 
20260126 RESULT###["M8","Kushal Chandra Bora"]
20260126 BHUNAKSHA-USER##########eyJ0eXAiOiJKV1QiLCJhbGciOiJIUzI1NiJ9.eyJ1c2VyX2NvZGUiOiJMTTMyMDEwMTUwNyIsIm5hbWUiOiJLdXNoYWwgQ2hhbmRyYSBCb3JhIiwidXNlcl9kZXNpZ19jb2RlIjoiTFJBIiwidXNlX25hbWUiOiJLYm9yYTIiLCJkaXN0X2NvZGUiOiIzMiIsInN1YmRpdl9jb2RlIjoiMDEiLCJjaXJfY29kZSI6IjAxIiwibW91emFfcGFyZ29uYV9jb2RlIjoiMDIiLCJsb3Rfbm8iOiIwMiIsImxvZ2dlZF9pbiI6dHJ1ZSwiZXhwIjoxNzY5NDExOTU3fQ.93GyapcBdBTkVhpz-U6bgSa32eD-SbA_XWTYPXPd_qo
20260126 USERID###consahariaddm###JWT###eyJ0eXAiOiJKV1QiLCJhbGciOiJIUzI1NiJ9.eyJTdWIiOiJsb2dpbnRva2VuIiwiVXNlck5hbWUiOiJjb25zYWhhcmlhZGRtIiwiRGlzdF9jb2RlIjoiMzAyIiwiQ2lyX2NvZGUiOiIxMDAwMDAwMDAxMjU4MSIsIk5hbWUiOiJcdTA5YThcdTA5ZjFcdTA5OWNcdTA5Y2RcdTA5YWZcdTA5Y2JcdTA5YTRcdTA5YmYgXHUwOTlhXHUwOWI5XHUwOWYwXHUwOWMwXHUwOWFmXHUwOWJjXHUwOWJlIiwiRGVzaWduYXRpb24iOiJDTyIsIlVzZXJDb2RlIjoiQ08zOSIsIlBhcmVudFVzZXJDb2RlIjoiQURDMTEiLCJQYXJlbnRVc2VyTmFtZSI6Ik5BIiwiVXNlclN0YXR1c1VwZGF0ZWQiOm51bGwsIkNsaWVudF9JUCI6IjE3Mi4xNi4yNC40MyIsIlNlc3Nfb3V0IjoiaHR0cHM6XC9cL2RoYXJpdHJlZS5hc3NhbS5nb3YuaW5cLyJ9.gsPaI3Lc_Y6_2hXiwzOT_nOvGlnaBUZ1Yv0UioCzZis
20260126 USERID###cojaideep###JWT###eyJ0eXAiOiJKV1QiLCJhbGciOiJIUzI1NiJ9.eyJTdWIiOiJsb2dpbnRva2VuIiwiVXNlck5hbWUiOiJjb2phaWRlZXAiLCJEaXN0X2NvZGUiOiIzMDIiLCJDaXJfY29kZSI6IjEwMDAwMDAwMDEyNjI3IiwiTmFtZSI6Ilx1MDliNlx1MDljZFx1MDlmMFx1MDljMCBcdTA5OWNcdTA5YWZcdTA5YmNcdTA5YTZcdTA5YzBcdTA5YWEgXHUwOWYwXHUwOTljXHUwOTk1IiwiRGVzaWduYXRpb24iOiJDTyIsIlVzZXJDb2RlIjoiQ080NCIsIlBhcmVudFVzZXJDb2RlIjoiQURDMTEiLCJQYXJlbnRVc2VyTmFtZSI6Ik5BIiwiVXNlclN0YXR1c1VwZGF0ZWQiOm51bGwsIkNsaWVudF9JUCI6IjE3Mi4xNi4yNC40MyIsIlNlc3Nfb3V0IjoiaHR0cHM6XC9cL2RoYXJpdHJlZS5hc3NhbS5nb3YuaW5cLyJ9.0Ds5_ZYcDWmUB0cXKGeAlNZyk-wS3IsAgYCq8OBN0FM
20260126 USERID###co_joyprakash###JWT###eyJ0eXAiOiJKV1QiLCJhbGciOiJIUzI1NiJ9.eyJTdWIiOiJsb2dpbnRva2VuIiwiVXNlck5hbWUiOiJjb19qb3lwcmFrYXNoIiwiRGlzdF9jb2RlIjoiMjk1IiwiQ2lyX2NvZGUiOiIxMDAwMDAwMDAwNzAwNiIsIk5hbWUiOiJcdTA5YjZcdTA5Y2RcdTA5ZjBcdTA5YzAgXHUwOTljXHUwOWRmXHUwOWFhXHUwOWNkXHUwOWYwXHUwOTk1XHUwOWJlXHUwOWI2IFx1MDlhZVx1MDliOVx1MDlhOFx1MDljZFx1MDlhNCIsIkRlc2lnbmF0aW9uIjoiQ08iLCJVc2VyQ29kZSI6IkNPMTMiLCJQYXJlbnRVc2VyQ29kZSI6IkFEQzExIiwiUGFyZW50VXNlck5hbWUiOiJOQSIsIlVzZXJTdGF0dXNVcGRhdGVkIjpudWxsLCJDbGllbnRfSVAiOiIxNzIuMTYuMjQuNDMiLCJTZXNzX291dCI6Imh0dHBzOlwvXC9kaGFyaXRyZWUuYXNzYW0uZ292LmluXC8ifQ.e3SerFS15yGRqAil8rjNhh2BMbeyHjXo9_vfddY06Ds
20260126 USERID###co_joyprakash###JWT###eyJ0eXAiOiJKV1QiLCJhbGciOiJIUzI1NiJ9.eyJTdWIiOiJsb2dpbnRva2VuIiwiVXNlck5hbWUiOiJjb19qb3lwcmFrYXNoIiwiRGlzdF9jb2RlIjoiMjk1IiwiQ2lyX2NvZGUiOiIxMDAwMDAwMDAwNzAwNiIsIk5hbWUiOiJcdTA5YjZcdTA5Y2RcdTA5ZjBcdTA5YzAgXHUwOTljXHUwOWRmXHUwOWFhXHUwOWNkXHUwOWYwXHUwOTk1XHUwOWJlXHUwOWI2IFx1MDlhZVx1MDliOVx1MDlhOFx1MDljZFx1MDlhNCIsIkRlc2lnbmF0aW9uIjoiQ08iLCJVc2VyQ29kZSI6IkNPMTMiLCJQYXJlbnRVc2VyQ29kZSI6IkFEQzExIiwiUGFyZW50VXNlck5hbWUiOiJOQSIsIlVzZXJTdGF0dXNVcGRhdGVkIjpudWxsLCJDbGllbnRfSVAiOiIxNjQuMTAwLjE0Ni41MiIsIlNlc3Nfb3V0IjoiaHR0cHM6XC9cL2RoYXJpdHJlZS5hc3NhbS5nb3YuaW5cLyJ9.jhLpFWPGwaXT6tuC608DiZ3KK9pjxq4xJeiofCShGj0
20260126 CHECK-QUERY###SELECT lg.user_code FROM loginuser_table lg
join users u on u.user_code=lg.user_code and lg.dist_code=u.dist_code and lg.subdiv_code=u.subdiv_code and lg.cir_code=u.cir_code where lg.use_name='asitendu1f' and lg.dis_enb_option='E' and lg.dist_code='21' and lg.subdiv_code='01' and lg.cir_code='01'
20260126 RESULT###["SK4"]
20260126 BHUNAKSHA-USER##########eyJ0eXAiOiJKV1QiLCJhbGciOiJIUzI1NiJ9.eyJzdWIiOiJsb2dpbnRva2VuIiwiVXNlck5hbWUiOiJhc2l0ZW5kdTFmIiwiVXNlciBHcm91cCI6IlNLNCIsImxldmVscyI6IjIxLDAxIiwiQ2xpZW50IElQIjoiMTcyLjE2LjI0LjQzIiwiaWF0IjoxNzY5NDE0NTI0LCJleHAiOjE3Njk0MTQ2NDR9.zBlvLBcUD4tqSKFNhxa7c2Xe359Uj7jWQO_w5HN63XM
20260126 CHECK-QUERY###SELECT lg.user_code,u.username as name FROM loginuser_table lg
    join users u on u.user_code=lg.user_code and lg.dist_code=u.dist_code and lg.subdiv_code=u.subdiv_code and lg.cir_code=u.cir_code where lg.use_name='asitendu1f' and lg.dis_enb_option='E' and lg.dist_code='21' and lg.subdiv_code='01' and lg.cir_code='01' 
20260126 RESULT###["SK4","\u0985\u09b8\u09bf\u09a4\u09c7\u09a8\u09cd\u09a6\u09c1 \u09a6\u09be\u09b8"]
20260126 BHUNAKSHA-USER##########eyJ0eXAiOiJKV1QiLCJhbGciOiJIUzI1NiJ9.eyJ1c2VyX2NvZGUiOm51bGwsIm5hbWUiOiJcdTA5ODVcdTA5YjhcdTA5YmZcdTA5YTRcdTA5YzdcdTA5YThcdTA5Y2RcdTA5YTZcdTA5YzEgXHUwOWE2XHUwOWJlXHUwOWI4IiwidXNlcl9kZXNpZ19jb2RlIjoiTFJTIiwidXNlX25hbWUiOiJhc2l0ZW5kdTFmIiwiZGlzdF9jb2RlIjoiMjEiLCJzdWJkaXZfY29kZSI6IjAxIiwiY2lyX2NvZGUiOiIwMSIsIm1vdXphX3BhcmdvbmFfY29kZSI6IjAwIiwibG90X25vIjoiMDAiLCJsb2dnZWRfaW4iOnRydWUsImV4cCI6MTc2OTQxNDgyNH0.M-2-LwxN7f7jB9Sq1RRXQs4MwGWyoQ_wdiKmtkzIyPk
20260126 USERID###co_joyprakash###JWT###eyJ0eXAiOiJKV1QiLCJhbGciOiJIUzI1NiJ9.eyJTdWIiOiJsb2dpbnRva2VuIiwiVXNlck5hbWUiOiJjb19qb3lwcmFrYXNoIiwiRGlzdF9jb2RlIjoiMjk1IiwiQ2lyX2NvZGUiOiIxMDAwMDAwMDAwNzAwNiIsIk5hbWUiOiJcdTA5YjZcdTA5Y2RcdTA5ZjBcdTA5YzAgXHUwOTljXHUwOWRmXHUwOWFhXHUwOWNkXHUwOWYwXHUwOTk1XHUwOWJlXHUwOWI2IFx1MDlhZVx1MDliOVx1MDlhOFx1MDljZFx1MDlhNCIsIkRlc2lnbmF0aW9uIjoiQ08iLCJVc2VyQ29kZSI6IkNPMTMiLCJQYXJlbnRVc2VyQ29kZSI6IkFEQzExIiwiUGFyZW50VXNlck5hbWUiOiJOQSIsIlVzZXJTdGF0dXNVcGRhdGVkIjpudWxsLCJDbGllbnRfSVAiOiIxNzIuMTYuMjQuNDMiLCJTZXNzX291dCI6Imh0dHBzOlwvXC9kaGFyaXRyZWUuYXNzYW0uZ292LmluXC8ifQ.e3SerFS15yGRqAil8rjNhh2BMbeyHjXo9_vfddY06Ds
20260126 USERID###DC-Lakhimpur###JWT###eyJ0eXAiOiJKV1QiLCJhbGciOiJIUzI1NiJ9.eyJTdWIiOiJsb2dpbnRva2VuIiwiVXNlck5hbWUiOiJEQy1MYWtoaW1wdXIiLCJEaXN0X2NvZGUiOiIyOTUiLCJDaXJfY29kZSI6IjEwMDAwMDAwMDA3MTE4IiwiTmFtZSI6IlByb25hYiBKaXQgS2Frb3R5IiwiRGVzaWduYXRpb24iOiJEQyIsIlVzZXJDb2RlIjoiREMxMSIsIlBhcmVudFVzZXJDb2RlIjpudWxsLCJQYXJlbnRVc2VyTmFtZSI6Ik5BIiwiVXNlclN0YXR1c1VwZGF0ZWQiOm51bGwsIkNsaWVudF9JUCI6IjE2NC4xMDAuMjEyLjM4IiwiU2Vzc19vdXQiOiJodHRwczpcL1wvZGhhcml0cmVlLmFzc2FtLmdvdi5pblwvIn0.awbUvt_gR1mnE61AHnSYi5n0YA-TlrqmYie5djXeOpA
20260126 USERID###cojaideep###JWT###eyJ0eXAiOiJKV1QiLCJhbGciOiJIUzI1NiJ9.eyJTdWIiOiJsb2dpbnRva2VuIiwiVXNlck5hbWUiOiJjb2phaWRlZXAiLCJEaXN0X2NvZGUiOiIzMDIiLCJDaXJfY29kZSI6IjEwMDAwMDAwMDEyNjI3IiwiTmFtZSI6Ilx1MDliNlx1MDljZFx1MDlmMFx1MDljMCBcdTA5OWNcdTA5YWZcdTA5YmNcdTA5YTZcdTA5YzBcdTA5YWEgXHUwOWYwXHUwOTljXHUwOTk1IiwiRGVzaWduYXRpb24iOiJDTyIsIlVzZXJDb2RlIjoiQ080NCIsIlBhcmVudFVzZXJDb2RlIjoiQURDMTEiLCJQYXJlbnRVc2VyTmFtZSI6Ik5BIiwiVXNlclN0YXR1c1VwZGF0ZWQiOm51bGwsIkNsaWVudF9JUCI6IjE2NC4xMDAuMTQ5LjI1NCIsIlNlc3Nfb3V0IjoiaHR0cHM6XC9cL2RoYXJpdHJlZS5hc3NhbS5nb3YuaW5cLyJ9.Kx3XDFhdFXniLcrpl_mN9tlEP4Lx-T16zvQT5mY_sc0
20260126 USERID###co-sribhumi###JWT###eyJ0eXAiOiJKV1QiLCJhbGciOiJIUzI1NiJ9.eyJTdWIiOiJsb2dpbnRva2VuIiwiVXNlck5hbWUiOiJjby1zcmliaHVtaSIsIkRpc3RfY29kZSI6IjI5MyIsIkNpcl9jb2RlIjoiMTAwMDAwMDAwMTQzOTkiLCJOYW1lIjoiSmFncml0aSBLYWx3YXIiLCJEZXNpZ25hdGlvbiI6IkNPIiwiVXNlckNvZGUiOiJDTzMzIiwiUGFyZW50VXNlckNvZGUiOiJBREM0IiwiUGFyZW50VXNlck5hbWUiOiJOQSIsIlVzZXJTdGF0dXNVcGRhdGVkIjpudWxsLCJDbGllbnRfSVAiOiIxNzIuMTYuMjQuNDMiLCJTZXNzX291dCI6Imh0dHBzOlwvXC9kaGFyaXRyZWUuYXNzYW0uZ292LmluXC8ifQ.K940oxB39bsb5lhMXT-QWH0wbuGooQUnx3RkY1tWeaw
20260126 CHECK-QUERY###SELECT lg.user_code FROM loginuser_table lg
join users u on u.user_code=lg.user_code and lg.dist_code=u.dist_code and lg.subdiv_code=u.subdiv_code and lg.cir_code=u.cir_code where lg.use_name='co-sribhumi' and lg.dis_enb_option='E' and lg.dist_code='21' and lg.subdiv_code='01' and lg.cir_code='01'
20260126 RESULT###["CO33"]
20260126 BHUNAKSHA-USER##########eyJ0eXAiOiJKV1QiLCJhbGciOiJIUzI1NiJ9.eyJzdWIiOiJsb2dpbnRva2VuIiwiVXNlck5hbWUiOiJjby1zcmliaHVtaSIsIlVzZXIgR3JvdXAiOiJDTzMzIiwibGV2ZWxzIjoiMjEsMDEiLCJDbGllbnQgSVAiOiIxNzIuMTYuMjQuNDMiLCJpYXQiOjE3Njk0MTU2NzUsImV4cCI6MTc2OTQxNTc5NX0.RpCxm9muZ2aFBoKduHaExO6Ua-ynmyEhSoi6fOjRw58
20260126 CHECK-QUERY###SELECT lg.user_code,u.username as name FROM loginuser_table lg
    join users u on u.user_code=lg.user_code and lg.dist_code=u.dist_code and lg.subdiv_code=u.subdiv_code and lg.cir_code=u.cir_code where lg.use_name='co-sribhumi' and lg.dis_enb_option='E' and lg.dist_code='21' and lg.subdiv_code='01' and lg.cir_code='01' 
20260126 RESULT###["CO33","Jagriti Kalwar"]
20260126 BHUNAKSHA-USER##########eyJ0eXAiOiJKV1QiLCJhbGciOiJIUzI1NiJ9.eyJ1c2VyX2NvZGUiOiJjb3NyaWJodW1pIiwibmFtZSI6IkphZ3JpdGkgS2Fsd2FyIiwidXNlcl9kZXNpZ19jb2RlIjoiQ08iLCJ1c2VfbmFtZSI6ImNvLXNyaWJodW1pIiwiZGlzdF9jb2RlIjoiMjEiLCJzdWJkaXZfY29kZSI6IjAxIiwiY2lyX2NvZGUiOiIwMSIsIm1vdXphX3BhcmdvbmFfY29kZSI6IjAwIiwibG90X25vIjoiMDAiLCJsb2dnZWRfaW4iOnRydWUsImV4cCI6MTc2OTQxNTk3NX0.5S3EFC1D4XmmUofslt2kf17j4V6k51qESfP4V-hNz_Q
20260126 USERID###cojaideep###JWT###eyJ0eXAiOiJKV1QiLCJhbGciOiJIUzI1NiJ9.eyJTdWIiOiJsb2dpbnRva2VuIiwiVXNlck5hbWUiOiJjb2phaWRlZXAiLCJEaXN0X2NvZGUiOiIzMDIiLCJDaXJfY29kZSI6IjEwMDAwMDAwMDEyNjI3IiwiTmFtZSI6Ilx1MDliNlx1MDljZFx1MDlmMFx1MDljMCBcdTA5OWNcdTA5YWZcdTA5YmNcdTA5YTZcdTA5YzBcdTA5YWEgXHUwOWYwXHUwOTljXHUwOTk1IiwiRGVzaWduYXRpb24iOiJDTyIsIlVzZXJDb2RlIjoiQ080NCIsIlBhcmVudFVzZXJDb2RlIjoiQURDMTEiLCJQYXJlbnRVc2VyTmFtZSI6Ik5BIiwiVXNlclN0YXR1c1VwZGF0ZWQiOm51bGwsIkNsaWVudF9JUCI6IjE2NC4xMDAuMTQ5LjI1NCIsIlNlc3Nfb3V0IjoiaHR0cHM6XC9cL2RoYXJpdHJlZS5hc3NhbS5nb3YuaW5cLyJ9.Kx3XDFhdFXniLcrpl_mN9tlEP4Lx-T16zvQT5mY_sc0
20260126 CHECK-QUERY###SELECT lg.user_code,u.lm_name as name FROM loginuser_table lg
    join lm_code u on u.lm_code=lg.user_code and lg.dist_code=u.dist_code and lg.subdiv_code=u.subdiv_code and lg.cir_code=u.cir_code and lg.mouza_pargona_code=u.mouza_pargona_code and lg.lot_no=u.lot_no where lg.use_name='Pranjal07' and lg.dis_enb_option='E' and lg.dist_code='32' and lg.subdiv_code='01' and lg.cir_code='06' and lg.mouza_pargona_code='01' and lg.lot_no='07' 
20260126 RESULT###["M45","Pranjal Kumar Nath"]
20260126 BHUNAKSHA-USER##########eyJ0eXAiOiJKV1QiLCJhbGciOiJIUzI1NiJ9.eyJ1c2VyX2NvZGUiOiJQcmFuamFsMDciLCJuYW1lIjoiUHJhbmphbCBLdW1hciBOYXRoIiwidXNlcl9kZXNpZ19jb2RlIjoiTFJBIiwidXNlX25hbWUiOiJQcmFuamFsMDciLCJkaXN0X2NvZGUiOiIzMiIsInN1YmRpdl9jb2RlIjoiMDEiLCJjaXJfY29kZSI6IjA2IiwibW91emFfcGFyZ29uYV9jb2RlIjoiMDEiLCJsb3Rfbm8iOiIwNyIsImxvZ2dlZF9pbiI6dHJ1ZSwiZXhwIjoxNzY5NDE2NTg4fQ.RnoQit2DnQhJhd8uEaTLL8rRLapGqUUlDx5eNq9Lrsg
20260126 USERID###Rnapen@1###JWT###eyJ0eXAiOiJKV1QiLCJhbGciOiJIUzI1NiJ9.eyJTdWIiOiJsb2dpbnRva2VuIiwiVXNlck5hbWUiOiJSbmFwZW5AMSIsIkRpc3RfY29kZSI6IjI4NCIsIkNpcl9jb2RlIjoiMTAwMDAwMDAwMTUyODEiLCJOYW1lIjoiUmljaGEgTmFwZW4iLCJEZXNpZ25hdGlvbiI6IkNPIiwiVXNlckNvZGUiOiJDTzQ0IiwiUGFyZW50VXNlckNvZGUiOiJBREMxNyIsIlBhcmVudFVzZXJOYW1lIjoiTkEiLCJVc2VyU3RhdHVzVXBkYXRlZCI6bnVsbCwiQ2xpZW50X0lQIjoiMTQxLjE0OC4yMDkuMjEzIiwiU2Vzc19vdXQiOiJodHRwczpcL1wvZGhhcml0cmVlLmFzc2FtLmdvdi5pblwvIn0.mQhZoTwK_C6nUl5PoASs7i4ptpZjN-4Cy8S5CVQP2Uo
20260126 USERID###co_joyprakash###JWT###eyJ0eXAiOiJKV1QiLCJhbGciOiJIUzI1NiJ9.eyJTdWIiOiJsb2dpbnRva2VuIiwiVXNlck5hbWUiOiJjb19qb3lwcmFrYXNoIiwiRGlzdF9jb2RlIjoiMjk1IiwiQ2lyX2NvZGUiOiIxMDAwMDAwMDAwNzAwNiIsIk5hbWUiOiJcdTA5YjZcdTA5Y2RcdTA5ZjBcdTA5YzAgXHUwOTljXHUwOWRmXHUwOWFhXHUwOWNkXHUwOWYwXHUwOTk1XHUwOWJlXHUwOWI2IFx1MDlhZVx1MDliOVx1MDlhOFx1MDljZFx1MDlhNCIsIkRlc2lnbmF0aW9uIjoiQ08iLCJVc2VyQ29kZSI6IkNPMTMiLCJQYXJlbnRVc2VyQ29kZSI6IkFEQzExIiwiUGFyZW50VXNlck5hbWUiOiJOQSIsIlVzZXJTdGF0dXNVcGRhdGVkIjpudWxsLCJDbGllbnRfSVAiOiIxNjQuMTAwLjE0Ni41MiIsIlNlc3Nfb3V0IjoiaHR0cHM6XC9cL2RoYXJpdHJlZS5hc3NhbS5nb3YuaW5cLyJ9.jhLpFWPGwaXT6tuC608DiZ3KK9pjxq4xJeiofCShGj0
20260126 USERID###rajeeb1###JWT###eyJ0eXAiOiJKV1QiLCJhbGciOiJIUzI1NiJ9.eyJTdWIiOiJsb2dpbnRva2VuIiwiVXNlck5hbWUiOiJyYWplZWIxIiwiRGlzdF9jb2RlIjoiMjg0IiwiQ2lyX2NvZGUiOiIxMDAwMDAwMDAxNTI4MSIsIk5hbWUiOiJSYWplZWIgU29ub3dhbCIsIkRlc2lnbmF0aW9uIjoiQ08iLCJVc2VyQ29kZSI6IkNPMjQiLCJQYXJlbnRVc2VyQ29kZSI6IkFEQzE0IiwiUGFyZW50VXNlck5hbWUiOiJOQSIsIlVzZXJTdGF0dXNVcGRhdGVkIjpudWxsLCJDbGllbnRfSVAiOiIxNDEuMTQ4LjIwOS4yMTMiLCJTZXNzX291dCI6Imh0dHBzOlwvXC9kaGFyaXRyZWUuYXNzYW0uZ292LmluXC8ifQ.8hBu7eC1-LKjIUcVg7vYNviKKi0UC9ZUkb_jqT_BsQQ
20260126 USERID###sw@pneel_paul###JWT###eyJ0eXAiOiJKV1QiLCJhbGciOiJIUzI1NiJ9.eyJTdWIiOiJsb2dpbnRva2VuIiwiVXNlck5hbWUiOiJzd0BwbmVlbF9wYXVsIiwiRGlzdF9jb2RlIjoiNjE4IiwiQ2lyX2NvZGUiOiIxMDAwMDAwMDAxNTAwNyIsIk5hbWUiOiJTd2FwbmVlbCBQYXVsIiwiRGVzaWduYXRpb24iOiJEQyIsIlVzZXJDb2RlIjoiREM5IiwiUGFyZW50VXNlckNvZGUiOm51bGwsIlBhcmVudFVzZXJOYW1lIjoiTkEiLCJVc2VyU3RhdHVzVXBkYXRlZCI6bnVsbCwiQ2xpZW50X0lQIjoiMTcyLjE2LjI0LjQzIiwiU2Vzc19vdXQiOiJodHRwczpcL1wvZGhhcml0cmVlLmFzc2FtLmdvdi5pblwvIn0.EmjrxiKFl2XjtO_RSpTwbD1X8Aeg0EMd25X8to4_FqI
20260126 USERID###DC-Lakhimpur###JWT###eyJ0eXAiOiJKV1QiLCJhbGciOiJIUzI1NiJ9.eyJTdWIiOiJsb2dpbnRva2VuIiwiVXNlck5hbWUiOiJEQy1MYWtoaW1wdXIiLCJEaXN0X2NvZGUiOiIyOTUiLCJDaXJfY29kZSI6IjEwMDAwMDAwMDA3MTE4IiwiTmFtZSI6IlByb25hYiBKaXQgS2Frb3R5IiwiRGVzaWduYXRpb24iOiJEQyIsIlVzZXJDb2RlIjoiREMxMSIsIlBhcmVudFVzZXJDb2RlIjpudWxsLCJQYXJlbnRVc2VyTmFtZSI6Ik5BIiwiVXNlclN0YXR1c1VwZGF0ZWQiOm51bGwsIkNsaWVudF9JUCI6IjE2NC4xMDAuMjEyLjM4IiwiU2Vzc19vdXQiOiJodHRwczpcL1wvZGhhcml0cmVlLmFzc2FtLmdvdi5pblwvIn0.awbUvt_gR1mnE61AHnSYi5n0YA-TlrqmYie5djXeOpA
20260126 USERID###dcprodip###JWT###eyJ0eXAiOiJKV1QiLCJhbGciOiJIUzI1NiJ9.eyJTdWIiOiJsb2dpbnRva2VuIiwiVXNlck5hbWUiOiJkY3Byb2RpcCIsIkRpc3RfY29kZSI6IjI4NyIsIkNpcl9jb2RlIjoiMTAwMDAwMDAwMDExMzYiLCJOYW1lIjoiUHJvZGlwIFRpbXVuZyIsIkRlc2lnbmF0aW9uIjoiREMiLCJVc2VyQ29kZSI6IkRDNiIsIlBhcmVudFVzZXJDb2RlIjpudWxsLCJQYXJlbnRVc2VyTmFtZSI6Ik5BIiwiVXNlclN0YXR1c1VwZGF0ZWQiOm51bGwsIkNsaWVudF9JUCI6IjE2NC4xMDAuMTQ5LjI1MiIsIlNlc3Nfb3V0IjoiaHR0cHM6XC9cL2RoYXJpdHJlZS5hc3NhbS5nb3YuaW5cLyJ9._UKXzKtkqXIakcEUjWsCvo5iVlrPb6bRyrhdGI09sbw
20260126 CHECK-QUERY###SELECT lg.user_code FROM loginuser_table lg
join lm_code u on u.lm_code=lg.user_code and lg.dist_code=u.dist_code and lg.subdiv_code=u.subdiv_code and lg.cir_code=u.cir_code and lg.mouza_pargona_code=u.mouza_pargona_code and lg.lot_no=u.lot_no where lg.use_name='Taijuddin' and lg.dis_enb_option='E' and lg.dist_code='32' and lg.subdiv_code='01' and lg.cir_code='01' and lg.mouza_pargona_code='04' and lg.lot_no='07' 
20260126 RESULT###["M6"]
20260126 BHUNAKSHA-USER##########eyJ0eXAiOiJKV1QiLCJhbGciOiJIUzI1NiJ9.eyJzdWIiOiJsb2dpbnRva2VuIiwiVXNlck5hbWUiOiJUYWlqdWRkaW4iLCJVc2VyIEdyb3VwIjoiTTYiLCJsZXZlbHMiOiIzMiwwMSIsIkNsaWVudCBJUCI6IjE0MS4xNDguMjA5LjIxMyIsImlhdCI6MTc2OTQyMzIzNSwiZXhwIjoxNzY5NDIzMzU1fQ.9bsIwWH7_0mgb1QLRANRCfPUZEZ2LhBIIkgRIG_UMxc
20260126 CHECK-QUERY###SELECT lg.user_code,u.lm_name as name FROM loginuser_table lg
    join lm_code u on u.lm_code=lg.user_code and lg.dist_code=u.dist_code and lg.subdiv_code=u.subdiv_code and lg.cir_code=u.cir_code and lg.mouza_pargona_code=u.mouza_pargona_code and lg.lot_no=u.lot_no where lg.use_name='Taijuddin' and lg.dis_enb_option='E' and lg.dist_code='32' and lg.subdiv_code='01' and lg.cir_code='01' and lg.mouza_pargona_code='04' and lg.lot_no='07' 
20260126 RESULT###["M6","Taijuddin Ahmed"]
20260126 BHUNAKSHA-USER##########eyJ0eXAiOiJKV1QiLCJhbGciOiJIUzI1NiJ9.eyJ1c2VyX2NvZGUiOiJMTTMyMDEwNTEwNSIsIm5hbWUiOiJUYWlqdWRkaW4gQWhtZWQiLCJ1c2VyX2Rlc2lnX2NvZGUiOiJMUkEiLCJ1c2VfbmFtZSI6IlRhaWp1ZGRpbiIsImRpc3RfY29kZSI6IjMyIiwic3ViZGl2X2NvZGUiOiIwMSIsImNpcl9jb2RlIjoiMDEiLCJtb3V6YV9wYXJnb25hX2NvZGUiOiIwNCIsImxvdF9ubyI6IjA3IiwibG9nZ2VkX2luIjp0cnVlLCJleHAiOjE3Njk0MjM1MzV9.5GTf56tS944T-Kxo3PiHeIdSIqUgWS6nl-vj3T2kURY
20260126 USERID###borgohaincom###JWT###eyJ0eXAiOiJKV1QiLCJhbGciOiJIUzI1NiJ9.eyJTdWIiOiJsb2dpbnRva2VuIiwiVXNlck5hbWUiOiJib3Jnb2hhaW5jb20iLCJEaXN0X2NvZGUiOiIyOTYiLCJDaXJfY29kZSI6IjEwMDAwMDAwMDE2Mzc0IiwiTmFtZSI6Ik1vbmlrYSBCb3Jnb2hhaW4iLCJEZXNpZ25hdGlvbiI6IkNPIiwiVXNlckNvZGUiOiJDTzMwIiwiUGFyZW50VXNlckNvZGUiOiJBREMxMyIsIlBhcmVudFVzZXJOYW1lIjoiTkEiLCJVc2VyU3RhdHVzVXBkYXRlZCI6bnVsbCwiQ2xpZW50X0lQIjoiMTQxLjE0OC4yMDkuMjEzIiwiU2Vzc19vdXQiOiJodHRwczpcL1wvZGhhcml0cmVlLmFzc2FtLmdvdi5pblwvIn0.sSNgGOQdtxbhOg-D4vCIU-OM9DtiJTf-uGctcNAG_U8
20260126 CHECK-QUERY###SELECT lg.user_code FROM loginuser_table lg
join lm_code u on u.lm_code=lg.user_code and lg.dist_code=u.dist_code and lg.subdiv_code=u.subdiv_code and lg.cir_code=u.cir_code and lg.mouza_pargona_code=u.mouza_pargona_code and lg.lot_no=u.lot_no where lg.use_name='Taijuddin' and lg.dis_enb_option='E' and lg.dist_code='32' and lg.subdiv_code='01' and lg.cir_code='01' and lg.mouza_pargona_code='04' and lg.lot_no='07' 
20260126 RESULT###["M6"]
20260126 BHUNAKSHA-USER##########eyJ0eXAiOiJKV1QiLCJhbGciOiJIUzI1NiJ9.eyJzdWIiOiJsb2dpbnRva2VuIiwiVXNlck5hbWUiOiJUYWlqdWRkaW4iLCJVc2VyIEdyb3VwIjoiTTYiLCJsZXZlbHMiOiIzMiwwMSIsIkNsaWVudCBJUCI6IjE0MS4xNDguMjA5LjIxMyIsImlhdCI6MTc2OTQyNTgxOCwiZXhwIjoxNzY5NDI1OTM4fQ.3JeadLSb9j1mlsNRqJtEo9tUZlb8RGVhjR-vgeiEj-8
20260126 CHECK-QUERY###SELECT lg.user_code,u.lm_name as name FROM loginuser_table lg
    join lm_code u on u.lm_code=lg.user_code and lg.dist_code=u.dist_code and lg.subdiv_code=u.subdiv_code and lg.cir_code=u.cir_code and lg.mouza_pargona_code=u.mouza_pargona_code and lg.lot_no=u.lot_no where lg.use_name='Taijuddin' and lg.dis_enb_option='E' and lg.dist_code='32' and lg.subdiv_code='01' and lg.cir_code='01' and lg.mouza_pargona_code='04' and lg.lot_no='07' 
20260126 RESULT###["M6","Taijuddin Ahmed"]
20260126 BHUNAKSHA-USER##########eyJ0eXAiOiJKV1QiLCJhbGciOiJIUzI1NiJ9.eyJ1c2VyX2NvZGUiOiJMTTMyMDEwNTEwNSIsIm5hbWUiOiJUYWlqdWRkaW4gQWhtZWQiLCJ1c2VyX2Rlc2lnX2NvZGUiOiJMUkEiLCJ1c2VfbmFtZSI6IlRhaWp1ZGRpbiIsImRpc3RfY29kZSI6IjMyIiwic3ViZGl2X2NvZGUiOiIwMSIsImNpcl9jb2RlIjoiMDEiLCJtb3V6YV9wYXJnb25hX2NvZGUiOiIwNCIsImxvdF9ubyI6IjA3IiwibG9nZ2VkX2luIjp0cnVlLCJleHAiOjE3Njk0MjYxMTh9.i3MDUkg-X6IrvTP_EpMN5Gn59CHq2tBYPRNNicfL2T8
20260126 USERID###codeka###JWT###eyJ0eXAiOiJKV1QiLCJhbGciOiJIUzI1NiJ9.eyJTdWIiOiJsb2dpbnRva2VuIiwiVXNlck5hbWUiOiJjb2Rla2EiLCJEaXN0X2NvZGUiOiIyODUiLCJDaXJfY29kZSI6IjEwMDAwMDAwMDAwNTUyIiwiTmFtZSI6Ilx1MDliOVx1MDlmMFx1MDljN1x1MDk5NVx1MDljM1x1MDliN1x1MDljZFx1MDlhMyBcdTA5YTFcdTA5YzdcdTA5OTVcdTA5YmUiLCJEZXNpZ25hdGlvbiI6IkNPIiwiVXNlckNvZGUiOiJDTzQ0IiwiUGFyZW50VXNlckNvZGUiOiJBREM4IiwiUGFyZW50VXNlck5hbWUiOiJOQSIsIlVzZXJTdGF0dXNVcGRhdGVkIjpudWxsLCJDbGllbnRfSVAiOiIxNzIuMTYuMjQuNDMiLCJTZXNzX291dCI6Imh0dHBzOlwvXC9kaGFyaXRyZWUuYXNzYW0uZ292LmluXC8ifQ.pWe9Fdftvv3SOyDjNEHXsKpOWnB9VQiLLT14r5T-IGE
20260126 USERID###anandadas@ilrms###JWT###eyJ0eXAiOiJKV1QiLCJhbGciOiJIUzI1NiJ9.eyJTdWIiOiJsb2dpbnRva2VuIiwiVXNlck5hbWUiOiJhbmFuZGFkYXNAaWxybXMiLCJEaXN0X2NvZGUiOiIzMDEiLCJDaXJfY29kZSI6IjEwMDAwMDAwMDA2NzIzIiwiTmFtZSI6ImFuYW5kYSBrdW1hciBkYXMiLCJEZXNpZ25hdGlvbiI6IkRDIiwiVXNlckNvZGUiOiJEQzExIiwiUGFyZW50VXNlckNvZGUiOm51bGwsIlBhcmVudFVzZXJOYW1lIjoiTkEiLCJVc2VyU3RhdHVzVXBkYXRlZCI6bnVsbCwiQ2xpZW50X0lQIjoiMTY0LjEwMC4xNDkuMjQ5IiwiU2Vzc19vdXQiOiJodHRwczpcL1wvZGhhcml0cmVlLmFzc2FtLmdvdi5pblwvIn0.1erSsmY4ZIBq4SIdKnyV1zvPdqtYAmYdeR8hHGoAQRo
20260126 USERID###cokritika###JWT###eyJ0eXAiOiJKV1QiLCJhbGciOiJIUzI1NiJ9.eyJTdWIiOiJsb2dpbnRva2VuIiwiVXNlck5hbWUiOiJjb2tyaXRpa2EiLCJEaXN0X2NvZGUiOiIzMDIiLCJDaXJfY29kZSI6IjEwMDAwMDAwMDEyNjI3IiwiTmFtZSI6Ilx1MDk5NVx1MDljM1x1MDlhNFx1MDliZlx1MDk5NVx1MDliZSBcdTA5YjZcdTA5ZjBcdTA5Y2RcdTA5YWVcdTA5YmUsIFx1MDk4Zi5cdTA5OGZcdTA5YjIuXHUwOTg2XHUwOWYwLlx1MDk4Zlx1MDk5YSIsIkRlc2lnbmF0aW9uIjoiQ08iLCJVc2VyQ29kZSI6IkNPNDIiLCJQYXJlbnRVc2VyQ29kZSI6IkFEQzExIiwiUGFyZW50VXNlck5hbWUiOiJOQSIsIlVzZXJTdGF0dXNVcGRhdGVkIjpudWxsLCJDbGllbnRfSVAiOiIxNzIuMTYuMjQuNDMiLCJTZXNzX291dCI6Imh0dHBzOlwvXC9kaGFyaXRyZWUuYXNzYW0uZ292LmluXC8ifQ.HH4zx7x-9BkNcJZq2lzSb5l6WvDcx_IJo1NUMuaBNZM
20260126 USERID###anandadas@ilrms###JWT###eyJ0eXAiOiJKV1QiLCJhbGciOiJIUzI1NiJ9.eyJTdWIiOiJsb2dpbnRva2VuIiwiVXNlck5hbWUiOiJhbmFuZGFkYXNAaWxybXMiLCJEaXN0X2NvZGUiOiIzMDEiLCJDaXJfY29kZSI6IjEwMDAwMDAwMDA2NzIzIiwiTmFtZSI6ImFuYW5kYSBrdW1hciBkYXMiLCJEZXNpZ25hdGlvbiI6IkRDIiwiVXNlckNvZGUiOiJEQzExIiwiUGFyZW50VXNlckNvZGUiOm51bGwsIlBhcmVudFVzZXJOYW1lIjoiTkEiLCJVc2VyU3RhdHVzVXBkYXRlZCI6bnVsbCwiQ2xpZW50X0lQIjoiMTY0LjEwMC4xNDkuMjQ5IiwiU2Vzc19vdXQiOiJodHRwczpcL1wvZGhhcml0cmVlLmFzc2FtLmdvdi5pblwvIn0.1erSsmY4ZIBq4SIdKnyV1zvPdqtYAmYdeR8hHGoAQRo
20260126 USERID###co-sribhumi###JWT###eyJ0eXAiOiJKV1QiLCJhbGciOiJIUzI1NiJ9.eyJTdWIiOiJsb2dpbnRva2VuIiwiVXNlck5hbWUiOiJjby1zcmliaHVtaSIsIkRpc3RfY29kZSI6IjI5MyIsIkNpcl9jb2RlIjoiMTAwMDAwMDAwMTQzOTkiLCJOYW1lIjoiSmFncml0aSBLYWx3YXIiLCJEZXNpZ25hdGlvbiI6IkNPIiwiVXNlckNvZGUiOiJDTzMzIiwiUGFyZW50VXNlckNvZGUiOiJBREM0IiwiUGFyZW50VXNlck5hbWUiOiJOQSIsIlVzZXJTdGF0dXNVcGRhdGVkIjpudWxsLCJDbGllbnRfSVAiOiIxNzIuMTYuMjQuNDMiLCJTZXNzX291dCI6Imh0dHBzOlwvXC9kaGFyaXRyZWUuYXNzYW0uZ292LmluXC8ifQ.K940oxB39bsb5lhMXT-QWH0wbuGooQUnx3RkY1tWeaw
20260126 USERID###Pritam24###JWT###eyJ0eXAiOiJKV1QiLCJhbGciOiJIUzI1NiJ9.eyJTdWIiOiJsb2dpbnRva2VuIiwiVXNlck5hbWUiOiJQcml0YW0yNCIsIkRpc3RfY29kZSI6IjI5MCIsIkNpcl9jb2RlIjoiMTAwMDAwMDAwMDk3NDciLCJOYW1lIjoiUHJpdGFtIEt1bWFyIERhcyxBQ1MiLCJEZXNpZ25hdGlvbiI6IkNPIiwiVXNlckNvZGUiOiJDTzMyIiwiUGFyZW50VXNlckNvZGUiOiJBREMyNyIsIlBhcmVudFVzZXJOYW1lIjoiTkEiLCJVc2VyU3RhdHVzVXBkYXRlZCI6bnVsbCwiQ2xpZW50X0lQIjoiMTcyLjE2LjI0LjQzIiwiU2Vzc19vdXQiOiJodHRwczpcL1wvZGhhcml0cmVlLmFzc2FtLmdvdi5pblwvIn0.-wTgGL5JoYYQKcEh0Q_VYJsMTNFdVmWb1oowuHcp_rk
20260126 CHECK-QUERY###SELECT lg.user_code FROM loginuser_table lg
join users u on u.user_code=lg.user_code and lg.dist_code=u.dist_code and lg.subdiv_code=u.subdiv_code and lg.cir_code=u.cir_code where lg.use_name='co-sribhumi' and lg.dis_enb_option='E' and lg.dist_code='21' and lg.subdiv_code='01' and lg.cir_code='01'
20260126 RESULT###["CO33"]
20260126 BHUNAKSHA-USER##########eyJ0eXAiOiJKV1QiLCJhbGciOiJIUzI1NiJ9.eyJzdWIiOiJsb2dpbnRva2VuIiwiVXNlck5hbWUiOiJjby1zcmliaHVtaSIsIlVzZXIgR3JvdXAiOiJDTzMzIiwibGV2ZWxzIjoiMjEsMDEiLCJDbGllbnQgSVAiOiIxNzIuMTYuMjQuNDMiLCJpYXQiOjE3Njk0MzAxNDgsImV4cCI6MTc2OTQzMDI2OH0.tXjq0_xQ6mYs8AFOAF_2PeqIqhVLYiFXgMkY_GHhDqA
20260126 CHECK-QUERY###SELECT lg.user_code,u.username as name FROM loginuser_table lg
    join users u on u.user_code=lg.user_code and lg.dist_code=u.dist_code and lg.subdiv_code=u.subdiv_code and lg.cir_code=u.cir_code where lg.use_name='co-sribhumi' and lg.dis_enb_option='E' and lg.dist_code='21' and lg.subdiv_code='01' and lg.cir_code='01' 
20260126 RESULT###["CO33","Jagriti Kalwar"]
20260126 BHUNAKSHA-USER##########eyJ0eXAiOiJKV1QiLCJhbGciOiJIUzI1NiJ9.eyJ1c2VyX2NvZGUiOiJjb3NyaWJodW1pIiwibmFtZSI6IkphZ3JpdGkgS2Fsd2FyIiwidXNlcl9kZXNpZ19jb2RlIjoiQ08iLCJ1c2VfbmFtZSI6ImNvLXNyaWJodW1pIiwiZGlzdF9jb2RlIjoiMjEiLCJzdWJkaXZfY29kZSI6IjAxIiwiY2lyX2NvZGUiOiIwMSIsIm1vdXphX3BhcmdvbmFfY29kZSI6IjAwIiwibG90X25vIjoiMDAiLCJsb2dnZWRfaW4iOnRydWUsImV4cCI6MTc2OTQzMDQ0OH0.IsaFmKAhqIgI4ZPYlOnXGaqu2Fb3yXpJWQWbgu18xiY
20260126 USERID###cojaideep###JWT###eyJ0eXAiOiJKV1QiLCJhbGciOiJIUzI1NiJ9.eyJTdWIiOiJsb2dpbnRva2VuIiwiVXNlck5hbWUiOiJjb2phaWRlZXAiLCJEaXN0X2NvZGUiOiIzMDIiLCJDaXJfY29kZSI6IjEwMDAwMDAwMDEyNjI3IiwiTmFtZSI6Ilx1MDliNlx1MDljZFx1MDlmMFx1MDljMCBcdTA5OWNcdTA5YWZcdTA5YmNcdTA5YTZcdTA5YzBcdTA5YWEgXHUwOWYwXHUwOTljXHUwOTk1IiwiRGVzaWduYXRpb24iOiJDTyIsIlVzZXJDb2RlIjoiQ080NCIsIlBhcmVudFVzZXJDb2RlIjoiQURDMTEiLCJQYXJlbnRVc2VyTmFtZSI6Ik5BIiwiVXNlclN0YXR1c1VwZGF0ZWQiOm51bGwsIkNsaWVudF9JUCI6IjE0MS4xNDguMjA5LjIxMyIsIlNlc3Nfb3V0IjoiaHR0cHM6XC9cL2RoYXJpdHJlZS5hc3NhbS5nb3YuaW5cLyJ9.OG-LD1-HgohAFArFJsnH4MRg0vjqyMjuD8e0vrTj6m8
20260126 USERID###cokritika###JWT###eyJ0eXAiOiJKV1QiLCJhbGciOiJIUzI1NiJ9.eyJTdWIiOiJsb2dpbnRva2VuIiwiVXNlck5hbWUiOiJjb2tyaXRpa2EiLCJEaXN0X2NvZGUiOiIzMDIiLCJDaXJfY29kZSI6IjEwMDAwMDAwMDEyNjI3IiwiTmFtZSI6Ilx1MDk5NVx1MDljM1x1MDlhNFx1MDliZlx1MDk5NVx1MDliZSBcdTA5YjZcdTA5ZjBcdTA5Y2RcdTA5YWVcdTA5YmUsIFx1MDk4Zi5cdTA5OGZcdTA5YjIuXHUwOTg2XHUwOWYwLlx1MDk4Zlx1MDk5YSIsIkRlc2lnbmF0aW9uIjoiQ08iLCJVc2VyQ29kZSI6IkNPNDIiLCJQYXJlbnRVc2VyQ29kZSI6IkFEQzExIiwiUGFyZW50VXNlck5hbWUiOiJOQSIsIlVzZXJTdGF0dXNVcGRhdGVkIjpudWxsLCJDbGllbnRfSVAiOiIxNzIuMTYuMjQuNDMiLCJTZXNzX291dCI6Imh0dHBzOlwvXC9kaGFyaXRyZWUuYXNzYW0uZ292LmluXC8ifQ.HH4zx7x-9BkNcJZq2lzSb5l6WvDcx_IJo1NUMuaBNZM
20260126 USERID###cokritika###JWT###eyJ0eXAiOiJKV1QiLCJhbGciOiJIUzI1NiJ9.eyJTdWIiOiJsb2dpbnRva2VuIiwiVXNlck5hbWUiOiJjb2tyaXRpa2EiLCJEaXN0X2NvZGUiOiIzMDIiLCJDaXJfY29kZSI6IjEwMDAwMDAwMDEyNjI3IiwiTmFtZSI6Ilx1MDk5NVx1MDljM1x1MDlhNFx1MDliZlx1MDk5NVx1MDliZSBcdTA5YjZcdTA5ZjBcdTA5Y2RcdTA5YWVcdTA5YmUsIFx1MDk4Zi5cdTA5OGZcdTA5YjIuXHUwOTg2XHUwOWYwLlx1MDk4Zlx1MDk5YSIsIkRlc2lnbmF0aW9uIjoiQ08iLCJVc2VyQ29kZSI6IkNPNDIiLCJQYXJlbnRVc2VyQ29kZSI6IkFEQzExIiwiUGFyZW50VXNlck5hbWUiOiJOQSIsIlVzZXJTdGF0dXNVcGRhdGVkIjpudWxsLCJDbGllbnRfSVAiOiIxNzIuMTYuMjQuNDMiLCJTZXNzX291dCI6Imh0dHBzOlwvXC9kaGFyaXRyZWUuYXNzYW0uZ292LmluXC8ifQ.HH4zx7x-9BkNcJZq2lzSb5l6WvDcx_IJo1NUMuaBNZM
20260126 USERID###shahco###JWT###eyJ0eXAiOiJKV1QiLCJhbGciOiJIUzI1NiJ9.eyJTdWIiOiJsb2dpbnRva2VuIiwiVXNlck5hbWUiOiJzaGFoY28iLCJEaXN0X2NvZGUiOiIyOTgiLCJDaXJfY29kZSI6IjEwMDAwMDAwMDAzNTY3IiwiTmFtZSI6IlNoYWhuYXdheiBJa2JhbCIsIkRlc2lnbmF0aW9uIjoiQ08iLCJVc2VyQ29kZSI6IkNPNDYiLCJQYXJlbnRVc2VyQ29kZSI6IkFEQzkiLCJQYXJlbnRVc2VyTmFtZSI6Ik5BIiwiVXNlclN0YXR1c1VwZGF0ZWQiOm51bGwsIkNsaWVudF9JUCI6IjE3Mi4xNi4yNC40MyIsIlNlc3Nfb3V0IjoiaHR0cHM6XC9cL2RoYXJpdHJlZS5hc3NhbS5nb3YuaW5cLyJ9.HrB2jdnN1Iz2lXl2zaGAkjBeuoS6v4SvXl4jNiPDd4U
20260126 USERID###cokritika###JWT###eyJ0eXAiOiJKV1QiLCJhbGciOiJIUzI1NiJ9.eyJTdWIiOiJsb2dpbnRva2VuIiwiVXNlck5hbWUiOiJjb2tyaXRpa2EiLCJEaXN0X2NvZGUiOiIzMDIiLCJDaXJfY29kZSI6IjEwMDAwMDAwMDEyNjI3IiwiTmFtZSI6Ilx1MDk5NVx1MDljM1x1MDlhNFx1MDliZlx1MDk5NVx1MDliZSBcdTA5YjZcdTA5ZjBcdTA5Y2RcdTA5YWVcdTA5YmUsIFx1MDk4Zi5cdTA5OGZcdTA5YjIuXHUwOTg2XHUwOWYwLlx1MDk4Zlx1MDk5YSIsIkRlc2lnbmF0aW9uIjoiQ08iLCJVc2VyQ29kZSI6IkNPNDIiLCJQYXJlbnRVc2VyQ29kZSI6IkFEQzExIiwiUGFyZW50VXNlck5hbWUiOiJOQSIsIlVzZXJTdGF0dXNVcGRhdGVkIjpudWxsLCJDbGllbnRfSVAiOiIxNDEuMTQ4LjIwOS4yMTMiLCJTZXNzX291dCI6Imh0dHBzOlwvXC9kaGFyaXRyZWUuYXNzYW0uZ292LmluXC8ifQ.iMgicAeIr_vgOhmg1OZ7LgFYwYRdSfIwriY70DiWwH8
20260126 USERID###cokritika###JWT###eyJ0eXAiOiJKV1QiLCJhbGciOiJIUzI1NiJ9.eyJTdWIiOiJsb2dpbnRva2VuIiwiVXNlck5hbWUiOiJjb2tyaXRpa2EiLCJEaXN0X2NvZGUiOiIzMDIiLCJDaXJfY29kZSI6IjEwMDAwMDAwMDEyNjI3IiwiTmFtZSI6Ilx1MDk5NVx1MDljM1x1MDlhNFx1MDliZlx1MDk5NVx1MDliZSBcdTA5YjZcdTA5ZjBcdTA5Y2RcdTA5YWVcdTA5YmUsIFx1MDk4Zi5cdTA5OGZcdTA5YjIuXHUwOTg2XHUwOWYwLlx1MDk4Zlx1MDk5YSIsIkRlc2lnbmF0aW9uIjoiQ08iLCJVc2VyQ29kZSI6IkNPNDIiLCJQYXJlbnRVc2VyQ29kZSI6IkFEQzExIiwiUGFyZW50VXNlck5hbWUiOiJOQSIsIlVzZXJTdGF0dXNVcGRhdGVkIjpudWxsLCJDbGllbnRfSVAiOiIxNDEuMTQ4LjIwOS4yMTMiLCJTZXNzX291dCI6Imh0dHBzOlwvXC9kaGFyaXRyZWUuYXNzYW0uZ292LmluXC8ifQ.iMgicAeIr_vgOhmg1OZ7LgFYwYRdSfIwriY70DiWwH8
20260126 CHECK-QUERY###SELECT lg.user_code,u.lm_name as name FROM loginuser_table lg
    join lm_code u on u.lm_code=lg.user_code and lg.dist_code=u.dist_code and lg.subdiv_code=u.subdiv_code and lg.cir_code=u.cir_code and lg.mouza_pargona_code=u.mouza_pargona_code and lg.lot_no=u.lot_no where lg.use_name='Ujjal5' and lg.dis_enb_option='E' and lg.dist_code='07' and lg.subdiv_code='01' and lg.cir_code='05' and lg.mouza_pargona_code='03' and lg.lot_no='05' 
20260126 RESULT###["M3","\u09b6\u09cd\u09f0\u09c0 \u0989\u099c\u09cd\u099c\u09b2 \u09ac\u09f0\u09be"]
20260126 BHUNAKSHA-USER##########eyJ0eXAiOiJKV1QiLCJhbGciOiJIUzI1NiJ9.eyJ1c2VyX2NvZGUiOiJMTTA3MDEwNTExMTMyIiwibmFtZSI6Ilx1MDliNlx1MDljZFx1MDlmMFx1MDljMCBcdTA5ODlcdTA5OWNcdTA5Y2RcdTA5OWNcdTA5YjIgXHUwOWFjXHUwOWYwXHUwOWJlIiwidXNlcl9kZXNpZ19jb2RlIjoiTFJBIiwidXNlX25hbWUiOiJVamphbDUiLCJkaXN0X2NvZGUiOiIwNyIsInN1YmRpdl9jb2RlIjoiMDEiLCJjaXJfY29kZSI6IjA1IiwibW91emFfcGFyZ29uYV9jb2RlIjoiMDMiLCJsb3Rfbm8iOiIwNSIsImxvZ2dlZF9pbiI6dHJ1ZSwiZXhwIjoxNzY5NDM5MDEzfQ.XguW4KzA6Zz180YMjO9n4WE1ZN3XeQ94ELe66V0Oe4A
20260126 CHECK-QUERY###SELECT lg.user_code FROM loginuser_table lg
join lm_code u on u.lm_code=lg.user_code and lg.dist_code=u.dist_code and lg.subdiv_code=u.subdiv_code and lg.cir_code=u.cir_code and lg.mouza_pargona_code=u.mouza_pargona_code and lg.lot_no=u.lot_no where lg.use_name='JAGANNATHDAS' and lg.dis_enb_option='E' and lg.dist_code='18' and lg.subdiv_code='03' and lg.cir_code='01' and lg.mouza_pargona_code='01' and lg.lot_no='02' 
20260126 RESULT###["M43"]
20260126 BHUNAKSHA-USER##########eyJ0eXAiOiJKV1QiLCJhbGciOiJIUzI1NiJ9.eyJzdWIiOiJsb2dpbnRva2VuIiwiVXNlck5hbWUiOiJKQUdBTk5BVEhEQVMiLCJVc2VyIEdyb3VwIjoiTTQzIiwibGV2ZWxzIjoiMTgsMDMiLCJDbGllbnQgSVAiOiIxNzIuMTYuMjQuNDMiLCJpYXQiOjE3Njk0MzkwNjMsImV4cCI6MTc2OTQzOTE4M30.r7ONkiXW5gKWtafABHiLeN91Yz3h4Bv0MgjyNQ3Tdj4
20260126 CHECK-QUERY###SELECT lg.user_code,u.lm_name as name FROM loginuser_table lg
    join lm_code u on u.lm_code=lg.user_code and lg.dist_code=u.dist_code and lg.subdiv_code=u.subdiv_code and lg.cir_code=u.cir_code and lg.mouza_pargona_code=u.mouza_pargona_code and lg.lot_no=u.lot_no where lg.use_name='JAGANNATHDAS' and lg.dis_enb_option='E' and lg.dist_code='18' and lg.subdiv_code='03' and lg.cir_code='01' and lg.mouza_pargona_code='01' and lg.lot_no='02' 
20260126 RESULT###["M43","\u099c\u0997\u09a8\u09cd\u09a8\u09be\u09a5 \u09a6\u09be\u09b8"]
20260126 BHUNAKSHA-USER##########eyJ0eXAiOiJKV1QiLCJhbGciOiJIUzI1NiJ9.eyJ1c2VyX2NvZGUiOiJqYWdhbmF0aGQyIiwibmFtZSI6Ilx1MDk5Y1x1MDk5N1x1MDlhOFx1MDljZFx1MDlhOFx1MDliZVx1MDlhNSBcdTA5YTZcdTA5YmVcdTA5YjgiLCJ1c2VyX2Rlc2lnX2NvZGUiOiJMUkEiLCJ1c2VfbmFtZSI6IkpBR0FOTkFUSERBUyIsImRpc3RfY29kZSI6IjE4Iiwic3ViZGl2X2NvZGUiOiIwMyIsImNpcl9jb2RlIjoiMDEiLCJtb3V6YV9wYXJnb25hX2NvZGUiOiIwMSIsImxvdF9ubyI6IjAyIiwibG9nZ2VkX2luIjp0cnVlLCJleHAiOjE3Njk0MzkzNjN9.biipGd5V8OLITQo-3v1hhYvgbDe242N5llAALNXxdtE
20260126 CHECK-QUERY###SELECT lg.user_code,u.lm_name as name FROM loginuser_table lg
    join lm_code u on u.lm_code=lg.user_code and lg.dist_code=u.dist_code and lg.subdiv_code=u.subdiv_code and lg.cir_code=u.cir_code and lg.mouza_pargona_code=u.mouza_pargona_code and lg.lot_no=u.lot_no where lg.use_name='Ujjal5' and lg.dis_enb_option='E' and lg.dist_code='07' and lg.subdiv_code='01' and lg.cir_code='05' and lg.mouza_pargona_code='03' and lg.lot_no='05' 
20260126 RESULT###["M3","\u09b6\u09cd\u09f0\u09c0 \u0989\u099c\u09cd\u099c\u09b2 \u09ac\u09f0\u09be"]
20260126 BHUNAKSHA-USER##########eyJ0eXAiOiJKV1QiLCJhbGciOiJIUzI1NiJ9.eyJ1c2VyX2NvZGUiOiJMTTA3MDEwNTExMTMyIiwibmFtZSI6Ilx1MDliNlx1MDljZFx1MDlmMFx1MDljMCBcdTA5ODlcdTA5OWNcdTA5Y2RcdTA5OWNcdTA5YjIgXHUwOWFjXHUwOWYwXHUwOWJlIiwidXNlcl9kZXNpZ19jb2RlIjoiTFJBIiwidXNlX25hbWUiOiJVamphbDUiLCJkaXN0X2NvZGUiOiIwNyIsInN1YmRpdl9jb2RlIjoiMDEiLCJjaXJfY29kZSI6IjA1IiwibW91emFfcGFyZ29uYV9jb2RlIjoiMDMiLCJsb3Rfbm8iOiIwNSIsImxvZ2dlZF9pbiI6dHJ1ZSwiZXhwIjoxNzY5NDM5OTI3fQ.vzN8I6OKcUxXu41JD-qbahe9IOQ-AqI8L14-vANIn_0
20260126 USERID###parthacomld###JWT###eyJ0eXAiOiJKV1QiLCJhbGciOiJIUzI1NiJ9.eyJTdWIiOiJsb2dpbnRva2VuIiwiVXNlck5hbWUiOiJwYXJ0aGFjb21sZCIsIkRpc3RfY29kZSI6IjI4MyIsIkNpcl9jb2RlIjoiMTAwMDAwMDAwMDUxMTEiLCJOYW1lIjoiUGFydGhhIFByYXRpbSBCYXJ1YWgiLCJEZXNpZ25hdGlvbiI6IkNPIiwiVXNlckNvZGUiOiJDTzM2IiwiUGFyZW50VXNlckNvZGUiOiJBREMxMiIsIlBhcmVudFVzZXJOYW1lIjoiTkEiLCJVc2VyU3RhdHVzVXBkYXRlZCI6bnVsbCwiQ2xpZW50X0lQIjoiMTcyLjE2LjI0LjQzIiwiU2Vzc19vdXQiOiJodHRwczpcL1wvZGhhcml0cmVlLmFzc2FtLmdvdi5pblwvIn0.y70MMySUE1uxtv6smX5-VJ8BTyfZ2iymi9ldwEKLmPM
20260126 USERID###consahariaddm###JWT###eyJ0eXAiOiJKV1QiLCJhbGciOiJIUzI1NiJ9.eyJTdWIiOiJsb2dpbnRva2VuIiwiVXNlck5hbWUiOiJjb25zYWhhcmlhZGRtIiwiRGlzdF9jb2RlIjoiMzAyIiwiQ2lyX2NvZGUiOiIxMDAwMDAwMDAxMjU4MSIsIk5hbWUiOiJcdTA5YThcdTA5ZjFcdTA5OWNcdTA5Y2RcdTA5YWZcdTA5Y2JcdTA5YTRcdTA5YmYgXHUwOTlhXHUwOWI5XHUwOWYwXHUwOWMwXHUwOWFmXHUwOWJjXHUwOWJlIiwiRGVzaWduYXRpb24iOiJDTyIsIlVzZXJDb2RlIjoiQ08zOSIsIlBhcmVudFVzZXJDb2RlIjoiQURDMTEiLCJQYXJlbnRVc2VyTmFtZSI6Ik5BIiwiVXNlclN0YXR1c1VwZGF0ZWQiOm51bGwsIkNsaWVudF9JUCI6IjE3Mi4xNi4yNC40MyIsIlNlc3Nfb3V0IjoiaHR0cHM6XC9cL2RoYXJpdHJlZS5hc3NhbS5nb3YuaW5cLyJ9.gsPaI3Lc_Y6_2hXiwzOT_nOvGlnaBUZ1Yv0UioCzZis
20260126 USERID###cokritika###JWT###eyJ0eXAiOiJKV1QiLCJhbGciOiJIUzI1NiJ9.eyJTdWIiOiJsb2dpbnRva2VuIiwiVXNlck5hbWUiOiJjb2tyaXRpa2EiLCJEaXN0X2NvZGUiOiIzMDIiLCJDaXJfY29kZSI6IjEwMDAwMDAwMDEyNjI3IiwiTmFtZSI6Ilx1MDk5NVx1MDljM1x1MDlhNFx1MDliZlx1MDk5NVx1MDliZSBcdTA5YjZcdTA5ZjBcdTA5Y2RcdTA5YWVcdTA5YmUsIFx1MDk4Zi5cdTA5OGZcdTA5YjIuXHUwOTg2XHUwOWYwLlx1MDk4Zlx1MDk5YSIsIkRlc2lnbmF0aW9uIjoiQ08iLCJVc2VyQ29kZSI6IkNPNDIiLCJQYXJlbnRVc2VyQ29kZSI6IkFEQzExIiwiUGFyZW50VXNlck5hbWUiOiJOQSIsIlVzZXJTdGF0dXNVcGRhdGVkIjpudWxsLCJDbGllbnRfSVAiOiIxNzIuMTYuMjQuNDMiLCJTZXNzX291dCI6Imh0dHBzOlwvXC9kaGFyaXRyZWUuYXNzYW0uZ292LmluXC8ifQ.HH4zx7x-9BkNcJZq2lzSb5l6WvDcx_IJo1NUMuaBNZM
20260126 USERID###cojaideep###JWT###eyJ0eXAiOiJKV1QiLCJhbGciOiJIUzI1NiJ9.eyJTdWIiOiJsb2dpbnRva2VuIiwiVXNlck5hbWUiOiJjb2phaWRlZXAiLCJEaXN0X2NvZGUiOiIzMDIiLCJDaXJfY29kZSI6IjEwMDAwMDAwMDEyNjI3IiwiTmFtZSI6Ilx1MDliNlx1MDljZFx1MDlmMFx1MDljMCBcdTA5OWNcdTA5YWZcdTA5YmNcdTA5YTZcdTA5YzBcdTA5YWEgXHUwOWYwXHUwOTljXHUwOTk1IiwiRGVzaWduYXRpb24iOiJDTyIsIlVzZXJDb2RlIjoiQ080NCIsIlBhcmVudFVzZXJDb2RlIjoiQURDMTEiLCJQYXJlbnRVc2VyTmFtZSI6Ik5BIiwiVXNlclN0YXR1c1VwZGF0ZWQiOm51bGwsIkNsaWVudF9JUCI6IjE3Mi4xNi4yNC40MyIsIlNlc3Nfb3V0IjoiaHR0cHM6XC9cL2RoYXJpdHJlZS5hc3NhbS5nb3YuaW5cLyJ9.0Ds5_ZYcDWmUB0cXKGeAlNZyk-wS3IsAgYCq8OBN0FM
20260126 USERID###coamguriab###JWT###eyJ0eXAiOiJKV1QiLCJhbGciOiJIUzI1NiJ9.eyJTdWIiOiJsb2dpbnRva2VuIiwiVXNlck5hbWUiOiJjb2FtZ3VyaWFiIiwiRGlzdF9jb2RlIjoiMzAwIiwiQ2lyX2NvZGUiOiIxMDAwMDAwMDAxMDYyNiIsIk5hbWUiOiJBUlVQIEJJUktBTUlZQSIsIkRlc2lnbmF0aW9uIjoiQ08iLCJVc2VyQ29kZSI6IkNPMzYiLCJQYXJlbnRVc2VyQ29kZSI6IkFEQzkiLCJQYXJlbnRVc2VyTmFtZSI6Ik5BIiwiVXNlclN0YXR1c1VwZGF0ZWQiOm51bGwsIkNsaWVudF9JUCI6IjE3Mi4xNi4yNC40MyIsIlNlc3Nfb3V0IjoiaHR0cHM6XC9cL2RoYXJpdHJlZS5hc3NhbS5nb3YuaW5cLyJ9.mDPameocovh0qssncEfVFjprbHqqxTSlujqngSnQgY8
20260126 USERID###hrishikesh123###JWT###eyJ0eXAiOiJKV1QiLCJhbGciOiJIUzI1NiJ9.eyJTdWIiOiJsb2dpbnRva2VuIiwiVXNlck5hbWUiOiJocmlzaGlrZXNoMTIzIiwiRGlzdF9jb2RlIjoiMjk3IiwiQ2lyX2NvZGUiOiIxMDAwMDAwMDAxNzIwMyIsIk5hbWUiOiJcdTA5YjlcdTA5YzNcdTA5YjdcdTA5YmZcdTA5OTVcdTA5YzdcdTA5YjYgXHUwOWFjXHUwOWYwXHUwOWMxXHUwOWYxXHUwOWJlIFx1MDk4ZiBcdTA5OWFcdTA5YmYgXHUwOThmXHUwOTliIiwiRGVzaWduYXRpb24iOiJDTyIsIlVzZXJDb2RlIjoiQ080MCIsIlBhcmVudFVzZXJDb2RlIjoiQURDMTMiLCJQYXJlbnRVc2VyTmFtZSI6Ik5BIiwiVXNlclN0YXR1c1VwZGF0ZWQiOm51bGwsIkNsaWVudF9JUCI6IjE3Mi4xNi4yNC40MyIsIlNlc3Nfb3V0IjoiaHR0cHM6XC9cL2RoYXJpdHJlZS5hc3NhbS5nb3YuaW5cLyJ9.UseEJ2k2qEoGrVE-7BjG2Cw2nhkhP7CmE_cs7a6QyOU
20260126 USERID###conao_biswajit###JWT###eyJ0eXAiOiJKV1QiLCJhbGciOiJIUzI1NiJ9.eyJTdWIiOiJsb2dpbnRva2VuIiwiVXNlck5hbWUiOiJjb25hb19iaXN3YWppdCIsIkRpc3RfY29kZSI6IjI5NSIsIkNpcl9jb2RlIjoiMTAwMDAwMDAwMDcwNjQiLCJOYW1lIjoiQmlzd2FqaXQgQm9yYWgiLCJEZXNpZ25hdGlvbiI6IkNPIiwiVXNlckNvZGUiOiJDTzI0IiwiUGFyZW50VXNlckNvZGUiOiJBREMxMSIsIlBhcmVudFVzZXJOYW1lIjoiTkEiLCJVc2VyU3RhdHVzVXBkYXRlZCI6bnVsbCwiQ2xpZW50X0lQIjoiMTcyLjE2LjI0LjQzIiwiU2Vzc19vdXQiOiJodHRwczpcL1wvZGhhcml0cmVlLmFzc2FtLmdvdi5pblwvIn0.a5D5F18jO7MiUpYklw2AykUK9wKPcQ_uRDcYZCBDcWE
20260126 USERID###conao_biswajit###JWT###eyJ0eXAiOiJKV1QiLCJhbGciOiJIUzI1NiJ9.eyJTdWIiOiJsb2dpbnRva2VuIiwiVXNlck5hbWUiOiJjb25hb19iaXN3YWppdCIsIkRpc3RfY29kZSI6IjI5NSIsIkNpcl9jb2RlIjoiMTAwMDAwMDAwMDcwNjQiLCJOYW1lIjoiQmlzd2FqaXQgQm9yYWgiLCJEZXNpZ25hdGlvbiI6IkNPIiwiVXNlckNvZGUiOiJDTzI0IiwiUGFyZW50VXNlckNvZGUiOiJBREMxMSIsIlBhcmVudFVzZXJOYW1lIjoiTkEiLCJVc2VyU3RhdHVzVXBkYXRlZCI6bnVsbCwiQ2xpZW50X0lQIjoiMTcyLjE2LjI0LjQzIiwiU2Vzc19vdXQiOiJodHRwczpcL1wvZGhhcml0cmVlLmFzc2FtLmdvdi5pblwvIn0.a5D5F18jO7MiUpYklw2AykUK9wKPcQ_uRDcYZCBDcWE
